<?xml version="1.0" encoding="UTF-8"?>
<coverage generated="1783098087130" clover="3.2.0">
  <project timestamp="1783098087130" name="All files">
    <metrics statements="362" coveredstatements="295" conditionals="347" coveredconditionals="199" methods="74" coveredmethods="63" elements="783" coveredelements="557" complexity="0" loc="362" ncloc="362" packages="3" files="19" classes="19"/>
    <package name="battlespace">
      <metrics statements="88" coveredstatements="54" conditionals="69" coveredconditionals="29" methods="10" coveredmethods="6"/>
      <file name="commanderIntent.js" path="/home/israel/weissman-cybersecurity/frontend/src/battlespace/commanderIntent.js">
        <metrics statements="88" coveredstatements="54" conditionals="69" coveredconditionals="29" methods="10" coveredmethods="6"/>
        <line num="6" count="2" type="stmt"/>
        <line num="7" count="2" type="stmt"/>
        <line num="8" count="6" type="cond" truecount="2" falsecount="0"/>
        <line num="9" count="6" type="stmt"/>
        <line num="11" count="2" type="cond" truecount="1" falsecount="1"/>
        <line num="12" count="3" type="cond" truecount="1" falsecount="1"/>
        <line num="13" count="3" type="cond" truecount="1" falsecount="1"/>
        <line num="14" count="3" type="cond" truecount="3" falsecount="1"/>
        <line num="15" count="3" type="stmt"/>
        <line num="16" count="3" type="stmt"/>
        <line num="18" count="2" type="stmt"/>
        <line num="22" count="1" type="cond" truecount="1" falsecount="1"/>
        <line num="23" count="1" type="cond" truecount="1" falsecount="2"/>
        <line num="24" count="1" type="stmt"/>
        <line num="29" count="1" type="stmt"/>
        <line num="30" count="1" type="stmt"/>
        <line num="31" count="1" type="cond" truecount="3" falsecount="1"/>
        <line num="33" count="1" type="stmt"/>
        <line num="34" count="1" type="stmt"/>
        <line num="35" count="1" type="stmt"/>
        <line num="36" count="1" type="stmt"/>
        <line num="37" count="1" type="cond" truecount="2" falsecount="2"/>
        <line num="38" count="1" type="stmt"/>
        <line num="39" count="1" type="stmt"/>
        <line num="41" count="1" type="cond" truecount="1" falsecount="1"/>
        <line num="42" count="0" type="stmt"/>
        <line num="43" count="0" type="stmt"/>
        <line num="44" count="0" type="stmt"/>
        <line num="45" count="0" type="stmt"/>
        <line num="49" count="1" type="stmt"/>
        <line num="50" count="3" type="stmt"/>
        <line num="51" count="3" type="cond" truecount="1" falsecount="1"/>
        <line num="52" count="3" type="stmt"/>
        <line num="53" count="3" type="cond" truecount="1" falsecount="1"/>
        <line num="54" count="3" type="stmt"/>
        <line num="55" count="4" type="cond" truecount="2" falsecount="0"/>
        <line num="56" count="2" type="stmt"/>
        <line num="57" count="2" type="stmt"/>
        <line num="62" count="1" type="cond" truecount="1" falsecount="1"/>
        <line num="64" count="1" type="stmt"/>
        <line num="65" count="1" type="stmt"/>
        <line num="66" count="1" type="stmt"/>
        <line num="67" count="3" type="cond" truecount="1" falsecount="1"/>
        <line num="71" count="1" type="stmt"/>
        <line num="72" count="1" type="stmt"/>
        <line num="73" count="1" type="stmt"/>
        <line num="74" count="3" type="stmt"/>
        <line num="75" count="3" type="stmt"/>
        <line num="76" count="3" type="cond" truecount="1" falsecount="1"/>
        <line num="77" count="3" type="cond" truecount="1" falsecount="1"/>
        <line num="78" count="4" type="cond" truecount="2" falsecount="0"/>
        <line num="79" count="2" type="stmt"/>
        <line num="80" count="2" type="cond" truecount="3" falsecount="1"/>
        <line num="81" count="2" type="stmt"/>
        <line num="82" count="2" type="stmt"/>
        <line num="83" count="2" type="stmt"/>
        <line num="88" count="1" type="stmt"/>
        <line num="89" count="1" type="stmt"/>
        <line num="93" count="0" type="stmt"/>
        <line num="94" count="0" type="stmt"/>
        <line num="95" count="0" type="stmt"/>
        <line num="96" count="0" type="cond" truecount="0" falsecount="3"/>
        <line num="97" count="0" type="stmt"/>
        <line num="98" count="0" type="cond" truecount="0" falsecount="2"/>
        <line num="99" count="0" type="stmt"/>
        <line num="100" count="0" type="cond" truecount="0" falsecount="2"/>
        <line num="101" count="0" type="stmt"/>
        <line num="102" count="0" type="stmt"/>
        <line num="103" count="0" type="stmt"/>
        <line num="104" count="0" type="cond" truecount="0" falsecount="2"/>
        <line num="105" count="0" type="stmt"/>
        <line num="106" count="0" type="stmt"/>
        <line num="110" count="0" type="stmt"/>
        <line num="114" count="0" type="cond" truecount="0" falsecount="2"/>
        <line num="115" count="0" type="stmt"/>
        <line num="122" count="0" type="stmt"/>
        <line num="123" count="0" type="stmt"/>
        <line num="124" count="0" type="stmt"/>
        <line num="125" count="0" type="stmt"/>
        <line num="127" count="0" type="stmt"/>
        <line num="128" count="0" type="stmt"/>
        <line num="130" count="0" type="cond" truecount="0" falsecount="2"/>
        <line num="131" count="0" type="cond" truecount="0" falsecount="2"/>
        <line num="132" count="0" type="cond" truecount="0" falsecount="2"/>
        <line num="133" count="0" type="stmt"/>
        <line num="134" count="0" type="cond" truecount="0" falsecount="5"/>
        <line num="135" count="0" type="stmt"/>
        <line num="139" count="0" type="stmt"/>
      </file>
    </package>
    <package name="hooks">
      <metrics statements="26" coveredstatements="24" conditionals="48" coveredconditionals="36" methods="8" coveredmethods="7"/>
      <file name="useFindingsWorkbench.js" path="/home/israel/weissman-cybersecurity/frontend/src/hooks/useFindingsWorkbench.js">
        <metrics statements="26" coveredstatements="24" conditionals="48" coveredconditionals="36" methods="8" coveredmethods="7"/>
        <line num="4" count="1" type="stmt"/>
        <line num="10" count="5" type="stmt"/>
        <line num="11" count="5" type="stmt"/>
        <line num="13" count="5" type="stmt"/>
        <line num="14" count="3" type="cond" truecount="1" falsecount="1"/>
        <line num="16" count="3" type="cond" truecount="2" falsecount="2"/>
        <line num="21" count="5" type="stmt"/>
        <line num="22" count="2" type="cond" truecount="18" falsecount="2"/>
        <line num="26" count="5" type="cond" truecount="2" falsecount="0"/>
        <line num="28" count="5" type="stmt"/>
        <line num="29" count="5" type="stmt"/>
        <line num="30" count="5" type="stmt"/>
        <line num="31" count="10" type="cond" truecount="1" falsecount="1"/>
        <line num="32" count="10" type="cond" truecount="4" falsecount="0"/>
        <line num="33" count="9" type="cond" truecount="2" falsecount="0"/>
        <line num="34" count="2" type="stmt"/>
        <line num="38" count="5" type="stmt"/>
        <line num="39" count="3" type="stmt"/>
        <line num="40" count="3" type="stmt"/>
        <line num="41" count="6" type="cond" truecount="1" falsecount="1"/>
        <line num="42" count="6" type="cond" truecount="1" falsecount="1"/>
        <line num="44" count="3" type="stmt"/>
        <line num="47" count="5" type="stmt"/>
        <line num="48" count="0" type="cond" truecount="0" falsecount="2"/>
        <line num="49" count="0" type="stmt"/>
        <line num="52" count="5" type="stmt"/>
      </file>
    </package>
    <package name="lib">
      <metrics statements="248" coveredstatements="217" conditionals="230" coveredconditionals="134" methods="56" coveredmethods="50"/>
      <file name="appNav.js" path="/home/israel/weissman-cybersecurity/frontend/src/lib/appNav.js">
        <metrics statements="51" coveredstatements="37" conditionals="56" coveredconditionals="38" methods="7" coveredmethods="5"/>
        <line num="10" count="3" type="stmt"/>
        <line num="20" count="3" type="stmt"/>
        <line num="27" count="3" type="stmt"/>
        <line num="145" count="3" type="stmt"/>
        <line num="162" count="3" type="stmt"/>
        <line num="165" count="0" type="cond" truecount="0" falsecount="2"/>
        <line num="166" count="0" type="stmt"/>
        <line num="175" count="19" type="cond" truecount="2" falsecount="0"/>
        <line num="176" count="19" type="cond" truecount="2" falsecount="0"/>
        <line num="177" count="19" type="cond" truecount="4" falsecount="0"/>
        <line num="178" count="15" type="cond" truecount="2" falsecount="0"/>
        <line num="183" count="2" type="cond" truecount="1" falsecount="1"/>
        <line num="184" count="2" type="stmt"/>
        <line num="185" count="2" type="stmt"/>
        <line num="186" count="6" type="cond" truecount="1" falsecount="1"/>
        <line num="187" count="6" type="cond" truecount="2" falsecount="0"/>
        <line num="188" count="2" type="stmt"/>
        <line num="192" count="0" type="stmt"/>
        <line num="193" count="0" type="stmt"/>
        <line num="194" count="0" type="cond" truecount="0" falsecount="4"/>
        <line num="195" count="0" type="stmt"/>
        <line num="196" count="0" type="cond" truecount="0" falsecount="2"/>
        <line num="197" count="0" type="stmt"/>
        <line num="204" count="0" type="stmt"/>
        <line num="214" count="1" type="stmt"/>
        <line num="215" count="1" type="stmt"/>
        <line num="217" count="1" type="cond" truecount="1" falsecount="1"/>
        <line num="218" count="0" type="cond" truecount="0" falsecount="2"/>
        <line num="219" count="0" type="stmt"/>
        <line num="222" count="1" type="stmt"/>
        <line num="223" count="1" type="stmt"/>
        <line num="224" count="1" type="cond" truecount="1" falsecount="1"/>
        <line num="226" count="1" type="cond" truecount="1" falsecount="1"/>
        <line num="230" count="0" type="stmt"/>
        <line num="231" count="0" type="stmt"/>
        <line num="232" count="1" type="cond" truecount="3" falsecount="1"/>
        <line num="233" count="1" type="stmt"/>
        <line num="234" count="1" type="stmt"/>
        <line num="236" count="0" type="stmt"/>
        <line num="239" count="1" type="stmt"/>
        <line num="244" count="1" type="stmt"/>
        <line num="245" count="1" type="stmt"/>
        <line num="246" count="4" type="stmt"/>
        <line num="247" count="4" type="cond" truecount="3" falsecount="2"/>
        <line num="248" count="4" type="stmt"/>
        <line num="250" count="1" type="stmt"/>
        <line num="255" count="16" type="cond" truecount="2" falsecount="0"/>
        <line num="256" count="15" type="cond" truecount="3" falsecount="0"/>
        <line num="257" count="16" type="cond" truecount="2" falsecount="0"/>
        <line num="258" count="13" type="cond" truecount="2" falsecount="0"/>
        <line num="259" count="16" type="cond" truecount="3" falsecount="0"/>
      </file>
      <file name="clientTarget.js" path="/home/israel/weissman-cybersecurity/frontend/src/lib/clientTarget.js">
        <metrics statements="20" coveredstatements="19" conditionals="22" coveredconditionals="15" methods="4" coveredmethods="4"/>
        <line num="3" count="3" type="cond" truecount="1" falsecount="1"/>
        <line num="4" count="3" type="stmt"/>
        <line num="5" count="3" type="stmt"/>
        <line num="6" count="3" type="cond" truecount="2" falsecount="0"/>
        <line num="7" count="1" type="stmt"/>
        <line num="8" count="2" type="cond" truecount="2" falsecount="0"/>
        <line num="9" count="1" type="stmt"/>
        <line num="10" count="1" type="stmt"/>
        <line num="11" count="1" type="cond" truecount="1" falsecount="1"/>
        <line num="13" count="0" type="stmt"/>
        <line num="16" count="3" type="cond" truecount="2" falsecount="0"/>
        <line num="17" count="3" type="cond" truecount="2" falsecount="0"/>
        <line num="18" count="2" type="cond" truecount="1" falsecount="1"/>
        <line num="22" count="2" type="stmt"/>
        <line num="26" count="1" type="cond" truecount="1" falsecount="1"/>
        <line num="27" count="1" type="cond" truecount="1" falsecount="1"/>
        <line num="28" count="1" type="cond" truecount="1" falsecount="1"/>
        <line num="29" count="1" type="cond" truecount="1" falsecount="1"/>
        <line num="35" count="1" type="stmt"/>
        <line num="47" count="1" type="stmt"/>
      </file>
      <file name="engineGroupDefs.js" path="/home/israel/weissman-cybersecurity/frontend/src/lib/engineGroupDefs.js">
        <metrics statements="2" coveredstatements="2" conditionals="0" coveredconditionals="0" methods="1" coveredmethods="1"/>
        <line num="3" count="8" type="stmt"/>
        <line num="20" count="112" type="stmt"/>
      </file>
      <file name="engineIntegrationReadiness.js" path="/home/israel/weissman-cybersecurity/frontend/src/lib/engineIntegrationReadiness.js">
        <metrics statements="46" coveredstatements="33" conditionals="70" coveredconditionals="17" methods="6" coveredmethods="5"/>
        <line num="5" count="2" type="stmt"/>
        <line num="6" count="2" type="stmt"/>
        <line num="7" count="2" type="stmt"/>
        <line num="8" count="2" type="stmt"/>
        <line num="9" count="2" type="stmt"/>
        <line num="10" count="2" type="stmt"/>
        <line num="11" count="2" type="stmt"/>
        <line num="12" count="2" type="stmt"/>
        <line num="13" count="2" type="stmt"/>
        <line num="14" count="2" type="stmt"/>
        <line num="16" count="2" type="stmt"/>
        <line num="55" count="2" type="cond" truecount="1" falsecount="1"/>
        <line num="56" count="2" type="cond" truecount="1" falsecount="1"/>
        <line num="57" count="2" type="cond" truecount="1" falsecount="1"/>
        <line num="58" count="2" type="cond" truecount="1" falsecount="1"/>
        <line num="59" count="2" type="cond" truecount="1" falsecount="1"/>
        <line num="60" count="2" type="cond" truecount="1" falsecount="1"/>
        <line num="61" count="2" type="cond" truecount="1" falsecount="1"/>
        <line num="62" count="2" type="cond" truecount="1" falsecount="1"/>
        <line num="63" count="2" type="cond" truecount="1" falsecount="1"/>
        <line num="64" count="2" type="cond" truecount="1" falsecount="1"/>
        <line num="65" count="2" type="cond" truecount="1" falsecount="1"/>
        <line num="66" count="2" type="cond" truecount="1" falsecount="1"/>
        <line num="67" count="2" type="stmt"/>
        <line num="70" count="2" type="stmt"/>
        <line num="85" count="2" type="cond" truecount="1" falsecount="1"/>
        <line num="86" count="2" type="cond" truecount="1" falsecount="11"/>
        <line num="88" count="0" type="cond" truecount="0" falsecount="2"/>
        <line num="90" count="0" type="stmt"/>
        <line num="92" count="0" type="cond" truecount="0" falsecount="2"/>
        <line num="94" count="0" type="cond" truecount="0" falsecount="6"/>
        <line num="96" count="0" type="cond" truecount="0" falsecount="2"/>
        <line num="98" count="0" type="cond" truecount="0" falsecount="2"/>
        <line num="100" count="0" type="cond" truecount="0" falsecount="4"/>
        <line num="102" count="0" type="cond" truecount="0" falsecount="2"/>
        <line num="104" count="0" type="cond" truecount="0" falsecount="2"/>
        <line num="106" count="2" type="stmt"/>
        <line num="108" count="0" type="cond" truecount="0" falsecount="2"/>
        <line num="109" count="0" type="cond" truecount="0" falsecount="2"/>
        <line num="112" count="0" type="stmt"/>
        <line num="118" count="2" type="stmt"/>
        <line num="119" count="2" type="cond" truecount="1" falsecount="1"/>
        <line num="120" count="0" type="stmt"/>
        <line num="122" count="2" type="stmt"/>
        <line num="129" count="2" type="stmt"/>
        <line num="130" count="2" type="stmt"/>
      </file>
      <file name="engineParamDefsExplicit.js" path="/home/israel/weissman-cybersecurity/frontend/src/lib/engineParamDefsExplicit.js">
        <metrics statements="1" coveredstatements="1" conditionals="0" coveredconditionals="0" methods="0" coveredmethods="0"/>
        <line num="5" count="7" type="stmt"/>
      </file>
      <file name="engineParamDefsGroups.js" path="/home/israel/weissman-cybersecurity/frontend/src/lib/engineParamDefsGroups.js">
        <metrics statements="1" coveredstatements="1" conditionals="0" coveredconditionals="0" methods="0" coveredmethods="0"/>
        <line num="1" count="7" type="stmt"/>
      </file>
      <file name="engineParamDefsLoader.js" path="/home/israel/weissman-cybersecurity/frontend/src/lib/engineParamDefsLoader.js">
        <metrics statements="10" coveredstatements="9" conditionals="6" coveredconditionals="4" methods="4" coveredmethods="3"/>
        <line num="6" count="7" type="stmt"/>
        <line num="9" count="7" type="stmt"/>
        <line num="12" count="2" type="cond" truecount="2" falsecount="0"/>
        <line num="13" count="1" type="cond" truecount="1" falsecount="1"/>
        <line num="14" count="1" type="stmt"/>
        <line num="18" count="1" type="cond" truecount="1" falsecount="1"/>
        <line num="19" count="1" type="stmt"/>
        <line num="22" count="1" type="stmt"/>
        <line num="26" count="0" type="stmt"/>
        <line num="30" count="1" type="stmt"/>
      </file>
      <file name="enginesRegistry.js" path="/home/israel/weissman-cybersecurity/frontend/src/lib/enginesRegistry.js">
        <metrics statements="6" coveredstatements="6" conditionals="2" coveredconditionals="1" methods="7" coveredmethods="7"/>
        <line num="18" count="6" type="stmt"/>
        <line num="4563" count="6" type="stmt"/>
        <line num="4564" count="3348" type="stmt"/>
        <line num="4569" count="1" type="cond" truecount="1" falsecount="1"/>
        <line num="4574" count="558" type="stmt"/>
        <line num="4578" count="3348" type="stmt"/>
      </file>
      <file name="enginesRegistryLoader.js" path="/home/israel/weissman-cybersecurity/frontend/src/lib/enginesRegistryLoader.js">
        <metrics statements="10" coveredstatements="9" conditionals="4" coveredconditionals="3" methods="4" coveredmethods="3"/>
        <line num="6" count="2" type="stmt"/>
        <line num="9" count="2" type="stmt"/>
        <line num="12" count="2" type="cond" truecount="2" falsecount="0"/>
        <line num="13" count="1" type="cond" truecount="1" falsecount="1"/>
        <line num="14" count="1" type="stmt"/>
        <line num="18" count="1" type="stmt"/>
        <line num="19" count="1" type="stmt"/>
        <line num="22" count="1" type="stmt"/>
        <line num="26" count="0" type="stmt"/>
        <line num="30" count="1" type="stmt"/>
      </file>
      <file name="exportFindingsCsv.js" path="/home/israel/weissman-cybersecurity/frontend/src/lib/exportFindingsCsv.js">
        <metrics statements="17" coveredstatements="16" conditionals="3" coveredconditionals="3" methods="8" coveredmethods="7"/>
        <line num="5" count="13" type="cond" truecount="2" falsecount="0"/>
        <line num="9" count="2" type="stmt"/>
        <line num="11" count="2" type="stmt"/>
        <line num="13" count="2" type="stmt"/>
        <line num="14" count="2" type="stmt"/>
        <line num="15" count="2" type="stmt"/>
        <line num="16" count="2" type="stmt"/>
        <line num="17" count="2" type="stmt"/>
        <line num="18" count="2" type="stmt"/>
        <line num="19" count="2" type="stmt"/>
        <line num="24" count="1" type="stmt"/>
        <line num="25" count="1" type="stmt"/>
        <line num="31" count="0" type="stmt"/>
        <line num="33" count="1" type="stmt"/>
        <line num="38" count="1" type="stmt"/>
        <line num="39" count="1" type="stmt"/>
        <line num="48" count="1" type="stmt"/>
      </file>
      <file name="pdfExport.js" path="/home/israel/weissman-cybersecurity/frontend/src/lib/pdfExport.js">
        <metrics statements="36" coveredstatements="36" conditionals="6" coveredconditionals="3" methods="4" coveredmethods="4"/>
        <line num="2" count="5" type="stmt"/>
        <line num="9" count="3" type="cond" truecount="1" falsecount="3"/>
        <line num="11" count="5" type="stmt"/>
        <line num="13" count="3" type="stmt"/>
        <line num="14" count="3" type="stmt"/>
        <line num="15" count="5" type="cond" truecount="2" falsecount="0"/>
        <line num="16" count="5" type="stmt"/>
        <line num="18" count="3" type="stmt"/>
        <line num="19" count="3" type="stmt"/>
        <line num="21" count="3" type="stmt"/>
        <line num="22" count="3" type="stmt"/>
        <line num="23" count="3" type="stmt"/>
        <line num="24" count="3" type="stmt"/>
        <line num="25" count="3" type="stmt"/>
        <line num="26" count="3" type="stmt"/>
        <line num="28" count="3" type="stmt"/>
        <line num="29" count="3" type="stmt"/>
        <line num="30" count="3" type="stmt"/>
        <line num="31" count="15" type="stmt"/>
        <line num="32" count="15" type="stmt"/>
        <line num="34" count="3" type="stmt"/>
        <line num="35" count="3" type="stmt"/>
        <line num="36" count="3" type="stmt"/>
        <line num="37" count="3" type="stmt"/>
        <line num="38" count="15" type="stmt"/>
        <line num="40" count="3" type="stmt"/>
        <line num="42" count="3" type="stmt"/>
        <line num="46" count="1" type="stmt"/>
        <line num="47" count="1" type="stmt"/>
        <line num="48" count="1" type="stmt"/>
        <line num="49" count="1" type="stmt"/>
        <line num="50" count="1" type="stmt"/>
        <line num="51" count="1" type="stmt"/>
        <line num="52" count="1" type="stmt"/>
        <line num="53" count="1" type="stmt"/>
        <line num="54" count="1" type="stmt"/>
      </file>
      <file name="realityKindMeta.js" path="/home/israel/weissman-cybersecurity/frontend/src/lib/realityKindMeta.js">
        <metrics statements="1" coveredstatements="1" conditionals="0" coveredconditionals="0" methods="0" coveredmethods="0"/>
        <line num="2" count="2" type="stmt"/>
      </file>
      <file name="routeEvidence.js" path="/home/israel/weissman-cybersecurity/frontend/src/lib/routeEvidence.js">
        <metrics statements="19" coveredstatements="19" conditionals="22" coveredconditionals="20" methods="5" coveredmethods="5"/>
        <line num="7" count="2" type="stmt"/>
        <line num="40" count="2" type="stmt"/>
        <line num="46" count="2" type="stmt"/>
        <line num="115" count="2" type="stmt"/>
        <line num="128" count="16" type="cond" truecount="2" falsecount="2"/>
        <line num="129" count="16" type="stmt"/>
        <line num="133" count="16" type="cond" truecount="2" falsecount="0"/>
        <line num="134" count="11" type="stmt"/>
        <line num="135" count="21" type="cond" truecount="2" falsecount="0"/>
        <line num="140" count="9" type="cond" truecount="2" falsecount="0"/>
        <line num="141" count="4" type="stmt"/>
        <line num="142" count="15" type="cond" truecount="4" falsecount="0"/>
        <line num="144" count="1" type="stmt"/>
        <line num="153" count="16" type="stmt"/>
        <line num="154" count="16" type="cond" truecount="2" falsecount="0"/>
        <line num="155" count="9" type="stmt"/>
        <line num="156" count="9" type="cond" truecount="2" falsecount="0"/>
        <line num="157" count="8" type="stmt"/>
        <line num="158" count="8" type="cond" truecount="4" falsecount="0"/>
      </file>
      <file name="sanitizeFinding.js" path="/home/israel/weissman-cybersecurity/frontend/src/lib/sanitizeFinding.js">
        <metrics statements="6" coveredstatements="6" conditionals="7" coveredconditionals="7" methods="1" coveredmethods="1"/>
        <line num="6" count="12" type="cond" truecount="2" falsecount="0"/>
        <line num="7" count="10" type="cond" truecount="2" falsecount="0"/>
        <line num="8" count="12" type="stmt"/>
        <line num="9" count="12" type="cond" truecount="2" falsecount="0"/>
        <line num="10" count="2" type="stmt"/>
        <line num="12" count="10" type="stmt"/>
      </file>
      <file name="stableGeoFromLabel.js" path="/home/israel/weissman-cybersecurity/frontend/src/lib/stableGeoFromLabel.js">
        <metrics statements="12" coveredstatements="12" conditionals="24" coveredconditionals="18" methods="1" coveredmethods="1"/>
        <line num="5" count="5" type="cond" truecount="1" falsecount="1"/>
        <line num="6" count="5" type="cond" truecount="3" falsecount="1"/>
        <line num="7" count="5" type="cond" truecount="3" falsecount="1"/>
        <line num="8" count="5" type="cond" truecount="3" falsecount="1"/>
        <line num="9" count="5" type="cond" truecount="3" falsecount="1"/>
        <line num="10" count="5" type="cond" truecount="4" falsecount="0"/>
        <line num="11" count="4" type="stmt"/>
        <line num="12" count="4" type="cond" truecount="1" falsecount="1"/>
        <line num="13" count="8" type="stmt"/>
        <line num="14" count="4" type="stmt"/>
        <line num="15" count="4" type="stmt"/>
        <line num="16" count="4" type="stmt"/>
      </file>
      <file name="strategicEngineProgram.js" path="/home/israel/weissman-cybersecurity/frontend/src/lib/strategicEngineProgram.js">
        <metrics statements="2" coveredstatements="2" conditionals="0" coveredconditionals="0" methods="2" coveredmethods="2"/>
        <line num="1" count="2" type="stmt"/>
        <line num="101" count="24" type="stmt"/>
      </file>
      <file name="topTierEngineProfiles.js" path="/home/israel/weissman-cybersecurity/frontend/src/lib/topTierEngineProfiles.js">
        <metrics statements="8" coveredstatements="8" conditionals="8" coveredconditionals="5" methods="2" coveredmethods="2"/>
        <line num="3" count="2" type="stmt"/>
        <line num="36" count="2" type="stmt"/>
        <line num="42" count="2" type="stmt"/>
        <line num="371" count="1" type="cond" truecount="1" falsecount="1"/>
        <line num="372" count="1" type="cond" truecount="1" falsecount="1"/>
        <line num="373" count="1" type="cond" truecount="3" falsecount="1"/>
        <line num="374" count="1" type="stmt"/>
        <line num="385" count="2" type="stmt"/>
      </file>
    </package>
  </project>
</coverage>
