{"/home/israel/weissman-cybersecurity/frontend/src/battlespace/commanderIntent.js": {"path":"/home/israel/weissman-cybersecurity/frontend/src/battlespace/commanderIntent.js","statementMap":{"0":{"start":{"line":6,"column":14},"end":{"line":6,"column":null}},"1":{"start":{"line":7,"column":14},"end":{"line":10,"column":null}},"2":{"start":{"line":8,"column":4},"end":{"line":8,"column":null}},"3":{"start":{"line":8,"column":21},"end":{"line":8,"column":null}},"4":{"start":{"line":9,"column":4},"end":{"line":9,"column":null}},"5":{"start":{"line":11,"column":2},"end":{"line":17,"column":null}},"6":{"start":{"line":12,"column":14},"end":{"line":12,"column":null}},"7":{"start":{"line":13,"column":14},"end":{"line":13,"column":null}},"8":{"start":{"line":14,"column":4},"end":{"line":14,"column":null}},"9":{"start":{"line":14,"column":18},"end":{"line":14,"column":null}},"10":{"start":{"line":15,"column":4},"end":{"line":15,"column":null}},"11":{"start":{"line":16,"column":4},"end":{"line":16,"column":null}},"12":{"start":{"line":18,"column":2},"end":{"line":18,"column":null}},"13":{"start":{"line":22,"column":2},"end":{"line":24,"column":null}},"14":{"start":{"line":23,"column":19},"end":{"line":23,"column":106}},"15":{"start":{"line":24,"column":16},"end":{"line":24,"column":28}},"16":{"start":{"line":29,"column":17},"end":{"line":29,"column":null}},"17":{"start":{"line":30,"column":19},"end":{"line":30,"column":null}},"18":{"start":{"line":31,"column":2},"end":{"line":31,"column":null}},"19":{"start":{"line":31,"column":28},"end":{"line":31,"column":null}},"20":{"start":{"line":33,"column":15},"end":{"line":33,"column":null}},"21":{"start":{"line":34,"column":16},"end":{"line":34,"column":null}},"22":{"start":{"line":35,"column":2},"end":{"line":40,"column":null}},"23":{"start":{"line":36,"column":15},"end":{"line":36,"column":null}},"24":{"start":{"line":37,"column":4},"end":{"line":37,"column":null}},"25":{"start":{"line":37,"column":39},"end":{"line":37,"column":null}},"26":{"start":{"line":38,"column":4},"end":{"line":38,"column":null}},"27":{"start":{"line":39,"column":4},"end":{"line":39,"column":null}},"28":{"start":{"line":41,"column":2},"end":{"line":47,"column":null}},"29":{"start":{"line":42,"column":4},"end":{"line":46,"column":null}},"30":{"start":{"line":43,"column":6},"end":{"line":43,"column":null}},"31":{"start":{"line":44,"column":6},"end":{"line":44,"column":null}},"32":{"start":{"line":45,"column":6},"end":{"line":45,"column":null}},"33":{"start":{"line":49,"column":2},"end":{"line":60,"column":null}},"34":{"start":{"line":50,"column":16},"end":{"line":50,"column":null}},"35":{"start":{"line":51,"column":14},"end":{"line":51,"column":null}},"36":{"start":{"line":52,"column":22},"end":{"line":52,"column":null}},"37":{"start":{"line":53,"column":4},"end":{"line":53,"column":null}},"38":{"start":{"line":53,"column":20},"end":{"line":53,"column":null}},"39":{"start":{"line":54,"column":4},"end":{"line":59,"column":null}},"40":{"start":{"line":55,"column":6},"end":{"line":58,"column":null}},"41":{"start":{"line":56,"column":8},"end":{"line":56,"column":null}},"42":{"start":{"line":57,"column":8},"end":{"line":57,"column":null}},"43":{"start":{"line":62,"column":2},"end":{"line":62,"column":null}},"44":{"start":{"line":62,"column":25},"end":{"line":62,"column":null}},"45":{"start":{"line":62,"column":57},"end":{"line":62,"column":69}},"46":{"start":{"line":64,"column":21},"end":{"line":64,"column":null}},"47":{"start":{"line":65,"column":2},"end":{"line":65,"column":null}},"48":{"start":{"line":66,"column":2},"end":{"line":68,"column":null}},"49":{"start":{"line":67,"column":4},"end":{"line":67,"column":null}},"50":{"start":{"line":67,"column":25},"end":{"line":67,"column":null}},"51":{"start":{"line":71,"column":16},"end":{"line":71,"column":null}},"52":{"start":{"line":72,"column":18},"end":{"line":72,"column":null}},"53":{"start":{"line":73,"column":2},"end":{"line":86,"column":null}},"54":{"start":{"line":74,"column":16},"end":{"line":74,"column":null}},"55":{"start":{"line":75,"column":17},"end":{"line":75,"column":null}},"56":{"start":{"line":76,"column":4},"end":{"line":76,"column":null}},"57":{"start":{"line":76,"column":22},"end":{"line":76,"column":null}},"58":{"start":{"line":77,"column":4},"end":{"line":85,"column":null}},"59":{"start":{"line":78,"column":6},"end":{"line":78,"column":null}},"60":{"start":{"line":78,"column":27},"end":{"line":78,"column":null}},"61":{"start":{"line":79,"column":18},"end":{"line":79,"column":null}},"62":{"start":{"line":80,"column":6},"end":{"line":84,"column":null}},"63":{"start":{"line":81,"column":8},"end":{"line":81,"column":null}},"64":{"start":{"line":82,"column":8},"end":{"line":82,"column":null}},"65":{"start":{"line":83,"column":8},"end":{"line":83,"column":null}},"66":{"start":{"line":88,"column":2},"end":{"line":88,"column":null}},"67":{"start":{"line":88,"column":25},"end":{"line":88,"column":null}},"68":{"start":{"line":89,"column":2},"end":{"line":89,"column":null}},"69":{"start":{"line":93,"column":13},"end":{"line":93,"column":null}},"70":{"start":{"line":94,"column":19},"end":{"line":94,"column":null}},"71":{"start":{"line":95,"column":18},"end":{"line":95,"column":null}},"72":{"start":{"line":96,"column":16},"end":{"line":96,"column":null}},"73":{"start":{"line":97,"column":2},"end":{"line":109,"column":null}},"74":{"start":{"line":98,"column":18},"end":{"line":98,"column":null}},"75":{"start":{"line":99,"column":19},"end":{"line":99,"column":null}},"76":{"start":{"line":99,"column":37},"end":{"line":99,"column":61}},"77":{"start":{"line":100,"column":4},"end":{"line":100,"column":null}},"78":{"start":{"line":100,"column":17},"end":{"line":100,"column":null}},"79":{"start":{"line":101,"column":4},"end":{"line":108,"column":null}},"80":{"start":{"line":101,"column":17},"end":{"line":101,"column":18}},"81":{"start":{"line":102,"column":19},"end":{"line":102,"column":null}},"82":{"start":{"line":103,"column":6},"end":{"line":103,"column":null}},"83":{"start":{"line":104,"column":6},"end":{"line":107,"column":null}},"84":{"start":{"line":105,"column":21},"end":{"line":105,"column":null}},"85":{"start":{"line":106,"column":8},"end":{"line":106,"column":null}},"86":{"start":{"line":110,"column":2},"end":{"line":110,"column":null}},"87":{"start":{"line":114,"column":2},"end":{"line":120,"column":null}},"88":{"start":{"line":115,"column":4},"end":{"line":119,"column":null}},"89":{"start":{"line":122,"column":14},"end":{"line":122,"column":null}},"90":{"start":{"line":123,"column":20},"end":{"line":123,"column":null}},"91":{"start":{"line":124,"column":57},"end":{"line":124,"column":null}},"92":{"start":{"line":125,"column":19},"end":{"line":125,"column":null}},"93":{"start":{"line":127,"column":24},"end":{"line":127,"column":null}},"94":{"start":{"line":128,"column":24},"end":{"line":128,"column":null}},"95":{"start":{"line":130,"column":2},"end":{"line":137,"column":null}},"96":{"start":{"line":131,"column":14},"end":{"line":131,"column":null}},"97":{"start":{"line":132,"column":14},"end":{"line":132,"column":null}},"98":{"start":{"line":133,"column":16},"end":{"line":133,"column":null}},"99":{"start":{"line":134,"column":4},"end":{"line":136,"column":null}},"100":{"start":{"line":135,"column":6},"end":{"line":135,"column":null}},"101":{"start":{"line":139,"column":2},"end":{"line":139,"column":null}}},"fnMap":{"0":{"name":"buildAdjacency","decl":{"start":{"line":5,"column":16},"end":{"line":5,"column":30}},"loc":{"start":{"line":5,"column":38},"end":{"line":19,"column":null}},"line":5},"1":{"name":"(anonymous_1)","decl":{"start":{"line":7,"column":14},"end":{"line":7,"column":15}},"loc":{"start":{"line":7,"column":24},"end":{"line":10,"column":null}},"line":7},"2":{"name":"findPerimeterNodes","decl":{"start":{"line":21,"column":16},"end":{"line":21,"column":34}},"loc":{"start":{"line":21,"column":42},"end":{"line":25,"column":null}},"line":21},"3":{"name":"(anonymous_3)","decl":{"start":{"line":23,"column":12},"end":{"line":23,"column":13}},"loc":{"start":{"line":23,"column":19},"end":{"line":23,"column":106}},"line":23},"4":{"name":"(anonymous_4)","decl":{"start":{"line":24,"column":9},"end":{"line":24,"column":10}},"loc":{"start":{"line":24,"column":16},"end":{"line":24,"column":28}},"line":24},"5":{"name":"nodesReachableToTarget","decl":{"start":{"line":28,"column":16},"end":{"line":28,"column":38}},"loc":{"start":{"line":28,"column":61},"end":{"line":90,"column":null}},"line":28},"6":{"name":"(anonymous_6)","decl":{"start":{"line":62,"column":50},"end":{"line":62,"column":51}},"loc":{"start":{"line":62,"column":57},"end":{"line":62,"column":69}},"line":62},"7":{"name":"pathsThroughNode","decl":{"start":{"line":92,"column":16},"end":{"line":92,"column":32}},"loc":{"start":{"line":92,"column":54},"end":{"line":111,"column":null}},"line":92},"8":{"name":"(anonymous_8)","decl":{"start":{"line":99,"column":30},"end":{"line":99,"column":31}},"loc":{"start":{"line":99,"column":37},"end":{"line":99,"column":61}},"line":99},"9":{"name":"computeIntentMask","decl":{"start":{"line":113,"column":16},"end":{"line":113,"column":33}},"loc":{"start":{"line":113,"column":70},"end":{"line":140,"column":null}},"line":113}},"branchMap":{"0":{"loc":{"start":{"line":8,"column":4},"end":{"line":8,"column":null}},"type":"if","locations":[{"start":{"line":8,"column":4},"end":{"line":8,"column":null}},{"start":{},"end":{}}],"line":8},"1":{"loc":{"start":{"line":11,"column":18},"end":{"line":11,"column":29}},"type":"binary-expr","locations":[{"start":{"line":11,"column":18},"end":{"line":11,"column":23}},{"start":{"line":11,"column":27},"end":{"line":11,"column":29}}],"line":11},"2":{"loc":{"start":{"line":12,"column":21},"end":{"line":12,"column":39}},"type":"binary-expr","locations":[{"start":{"line":12,"column":21},"end":{"line":12,"column":29}},{"start":{"line":12,"column":33},"end":{"line":12,"column":39}}],"line":12},"3":{"loc":{"start":{"line":13,"column":21},"end":{"line":13,"column":37}},"type":"binary-expr","locations":[{"start":{"line":13,"column":21},"end":{"line":13,"column":29}},{"start":{"line":13,"column":33},"end":{"line":13,"column":37}}],"line":13},"4":{"loc":{"start":{"line":14,"column":4},"end":{"line":14,"column":null}},"type":"if","locations":[{"start":{"line":14,"column":4},"end":{"line":14,"column":null}},{"start":{},"end":{}}],"line":14},"5":{"loc":{"start":{"line":14,"column":8},"end":{"line":14,"column":16}},"type":"binary-expr","locations":[{"start":{"line":14,"column":8},"end":{"line":14,"column":10}},{"start":{"line":14,"column":14},"end":{"line":14,"column":16}}],"line":14},"6":{"loc":{"start":{"line":22,"column":10},"end":{"line":22,"column":21}},"type":"binary-expr","locations":[{"start":{"line":22,"column":10},"end":{"line":22,"column":15}},{"start":{"line":22,"column":19},"end":{"line":22,"column":21}}],"line":22},"7":{"loc":{"start":{"line":23,"column":19},"end":{"line":23,"column":106}},"type":"binary-expr","locations":[{"start":{"line":23,"column":19},"end":{"line":23,"column":37}},{"start":{"line":23,"column":41},"end":{"line":23,"column":75}},{"start":{"line":23,"column":79},"end":{"line":23,"column":106}}],"line":23},"8":{"loc":{"start":{"line":31,"column":2},"end":{"line":31,"column":null}},"type":"if","locations":[{"start":{"line":31,"column":2},"end":{"line":31,"column":null}},{"start":{},"end":{}}],"line":31},"9":{"loc":{"start":{"line":31,"column":6},"end":{"line":31,"column":26}},"type":"binary-expr","locations":[{"start":{"line":31,"column":6},"end":{"line":31,"column":15}},{"start":{"line":31,"column":19},"end":{"line":31,"column":26}}],"line":31},"10":{"loc":{"start":{"line":37,"column":4},"end":{"line":37,"column":null}},"type":"if","locations":[{"start":{"line":37,"column":4},"end":{"line":37,"column":null}},{"start":{},"end":{}}],"line":37},"11":{"loc":{"start":{"line":37,"column":8},"end":{"line":37,"column":37}},"type":"binary-expr","locations":[{"start":{"line":37,"column":8},"end":{"line":37,"column":20}},{"start":{"line":37,"column":24},"end":{"line":37,"column":37}}],"line":37},"12":{"loc":{"start":{"line":41,"column":2},"end":{"line":47,"column":null}},"type":"if","locations":[{"start":{"line":41,"column":2},"end":{"line":47,"column":null}},{"start":{},"end":{}}],"line":41},"13":{"loc":{"start":{"line":51,"column":14},"end":{"line":51,"column":null}},"type":"binary-expr","locations":[{"start":{"line":51,"column":14},"end":{"line":51,"column":27}},{"start":{"line":51,"column":31},"end":{"line":51,"column":null}}],"line":51},"14":{"loc":{"start":{"line":53,"column":4},"end":{"line":53,"column":null}},"type":"if","locations":[{"start":{"line":53,"column":4},"end":{"line":53,"column":null}},{"start":{},"end":{}}],"line":53},"15":{"loc":{"start":{"line":55,"column":6},"end":{"line":58,"column":null}},"type":"if","locations":[{"start":{"line":55,"column":6},"end":{"line":58,"column":null}},{"start":{},"end":{}}],"line":55},"16":{"loc":{"start":{"line":62,"column":2},"end":{"line":62,"column":null}},"type":"if","locations":[{"start":{"line":62,"column":2},"end":{"line":62,"column":null}},{"start":{},"end":{}}],"line":62},"17":{"loc":{"start":{"line":67,"column":4},"end":{"line":67,"column":null}},"type":"if","locations":[{"start":{"line":67,"column":4},"end":{"line":67,"column":null}},{"start":{},"end":{}}],"line":67},"18":{"loc":{"start":{"line":76,"column":4},"end":{"line":76,"column":null}},"type":"if","locations":[{"start":{"line":76,"column":4},"end":{"line":76,"column":null}},{"start":{},"end":{}}],"line":76},"19":{"loc":{"start":{"line":77,"column":21},"end":{"line":77,"column":39}},"type":"binary-expr","locations":[{"start":{"line":77,"column":21},"end":{"line":77,"column":33}},{"start":{"line":77,"column":37},"end":{"line":77,"column":39}}],"line":77},"20":{"loc":{"start":{"line":78,"column":6},"end":{"line":78,"column":null}},"type":"if","locations":[{"start":{"line":78,"column":6},"end":{"line":78,"column":null}},{"start":{},"end":{}}],"line":78},"21":{"loc":{"start":{"line":80,"column":6},"end":{"line":84,"column":null}},"type":"if","locations":[{"start":{"line":80,"column":6},"end":{"line":84,"column":null}},{"start":{},"end":{}}],"line":80},"22":{"loc":{"start":{"line":80,"column":10},"end":{"line":80,"column":35}},"type":"binary-expr","locations":[{"start":{"line":80,"column":10},"end":{"line":80,"column":21}},{"start":{"line":80,"column":25},"end":{"line":80,"column":35}}],"line":80},"23":{"loc":{"start":{"line":96,"column":16},"end":{"line":96,"column":null}},"type":"binary-expr","locations":[{"start":{"line":96,"column":16},"end":{"line":96,"column":34}},{"start":{"line":96,"column":38},"end":{"line":96,"column":49}},{"start":{"line":96,"column":53},"end":{"line":96,"column":null}}],"line":96},"24":{"loc":{"start":{"line":98,"column":18},"end":{"line":98,"column":null}},"type":"binary-expr","locations":[{"start":{"line":98,"column":18},"end":{"line":98,"column":25}},{"start":{"line":98,"column":29},"end":{"line":98,"column":null}}],"line":98},"25":{"loc":{"start":{"line":100,"column":4},"end":{"line":100,"column":null}},"type":"if","locations":[{"start":{"line":100,"column":4},"end":{"line":100,"column":null}},{"start":{},"end":{}}],"line":100},"26":{"loc":{"start":{"line":104,"column":6},"end":{"line":107,"column":null}},"type":"if","locations":[{"start":{"line":104,"column":6},"end":{"line":107,"column":null}},{"start":{},"end":{}}],"line":104},"27":{"loc":{"start":{"line":114,"column":2},"end":{"line":120,"column":null}},"type":"if","locations":[{"start":{"line":114,"column":2},"end":{"line":120,"column":null}},{"start":{},"end":{}}],"line":114},"28":{"loc":{"start":{"line":130,"column":18},"end":{"line":130,"column":29}},"type":"binary-expr","locations":[{"start":{"line":130,"column":18},"end":{"line":130,"column":23}},{"start":{"line":130,"column":27},"end":{"line":130,"column":29}}],"line":130},"29":{"loc":{"start":{"line":131,"column":21},"end":{"line":131,"column":39}},"type":"binary-expr","locations":[{"start":{"line":131,"column":21},"end":{"line":131,"column":29}},{"start":{"line":131,"column":33},"end":{"line":131,"column":39}}],"line":131},"30":{"loc":{"start":{"line":132,"column":21},"end":{"line":132,"column":37}},"type":"binary-expr","locations":[{"start":{"line":132,"column":21},"end":{"line":132,"column":29}},{"start":{"line":132,"column":33},"end":{"line":132,"column":37}}],"line":132},"31":{"loc":{"start":{"line":134,"column":4},"end":{"line":136,"column":null}},"type":"if","locations":[{"start":{"line":134,"column":4},"end":{"line":136,"column":null}},{"start":{},"end":{}}],"line":134},"32":{"loc":{"start":{"line":134,"column":8},"end":{"line":134,"column":79}},"type":"binary-expr","locations":[{"start":{"line":134,"column":8},"end":{"line":134,"column":29}},{"start":{"line":134,"column":34},"end":{"line":134,"column":54}},{"start":{"line":134,"column":58},"end":{"line":134,"column":78}}],"line":134}},"s":{"0":2,"1":2,"2":6,"3":5,"4":6,"5":2,"6":3,"7":3,"8":3,"9":0,"10":3,"11":3,"12":2,"13":1,"14":1,"15":1,"16":1,"17":1,"18":1,"19":0,"20":1,"21":1,"22":1,"23":1,"24":1,"25":0,"26":1,"27":1,"28":1,"29":0,"30":0,"31":0,"32":0,"33":1,"34":3,"35":3,"36":3,"37":3,"38":0,"39":3,"40":4,"41":2,"42":2,"43":1,"44":0,"45":0,"46":1,"47":1,"48":1,"49":3,"50":3,"51":1,"52":1,"53":1,"54":3,"55":3,"56":3,"57":0,"58":3,"59":4,"60":2,"61":2,"62":2,"63":2,"64":2,"65":2,"66":1,"67":1,"68":1,"69":0,"70":0,"71":0,"72":0,"73":0,"74":0,"75":0,"76":0,"77":0,"78":0,"79":0,"80":0,"81":0,"82":0,"83":0,"84":0,"85":0,"86":0,"87":0,"88":0,"89":0,"90":0,"91":0,"92":0,"93":0,"94":0,"95":0,"96":0,"97":0,"98":0,"99":0,"100":0,"101":0},"f":{"0":2,"1":6,"2":1,"3":1,"4":1,"5":1,"6":0,"7":0,"8":0,"9":0},"b":{"0":[5,1],"1":[2,0],"2":[3,0],"3":[3,0],"4":[0,3],"5":[3,3],"6":[1,0],"7":[1,0,0],"8":[0,1],"9":[1,1],"10":[0,1],"11":[1,0],"12":[0,1],"13":[3,0],"14":[0,3],"15":[2,2],"16":[0,1],"17":[3,0],"18":[0,3],"19":[3,0],"20":[2,2],"21":[2,0],"22":[2,2],"23":[0,0,0],"24":[0,0],"25":[0,0],"26":[0,0],"27":[0,0],"28":[0,0],"29":[0,0],"30":[0,0],"31":[0,0],"32":[0,0,0]},"meta":{"lastBranch":33,"lastFunction":10,"lastStatement":102,"seen":{"f:5:16:5:30":0,"s:6:14:6:Infinity":0,"s:7:14:10:Infinity":1,"f:7:14:7:15":1,"b:8:4:8:Infinity:undefined:undefined:undefined:undefined":0,"s:8:4:8:Infinity":2,"s:8:21:8:Infinity":3,"s:9:4:9:Infinity":4,"s:11:2:17:Infinity":5,"b:11:18:11:23:11:27:11:29":1,"s:12:14:12:Infinity":6,"b:12:21:12:29:12:33:12:39":2,"s:13:14:13:Infinity":7,"b:13:21:13:29:13:33:13:37":3,"b:14:4:14:Infinity:undefined:undefined:undefined:undefined":4,"s:14:4:14:Infinity":8,"b:14:8:14:10:14:14:14:16":5,"s:14:18:14:Infinity":9,"s:15:4:15:Infinity":10,"s:16:4:16:Infinity":11,"s:18:2:18:Infinity":12,"f:21:16:21:34":2,"s:22:2:24:Infinity":13,"b:22:10:22:15:22:19:22:21":6,"f:23:12:23:13":3,"s:23:19:23:106":14,"b:23:19:23:37:23:41:23:75:23:79:23:106":7,"f:24:9:24:10":4,"s:24:16:24:28":15,"f:28:16:28:38":5,"s:29:17:29:Infinity":16,"s:30:19:30:Infinity":17,"b:31:2:31:Infinity:undefined:undefined:undefined:undefined":8,"s:31:2:31:Infinity":18,"b:31:6:31:15:31:19:31:26":9,"s:31:28:31:Infinity":19,"s:33:15:33:Infinity":20,"s:34:16:34:Infinity":21,"s:35:2:40:Infinity":22,"s:36:15:36:Infinity":23,"b:37:4:37:Infinity:undefined:undefined:undefined:undefined":10,"s:37:4:37:Infinity":24,"b:37:8:37:20:37:24:37:37":11,"s:37:39:37:Infinity":25,"s:38:4:38:Infinity":26,"s:39:4:39:Infinity":27,"b:41:2:47:Infinity:undefined:undefined:undefined:undefined":12,"s:41:2:47:Infinity":28,"s:42:4:46:Infinity":29,"s:43:6:43:Infinity":30,"s:44:6:44:Infinity":31,"s:45:6:45:Infinity":32,"s:49:2:60:Infinity":33,"s:50:16:50:Infinity":34,"s:51:14:51:Infinity":35,"b:51:14:51:27:51:31:51:Infinity":13,"s:52:22:52:Infinity":36,"b:53:4:53:Infinity:undefined:undefined:undefined:undefined":14,"s:53:4:53:Infinity":37,"s:53:20:53:Infinity":38,"s:54:4:59:Infinity":39,"b:55:6:58:Infinity:undefined:undefined:undefined:undefined":15,"s:55:6:58:Infinity":40,"s:56:8:56:Infinity":41,"s:57:8:57:Infinity":42,"b:62:2:62:Infinity:undefined:undefined:undefined:undefined":16,"s:62:2:62:Infinity":43,"s:62:25:62:Infinity":44,"f:62:50:62:51":6,"s:62:57:62:69":45,"s:64:21:64:Infinity":46,"s:65:2:65:Infinity":47,"s:66:2:68:Infinity":48,"b:67:4:67:Infinity:undefined:undefined:undefined:undefined":17,"s:67:4:67:Infinity":49,"s:67:25:67:Infinity":50,"s:71:16:71:Infinity":51,"s:72:18:72:Infinity":52,"s:73:2:86:Infinity":53,"s:74:16:74:Infinity":54,"s:75:17:75:Infinity":55,"b:76:4:76:Infinity:undefined:undefined:undefined:undefined":18,"s:76:4:76:Infinity":56,"s:76:22:76:Infinity":57,"s:77:4:85:Infinity":58,"b:77:21:77:33:77:37:77:39":19,"b:78:6:78:Infinity:undefined:undefined:undefined:undefined":20,"s:78:6:78:Infinity":59,"s:78:27:78:Infinity":60,"s:79:18:79:Infinity":61,"b:80:6:84:Infinity:undefined:undefined:undefined:undefined":21,"s:80:6:84:Infinity":62,"b:80:10:80:21:80:25:80:35":22,"s:81:8:81:Infinity":63,"s:82:8:82:Infinity":64,"s:83:8:83:Infinity":65,"s:88:2:88:Infinity":66,"s:88:25:88:Infinity":67,"s:89:2:89:Infinity":68,"f:92:16:92:32":7,"s:93:13:93:Infinity":69,"s:94:19:94:Infinity":70,"s:95:18:95:Infinity":71,"s:96:16:96:Infinity":72,"b:96:16:96:34:96:38:96:49:96:53:96:Infinity":23,"s:97:2:109:Infinity":73,"s:98:18:98:Infinity":74,"b:98:18:98:25:98:29:98:Infinity":24,"s:99:19:99:Infinity":75,"f:99:30:99:31":8,"s:99:37:99:61":76,"b:100:4:100:Infinity:undefined:undefined:undefined:undefined":25,"s:100:4:100:Infinity":77,"s:100:17:100:Infinity":78,"s:101:4:108:Infinity":79,"s:101:17:101:18":80,"s:102:19:102:Infinity":81,"s:103:6:103:Infinity":82,"b:104:6:107:Infinity:undefined:undefined:undefined:undefined":26,"s:104:6:107:Infinity":83,"s:105:21:105:Infinity":84,"s:106:8:106:Infinity":85,"s:110:2:110:Infinity":86,"f:113:16:113:33":9,"b:114:2:120:Infinity:undefined:undefined:undefined:undefined":27,"s:114:2:120:Infinity":87,"s:115:4:119:Infinity":88,"s:122:14:122:Infinity":89,"s:123:20:123:Infinity":90,"s:124:57:124:Infinity":91,"s:125:19:125:Infinity":92,"s:127:24:127:Infinity":93,"s:128:24:128:Infinity":94,"s:130:2:137:Infinity":95,"b:130:18:130:23:130:27:130:29":28,"s:131:14:131:Infinity":96,"b:131:21:131:29:131:33:131:39":29,"s:132:14:132:Infinity":97,"b:132:21:132:29:132:33:132:37":30,"s:133:16:133:Infinity":98,"b:134:4:136:Infinity:undefined:undefined:undefined:undefined":31,"s:134:4:136:Infinity":99,"b:134:8:134:29:134:34:134:54:134:58:134:78":32,"s:135:6:135:Infinity":100,"s:139:2:139:Infinity":101},"fnNames":{}}}
,"/home/israel/weissman-cybersecurity/frontend/src/hooks/useFindingsWorkbench.js": {"path":"/home/israel/weissman-cybersecurity/frontend/src/hooks/useFindingsWorkbench.js","statementMap":{"0":{"start":{"line":4,"column":23},"end":{"line":4,"column":null}},"1":{"start":{"line":10,"column":39},"end":{"line":10,"column":null}},"2":{"start":{"line":11,"column":45},"end":{"line":11,"column":null}},"3":{"start":{"line":13,"column":16},"end":{"line":19,"column":null}},"4":{"start":{"line":14,"column":4},"end":{"line":18,"column":null}},"5":{"start":{"line":16,"column":8},"end":{"line":17,"column":69}},"6":{"start":{"line":21,"column":25},"end":{"line":24,"column":null}},"7":{"start":{"line":22,"column":11},"end":{"line":22,"column":211}},"8":{"start":{"line":26,"column":21},"end":{"line":26,"column":null}},"9":{"start":{"line":28,"column":26},"end":{"line":36,"column":null}},"10":{"start":{"line":29,"column":14},"end":{"line":29,"column":null}},"11":{"start":{"line":30,"column":4},"end":{"line":35,"column":null}},"12":{"start":{"line":31,"column":18},"end":{"line":31,"column":null}},"13":{"start":{"line":32,"column":6},"end":{"line":32,"column":null}},"14":{"start":{"line":32,"column":62},"end":{"line":32,"column":null}},"15":{"start":{"line":33,"column":6},"end":{"line":33,"column":null}},"16":{"start":{"line":33,"column":14},"end":{"line":33,"column":null}},"17":{"start":{"line":34,"column":6},"end":{"line":34,"column":null}},"18":{"start":{"line":38,"column":16},"end":{"line":45,"column":null}},"19":{"start":{"line":39,"column":14},"end":{"line":39,"column":null}},"20":{"start":{"line":40,"column":4},"end":{"line":43,"column":null}},"21":{"start":{"line":41,"column":16},"end":{"line":41,"column":null}},"22":{"start":{"line":42,"column":6},"end":{"line":42,"column":null}},"23":{"start":{"line":42,"column":30},"end":{"line":42,"column":null}},"24":{"start":{"line":44,"column":4},"end":{"line":44,"column":null}},"25":{"start":{"line":47,"column":19},"end":{"line":50,"column":null}},"26":{"start":{"line":48,"column":4},"end":{"line":48,"column":null}},"27":{"start":{"line":48,"column":34},"end":{"line":48,"column":null}},"28":{"start":{"line":49,"column":3},"end":{"line":49,"column":null}},"29":{"start":{"line":52,"column":2},"end":{"line":62,"column":null}}},"fnMap":{"0":{"name":"useFindingsWorkbench","decl":{"start":{"line":9,"column":16},"end":{"line":9,"column":36}},"loc":{"start":{"line":9,"column":101},"end":{"line":63,"column":null}},"line":9},"1":{"name":"(anonymous_1)","decl":{"start":{"line":13,"column":25},"end":{"line":13,"column":26}},"loc":{"start":{"line":13,"column":31},"end":{"line":19,"column":3}},"line":13},"2":{"name":"(anonymous_2)","decl":{"start":{"line":15,"column":6},"end":{"line":15,"column":7}},"loc":{"start":{"line":16,"column":8},"end":{"line":17,"column":69}},"line":16},"3":{"name":"(anonymous_3)","decl":{"start":{"line":22,"column":4},"end":{"line":22,"column":5}},"loc":{"start":{"line":22,"column":11},"end":{"line":22,"column":211}},"line":22},"4":{"name":"(anonymous_4)","decl":{"start":{"line":28,"column":35},"end":{"line":28,"column":36}},"loc":{"start":{"line":28,"column":41},"end":{"line":36,"column":3}},"line":28},"5":{"name":"(anonymous_5)","decl":{"start":{"line":30,"column":25},"end":{"line":30,"column":26}},"loc":{"start":{"line":30,"column":32},"end":{"line":35,"column":5}},"line":30},"6":{"name":"(anonymous_6)","decl":{"start":{"line":38,"column":25},"end":{"line":38,"column":26}},"loc":{"start":{"line":38,"column":31},"end":{"line":45,"column":3}},"line":38},"7":{"name":"(anonymous_7)","decl":{"start":{"line":47,"column":32},"end":{"line":47,"column":33}},"loc":{"start":{"line":47,"column":38},"end":{"line":50,"column":3}},"line":47}},"branchMap":{"0":{"loc":{"start":{"line":9,"column":47},"end":{"line":9,"column":99}},"type":"default-arg","locations":[{"start":{"line":9,"column":97},"end":{"line":9,"column":99}}],"line":9},"1":{"loc":{"start":{"line":9,"column":49},"end":{"line":9,"column":80}},"type":"default-arg","locations":[{"start":{"line":9,"column":61},"end":{"line":9,"column":80}}],"line":9},"2":{"loc":{"start":{"line":14,"column":16},"end":{"line":14,"column":30}},"type":"binary-expr","locations":[{"start":{"line":14,"column":16},"end":{"line":14,"column":24}},{"start":{"line":14,"column":28},"end":{"line":14,"column":30}}],"line":14},"3":{"loc":{"start":{"line":16,"column":9},"end":{"line":16,"column":66}},"type":"binary-expr","locations":[{"start":{"line":16,"column":9},"end":{"line":16,"column":61}},{"start":{"line":16,"column":65},"end":{"line":16,"column":66}}],"line":16},"4":{"loc":{"start":{"line":16,"column":25},"end":{"line":16,"column":45}},"type":"binary-expr","locations":[{"start":{"line":16,"column":25},"end":{"line":16,"column":35}},{"start":{"line":16,"column":39},"end":{"line":16,"column":45}}],"line":16},"5":{"loc":{"start":{"line":17,"column":11},"end":{"line":17,"column":68}},"type":"binary-expr","locations":[{"start":{"line":17,"column":11},"end":{"line":17,"column":63}},{"start":{"line":17,"column":67},"end":{"line":17,"column":68}}],"line":17},"6":{"loc":{"start":{"line":17,"column":27},"end":{"line":17,"column":47}},"type":"binary-expr","locations":[{"start":{"line":17,"column":27},"end":{"line":17,"column":37}},{"start":{"line":17,"column":41},"end":{"line":17,"column":47}}],"line":17},"7":{"loc":{"start":{"line":22,"column":14},"end":{"line":22,"column":27}},"type":"binary-expr","locations":[{"start":{"line":22,"column":14},"end":{"line":22,"column":21}},{"start":{"line":22,"column":25},"end":{"line":22,"column":27}}],"line":22},"8":{"loc":{"start":{"line":22,"column":31},"end":{"line":22,"column":43}},"type":"binary-expr","locations":[{"start":{"line":22,"column":31},"end":{"line":22,"column":37}},{"start":{"line":22,"column":41},"end":{"line":22,"column":43}}],"line":22},"9":{"loc":{"start":{"line":22,"column":47},"end":{"line":22,"column":66}},"type":"binary-expr","locations":[{"start":{"line":22,"column":47},"end":{"line":22,"column":60}},{"start":{"line":22,"column":64},"end":{"line":22,"column":66}}],"line":22},"10":{"loc":{"start":{"line":22,"column":70},"end":{"line":22,"column":89}},"type":"binary-expr","locations":[{"start":{"line":22,"column":70},"end":{"line":22,"column":83}},{"start":{"line":22,"column":87},"end":{"line":22,"column":89}}],"line":22},"11":{"loc":{"start":{"line":22,"column":93},"end":{"line":22,"column":110}},"type":"binary-expr","locations":[{"start":{"line":22,"column":93},"end":{"line":22,"column":104}},{"start":{"line":22,"column":108},"end":{"line":22,"column":110}}],"line":22},"12":{"loc":{"start":{"line":22,"column":114},"end":{"line":22,"column":126}},"type":"binary-expr","locations":[{"start":{"line":22,"column":114},"end":{"line":22,"column":120}},{"start":{"line":22,"column":124},"end":{"line":22,"column":126}}],"line":22},"13":{"loc":{"start":{"line":22,"column":130},"end":{"line":22,"column":146}},"type":"binary-expr","locations":[{"start":{"line":22,"column":130},"end":{"line":22,"column":140}},{"start":{"line":22,"column":144},"end":{"line":22,"column":146}}],"line":22},"14":{"loc":{"start":{"line":22,"column":150},"end":{"line":22,"column":167}},"type":"binary-expr","locations":[{"start":{"line":22,"column":150},"end":{"line":22,"column":161}},{"start":{"line":22,"column":165},"end":{"line":22,"column":167}}],"line":22},"15":{"loc":{"start":{"line":22,"column":171},"end":{"line":22,"column":188}},"type":"binary-expr","locations":[{"start":{"line":22,"column":171},"end":{"line":22,"column":182}},{"start":{"line":22,"column":186},"end":{"line":22,"column":188}}],"line":22},"16":{"loc":{"start":{"line":22,"column":192},"end":{"line":22,"column":209}},"type":"binary-expr","locations":[{"start":{"line":22,"column":192},"end":{"line":22,"column":203}},{"start":{"line":22,"column":207},"end":{"line":22,"column":209}}],"line":22},"17":{"loc":{"start":{"line":26,"column":21},"end":{"line":26,"column":null}},"type":"binary-expr","locations":[{"start":{"line":26,"column":21},"end":{"line":26,"column":31}},{"start":{"line":26,"column":35},"end":{"line":26,"column":null}}],"line":26},"18":{"loc":{"start":{"line":31,"column":19},"end":{"line":31,"column":39}},"type":"binary-expr","locations":[{"start":{"line":31,"column":19},"end":{"line":31,"column":29}},{"start":{"line":31,"column":33},"end":{"line":31,"column":39}}],"line":31},"19":{"loc":{"start":{"line":32,"column":6},"end":{"line":32,"column":null}},"type":"if","locations":[{"start":{"line":32,"column":6},"end":{"line":32,"column":null}},{"start":{},"end":{}}],"line":32},"20":{"loc":{"start":{"line":32,"column":10},"end":{"line":32,"column":60}},"type":"binary-expr","locations":[{"start":{"line":32,"column":10},"end":{"line":32,"column":34}},{"start":{"line":32,"column":38},"end":{"line":32,"column":60}}],"line":32},"21":{"loc":{"start":{"line":33,"column":6},"end":{"line":33,"column":null}},"type":"if","locations":[{"start":{"line":33,"column":6},"end":{"line":33,"column":null}},{"start":{},"end":{}}],"line":33},"22":{"loc":{"start":{"line":41,"column":17},"end":{"line":41,"column":37}},"type":"binary-expr","locations":[{"start":{"line":41,"column":17},"end":{"line":41,"column":27}},{"start":{"line":41,"column":31},"end":{"line":41,"column":37}}],"line":41},"23":{"loc":{"start":{"line":42,"column":6},"end":{"line":42,"column":null}},"type":"if","locations":[{"start":{"line":42,"column":6},"end":{"line":42,"column":null}},{"start":{},"end":{}}],"line":42},"24":{"loc":{"start":{"line":48,"column":4},"end":{"line":48,"column":null}},"type":"if","locations":[{"start":{"line":48,"column":4},"end":{"line":48,"column":null}},{"start":{},"end":{}}],"line":48}},"s":{"0":1,"1":5,"2":5,"3":5,"4":3,"5":3,"6":5,"7":2,"8":5,"9":5,"10":5,"11":5,"12":10,"13":10,"14":1,"15":9,"16":7,"17":2,"18":5,"19":3,"20":3,"21":6,"22":6,"23":6,"24":3,"25":5,"26":0,"27":0,"28":0,"29":5},"f":{"0":5,"1":3,"2":3,"3":2,"4":5,"5":10,"6":3,"7":0},"b":{"0":[5],"1":[5],"2":[3,0],"3":[3,0],"4":[3,0],"5":[3,0],"6":[3,0],"7":[2,0],"8":[2,2],"9":[2,0],"10":[2,2],"11":[2,2],"12":[2,2],"13":[2,2],"14":[2,2],"15":[2,2],"16":[2,2],"17":[5,5],"18":[10,0],"19":[1,9],"20":[10,2],"21":[7,2],"22":[6,0],"23":[6,0],"24":[0,0]},"meta":{"lastBranch":25,"lastFunction":8,"lastStatement":30,"seen":{"s:4:23:4:Infinity":0,"f:9:16:9:36":0,"b:9:97:9:99":0,"b:9:61:9:80":1,"s:10:39:10:Infinity":1,"s:11:45:11:Infinity":2,"s:13:16:19:Infinity":3,"f:13:25:13:26":1,"s:14:4:18:Infinity":4,"b:14:16:14:24:14:28:14:30":2,"f:15:6:15:7":2,"s:16:8:17:69":5,"b:16:9:16:61:16:65:16:66":3,"b:16:25:16:35:16:39:16:45":4,"b:17:11:17:63:17:67:17:68":5,"b:17:27:17:37:17:41:17:47":6,"s:21:25:24:Infinity":6,"f:22:4:22:5":3,"s:22:11:22:211":7,"b:22:14:22:21:22:25:22:27":7,"b:22:31:22:37:22:41:22:43":8,"b:22:47:22:60:22:64:22:66":9,"b:22:70:22:83:22:87:22:89":10,"b:22:93:22:104:22:108:22:110":11,"b:22:114:22:120:22:124:22:126":12,"b:22:130:22:140:22:144:22:146":13,"b:22:150:22:161:22:165:22:167":14,"b:22:171:22:182:22:186:22:188":15,"b:22:192:22:203:22:207:22:209":16,"s:26:21:26:Infinity":8,"b:26:21:26:31:26:35:26:Infinity":17,"s:28:26:36:Infinity":9,"f:28:35:28:36":4,"s:29:14:29:Infinity":10,"s:30:4:35:Infinity":11,"f:30:25:30:26":5,"s:31:18:31:Infinity":12,"b:31:19:31:29:31:33:31:39":18,"b:32:6:32:Infinity:undefined:undefined:undefined:undefined":19,"s:32:6:32:Infinity":13,"b:32:10:32:34:32:38:32:60":20,"s:32:62:32:Infinity":14,"b:33:6:33:Infinity:undefined:undefined:undefined:undefined":21,"s:33:6:33:Infinity":15,"s:33:14:33:Infinity":16,"s:34:6:34:Infinity":17,"s:38:16:45:Infinity":18,"f:38:25:38:26":6,"s:39:14:39:Infinity":19,"s:40:4:43:Infinity":20,"s:41:16:41:Infinity":21,"b:41:17:41:27:41:31:41:37":22,"b:42:6:42:Infinity:undefined:undefined:undefined:undefined":23,"s:42:6:42:Infinity":22,"s:42:30:42:Infinity":23,"s:44:4:44:Infinity":24,"s:47:19:50:Infinity":25,"f:47:32:47:33":7,"b:48:4:48:Infinity:undefined:undefined:undefined:undefined":24,"s:48:4:48:Infinity":26,"s:48:34:48:Infinity":27,"s:49:3:49:Infinity":28,"s:52:2:62:Infinity":29},"fnNames":{}}}
,"/home/israel/weissman-cybersecurity/frontend/src/lib/appNav.js": {"path":"/home/israel/weissman-cybersecurity/frontend/src/lib/appNav.js","statementMap":{"0":{"start":{"line":10,"column":27},"end":{"line":17,"column":null}},"1":{"start":{"line":20,"column":33},"end":{"line":24,"column":null}},"2":{"start":{"line":27,"column":26},"end":{"line":142,"column":null}},"3":{"start":{"line":145,"column":23},"end":{"line":160,"column":null}},"4":{"start":{"line":162,"column":23},"end":{"line":162,"column":null}},"5":{"start":{"line":165,"column":2},"end":{"line":165,"column":null}},"6":{"start":{"line":165,"column":24},"end":{"line":165,"column":null}},"7":{"start":{"line":166,"column":2},"end":{"line":166,"column":null}},"8":{"start":{"line":166,"column":32},"end":{"line":166,"column":43}},"9":{"start":{"line":175,"column":12},"end":{"line":175,"column":null}},"10":{"start":{"line":176,"column":12},"end":{"line":176,"column":null}},"11":{"start":{"line":177,"column":2},"end":{"line":177,"column":null}},"12":{"start":{"line":177,"column":26},"end":{"line":177,"column":null}},"13":{"start":{"line":178,"column":2},"end":{"line":178,"column":null}},"14":{"start":{"line":183,"column":12},"end":{"line":183,"column":null}},"15":{"start":{"line":184,"column":2},"end":{"line":191,"column":null}},"16":{"start":{"line":185,"column":4},"end":{"line":190,"column":null}},"17":{"start":{"line":186,"column":6},"end":{"line":186,"column":null}},"18":{"start":{"line":186,"column":28},"end":{"line":186,"column":null}},"19":{"start":{"line":187,"column":6},"end":{"line":189,"column":null}},"20":{"start":{"line":188,"column":8},"end":{"line":188,"column":null}},"21":{"start":{"line":192,"column":2},"end":{"line":203,"column":null}},"22":{"start":{"line":193,"column":19},"end":{"line":193,"column":null}},"23":{"start":{"line":194,"column":4},"end":{"line":202,"column":null}},"24":{"start":{"line":195,"column":20},"end":{"line":195,"column":null}},"25":{"start":{"line":196,"column":6},"end":{"line":201,"column":null}},"26":{"start":{"line":197,"column":8},"end":{"line":200,"column":null}},"27":{"start":{"line":204,"column":2},"end":{"line":204,"column":null}},"28":{"start":{"line":214,"column":17},"end":{"line":214,"column":null}},"29":{"start":{"line":215,"column":16},"end":{"line":215,"column":null}},"30":{"start":{"line":217,"column":2},"end":{"line":220,"column":null}},"31":{"start":{"line":218,"column":4},"end":{"line":218,"column":null}},"32":{"start":{"line":218,"column":19},"end":{"line":218,"column":null}},"33":{"start":{"line":219,"column":4},"end":{"line":219,"column":null}},"34":{"start":{"line":222,"column":2},"end":{"line":222,"column":null}},"35":{"start":{"line":223,"column":19},"end":{"line":223,"column":null}},"36":{"start":{"line":224,"column":21},"end":{"line":224,"column":null}},"37":{"start":{"line":226,"column":2},"end":{"line":237,"column":null}},"38":{"start":{"line":230,"column":4},"end":{"line":230,"column":null}},"39":{"start":{"line":231,"column":4},"end":{"line":231,"column":null}},"40":{"start":{"line":232,"column":9},"end":{"line":237,"column":null}},"41":{"start":{"line":233,"column":4},"end":{"line":233,"column":null}},"42":{"start":{"line":234,"column":4},"end":{"line":234,"column":null}},"43":{"start":{"line":236,"column":4},"end":{"line":236,"column":null}},"44":{"start":{"line":239,"column":2},"end":{"line":239,"column":null}},"45":{"start":{"line":244,"column":14},"end":{"line":244,"column":null}},"46":{"start":{"line":245,"column":2},"end":{"line":249,"column":null}},"47":{"start":{"line":246,"column":17},"end":{"line":246,"column":null}},"48":{"start":{"line":247,"column":4},"end":{"line":247,"column":null}},"49":{"start":{"line":247,"column":49},"end":{"line":247,"column":null}},"50":{"start":{"line":248,"column":4},"end":{"line":248,"column":null}},"51":{"start":{"line":250,"column":2},"end":{"line":250,"column":null}},"52":{"start":{"line":255,"column":2},"end":{"line":255,"column":null}},"53":{"start":{"line":255,"column":25},"end":{"line":255,"column":null}},"54":{"start":{"line":256,"column":21},"end":{"line":256,"column":null}},"55":{"start":{"line":257,"column":2},"end":{"line":257,"column":null}},"56":{"start":{"line":257,"column":19},"end":{"line":257,"column":null}},"57":{"start":{"line":258,"column":15},"end":{"line":258,"column":null}},"58":{"start":{"line":259,"column":2},"end":{"line":259,"column":null}}},"fnMap":{"0":{"name":"groupById","decl":{"start":{"line":164,"column":9},"end":{"line":164,"column":18}},"loc":{"start":{"line":164,"column":23},"end":{"line":167,"column":null}},"line":164},"1":{"name":"(anonymous_1)","decl":{"start":{"line":166,"column":25},"end":{"line":166,"column":26}},"loc":{"start":{"line":166,"column":32},"end":{"line":166,"column":43}},"line":166},"2":{"name":"isNavActive","decl":{"start":{"line":174,"column":16},"end":{"line":174,"column":27}},"loc":{"start":{"line":174,"column":57},"end":{"line":179,"column":null}},"line":174},"3":{"name":"findNavMatch","decl":{"start":{"line":182,"column":16},"end":{"line":182,"column":28}},"loc":{"start":{"line":182,"column":39},"end":{"line":205,"column":null}},"line":182},"4":{"name":"buildBreadcrumbs","decl":{"start":{"line":213,"column":16},"end":{"line":213,"column":32}},"loc":{"start":{"line":213,"column":61},"end":{"line":240,"column":null}},"line":213},"5":{"name":"dedupeCrumbs","decl":{"start":{"line":243,"column":9},"end":{"line":243,"column":21}},"loc":{"start":{"line":243,"column":30},"end":{"line":251,"column":null}},"line":243},"6":{"name":"canAccessNavItem","decl":{"start":{"line":254,"column":16},"end":{"line":254,"column":32}},"loc":{"start":{"line":254,"column":48},"end":{"line":260,"column":null}},"line":254}},"branchMap":{"0":{"loc":{"start":{"line":165,"column":2},"end":{"line":165,"column":null}},"type":"if","locations":[{"start":{"line":165,"column":2},"end":{"line":165,"column":null}},{"start":{},"end":{}}],"line":165},"1":{"loc":{"start":{"line":174,"column":42},"end":{"line":174,"column":55}},"type":"default-arg","locations":[{"start":{"line":174,"column":50},"end":{"line":174,"column":55}}],"line":174},"2":{"loc":{"start":{"line":175,"column":12},"end":{"line":175,"column":null}},"type":"binary-expr","locations":[{"start":{"line":175,"column":12},"end":{"line":175,"column":39}},{"start":{"line":175,"column":43},"end":{"line":175,"column":null}}],"line":175},"3":{"loc":{"start":{"line":176,"column":12},"end":{"line":176,"column":null}},"type":"binary-expr","locations":[{"start":{"line":176,"column":12},"end":{"line":176,"column":33}},{"start":{"line":176,"column":37},"end":{"line":176,"column":null}}],"line":176},"4":{"loc":{"start":{"line":177,"column":2},"end":{"line":177,"column":null}},"type":"if","locations":[{"start":{"line":177,"column":2},"end":{"line":177,"column":null}},{"start":{},"end":{}}],"line":177},"5":{"loc":{"start":{"line":177,"column":6},"end":{"line":177,"column":24}},"type":"binary-expr","locations":[{"start":{"line":177,"column":6},"end":{"line":177,"column":15}},{"start":{"line":177,"column":19},"end":{"line":177,"column":24}}],"line":177},"6":{"loc":{"start":{"line":178,"column":9},"end":{"line":178,"column":null}},"type":"binary-expr","locations":[{"start":{"line":178,"column":9},"end":{"line":178,"column":16}},{"start":{"line":178,"column":20},"end":{"line":178,"column":null}}],"line":178},"7":{"loc":{"start":{"line":183,"column":12},"end":{"line":183,"column":null}},"type":"binary-expr","locations":[{"start":{"line":183,"column":12},"end":{"line":183,"column":39}},{"start":{"line":183,"column":43},"end":{"line":183,"column":null}}],"line":183},"8":{"loc":{"start":{"line":186,"column":6},"end":{"line":186,"column":null}},"type":"if","locations":[{"start":{"line":186,"column":6},"end":{"line":186,"column":null}},{"start":{},"end":{}}],"line":186},"9":{"loc":{"start":{"line":187,"column":6},"end":{"line":189,"column":null}},"type":"if","locations":[{"start":{"line":187,"column":6},"end":{"line":189,"column":null}},{"start":{},"end":{}}],"line":187},"10":{"loc":{"start":{"line":194,"column":4},"end":{"line":202,"column":null}},"type":"if","locations":[{"start":{"line":194,"column":4},"end":{"line":202,"column":null}},{"start":{},"end":{}}],"line":194},"11":{"loc":{"start":{"line":194,"column":8},"end":{"line":194,"column":50}},"type":"binary-expr","locations":[{"start":{"line":194,"column":8},"end":{"line":194,"column":20}},{"start":{"line":194,"column":24},"end":{"line":194,"column":50}}],"line":194},"12":{"loc":{"start":{"line":196,"column":6},"end":{"line":201,"column":null}},"type":"if","locations":[{"start":{"line":196,"column":6},"end":{"line":201,"column":null}},{"start":{},"end":{}}],"line":196},"13":{"loc":{"start":{"line":217,"column":2},"end":{"line":220,"column":null}},"type":"if","locations":[{"start":{"line":217,"column":2},"end":{"line":220,"column":null}},{"start":{},"end":{}}],"line":217},"14":{"loc":{"start":{"line":218,"column":4},"end":{"line":218,"column":null}},"type":"if","locations":[{"start":{"line":218,"column":4},"end":{"line":218,"column":null}},{"start":{},"end":{}}],"line":218},"15":{"loc":{"start":{"line":224,"column":21},"end":{"line":224,"column":null}},"type":"binary-expr","locations":[{"start":{"line":224,"column":21},"end":{"line":224,"column":30}},{"start":{"line":224,"column":34},"end":{"line":224,"column":null}}],"line":224},"16":{"loc":{"start":{"line":226,"column":2},"end":{"line":237,"column":null}},"type":"if","locations":[{"start":{"line":226,"column":2},"end":{"line":237,"column":null}},{"start":{"line":232,"column":9},"end":{"line":237,"column":null}}],"line":226},"17":{"loc":{"start":{"line":227,"column":4},"end":{"line":228,"column":null}},"type":"binary-expr","locations":[{"start":{"line":227,"column":4},"end":{"line":227,"column":25}},{"start":{"line":228,"column":4},"end":{"line":228,"column":null}}],"line":227},"18":{"loc":{"start":{"line":232,"column":9},"end":{"line":237,"column":null}},"type":"if","locations":[{"start":{"line":232,"column":9},"end":{"line":237,"column":null}},{"start":{"line":235,"column":9},"end":{"line":237,"column":null}}],"line":232},"19":{"loc":{"start":{"line":232,"column":13},"end":{"line":232,"column":48}},"type":"binary-expr","locations":[{"start":{"line":232,"column":13},"end":{"line":232,"column":22}},{"start":{"line":232,"column":26},"end":{"line":232,"column":48}}],"line":232},"20":{"loc":{"start":{"line":247,"column":4},"end":{"line":247,"column":null}},"type":"if","locations":[{"start":{"line":247,"column":4},"end":{"line":247,"column":null}},{"start":{},"end":{}}],"line":247},"21":{"loc":{"start":{"line":247,"column":8},"end":{"line":247,"column":47}},"type":"binary-expr","locations":[{"start":{"line":247,"column":8},"end":{"line":247,"column":12}},{"start":{"line":247,"column":16},"end":{"line":247,"column":38}},{"start":{"line":247,"column":42},"end":{"line":247,"column":47}}],"line":247},"22":{"loc":{"start":{"line":255,"column":2},"end":{"line":255,"column":null}},"type":"if","locations":[{"start":{"line":255,"column":2},"end":{"line":255,"column":null}},{"start":{},"end":{}}],"line":255},"23":{"loc":{"start":{"line":256,"column":21},"end":{"line":256,"column":null}},"type":"binary-expr","locations":[{"start":{"line":256,"column":21},"end":{"line":256,"column":42}},{"start":{"line":256,"column":46},"end":{"line":256,"column":71}},{"start":{"line":256,"column":75},"end":{"line":256,"column":null}}],"line":256},"24":{"loc":{"start":{"line":257,"column":2},"end":{"line":257,"column":null}},"type":"if","locations":[{"start":{"line":257,"column":2},"end":{"line":257,"column":null}},{"start":{},"end":{}}],"line":257},"25":{"loc":{"start":{"line":258,"column":16},"end":{"line":258,"column":35}},"type":"binary-expr","locations":[{"start":{"line":258,"column":16},"end":{"line":258,"column":29}},{"start":{"line":258,"column":33},"end":{"line":258,"column":35}}],"line":258},"26":{"loc":{"start":{"line":259,"column":9},"end":{"line":259,"column":null}},"type":"binary-expr","locations":[{"start":{"line":259,"column":9},"end":{"line":259,"column":40}},{"start":{"line":259,"column":44},"end":{"line":259,"column":68}},{"start":{"line":259,"column":72},"end":{"line":259,"column":null}}],"line":259}},"s":{"0":3,"1":3,"2":3,"3":3,"4":3,"5":0,"6":0,"7":0,"8":0,"9":19,"10":19,"11":19,"12":4,"13":15,"14":2,"15":2,"16":2,"17":6,"18":0,"19":6,"20":2,"21":0,"22":0,"23":0,"24":0,"25":0,"26":0,"27":0,"28":1,"29":1,"30":1,"31":0,"32":0,"33":0,"34":1,"35":1,"36":1,"37":1,"38":0,"39":0,"40":1,"41":1,"42":1,"43":0,"44":1,"45":1,"46":1,"47":4,"48":4,"49":0,"50":4,"51":1,"52":16,"53":1,"54":15,"55":16,"56":2,"57":13,"58":16},"f":{"0":0,"1":0,"2":19,"3":2,"4":1,"5":1,"6":16},"b":{"0":[0,0],"1":[19],"2":[19,1],"3":[19,2],"4":[4,15],"5":[19,17],"6":[15,8],"7":[2,0],"8":[0,6],"9":[2,4],"10":[0,0],"11":[0,0],"12":[0,0],"13":[0,1],"14":[0,0],"15":[1,0],"16":[0,1],"17":[1,1],"18":[1,0],"19":[1,1],"20":[0,4],"21":[4,3,0],"22":[1,15],"23":[15,10,6],"24":[2,14],"25":[13,6],"26":[16,11,10]},"meta":{"lastBranch":27,"lastFunction":7,"lastStatement":59,"seen":{"s:10:27:17:Infinity":0,"s:20:33:24:Infinity":1,"s:27:26:142:Infinity":2,"s:145:23:160:Infinity":3,"s:162:23:162:Infinity":4,"f:164:9:164:18":0,"b:165:2:165:Infinity:undefined:undefined:undefined:undefined":0,"s:165:2:165:Infinity":5,"s:165:24:165:Infinity":6,"s:166:2:166:Infinity":7,"f:166:25:166:26":1,"s:166:32:166:43":8,"f:174:16:174:27":2,"b:174:50:174:55":1,"s:175:12:175:Infinity":9,"b:175:12:175:39:175:43:175:Infinity":2,"s:176:12:176:Infinity":10,"b:176:12:176:33:176:37:176:Infinity":3,"b:177:2:177:Infinity:undefined:undefined:undefined:undefined":4,"s:177:2:177:Infinity":11,"b:177:6:177:15:177:19:177:24":5,"s:177:26:177:Infinity":12,"s:178:2:178:Infinity":13,"b:178:9:178:16:178:20:178:Infinity":6,"f:182:16:182:28":3,"s:183:12:183:Infinity":14,"b:183:12:183:39:183:43:183:Infinity":7,"s:184:2:191:Infinity":15,"s:185:4:190:Infinity":16,"b:186:6:186:Infinity:undefined:undefined:undefined:undefined":8,"s:186:6:186:Infinity":17,"s:186:28:186:Infinity":18,"b:187:6:189:Infinity:undefined:undefined:undefined:undefined":9,"s:187:6:189:Infinity":19,"s:188:8:188:Infinity":20,"s:192:2:203:Infinity":21,"s:193:19:193:Infinity":22,"b:194:4:202:Infinity:undefined:undefined:undefined:undefined":10,"s:194:4:202:Infinity":23,"b:194:8:194:20:194:24:194:50":11,"s:195:20:195:Infinity":24,"b:196:6:201:Infinity:undefined:undefined:undefined:undefined":12,"s:196:6:201:Infinity":25,"s:197:8:200:Infinity":26,"s:204:2:204:Infinity":27,"f:213:16:213:32":4,"s:214:17:214:Infinity":28,"s:215:16:215:Infinity":29,"b:217:2:220:Infinity:undefined:undefined:undefined:undefined":13,"s:217:2:220:Infinity":30,"b:218:4:218:Infinity:undefined:undefined:undefined:undefined":14,"s:218:4:218:Infinity":31,"s:218:19:218:Infinity":32,"s:219:4:219:Infinity":33,"s:222:2:222:Infinity":34,"s:223:19:223:Infinity":35,"s:224:21:224:Infinity":36,"b:224:21:224:30:224:34:224:Infinity":15,"b:226:2:237:Infinity:232:9:237:Infinity":16,"s:226:2:237:Infinity":37,"b:227:4:227:25:228:4:228:Infinity":17,"s:230:4:230:Infinity":38,"s:231:4:231:Infinity":39,"b:232:9:237:Infinity:235:9:237:Infinity":18,"s:232:9:237:Infinity":40,"b:232:13:232:22:232:26:232:48":19,"s:233:4:233:Infinity":41,"s:234:4:234:Infinity":42,"s:236:4:236:Infinity":43,"s:239:2:239:Infinity":44,"f:243:9:243:21":5,"s:244:14:244:Infinity":45,"s:245:2:249:Infinity":46,"s:246:17:246:Infinity":47,"b:247:4:247:Infinity:undefined:undefined:undefined:undefined":20,"s:247:4:247:Infinity":48,"b:247:8:247:12:247:16:247:38:247:42:247:47":21,"s:247:49:247:Infinity":49,"s:248:4:248:Infinity":50,"s:250:2:250:Infinity":51,"f:254:16:254:32":6,"b:255:2:255:Infinity:undefined:undefined:undefined:undefined":22,"s:255:2:255:Infinity":52,"s:255:25:255:Infinity":53,"s:256:21:256:Infinity":54,"b:256:21:256:42:256:46:256:71:256:75:256:Infinity":23,"b:257:2:257:Infinity:undefined:undefined:undefined:undefined":24,"s:257:2:257:Infinity":55,"s:257:19:257:Infinity":56,"s:258:15:258:Infinity":57,"b:258:16:258:29:258:33:258:35":25,"s:259:2:259:Infinity":58,"b:259:9:259:40:259:44:259:68:259:72:259:Infinity":26},"fnNames":{}}}
,"/home/israel/weissman-cybersecurity/frontend/src/lib/clientTarget.js": {"path":"/home/israel/weissman-cybersecurity/frontend/src/lib/clientTarget.js","statementMap":{"0":{"start":{"line":3,"column":2},"end":{"line":3,"column":null}},"1":{"start":{"line":3,"column":15},"end":{"line":3,"column":null}},"2":{"start":{"line":4,"column":13},"end":{"line":4,"column":null}},"3":{"start":{"line":5,"column":14},"end":{"line":5,"column":null}},"4":{"start":{"line":6,"column":2},"end":{"line":15,"column":null}},"5":{"start":{"line":7,"column":4},"end":{"line":7,"column":null}},"6":{"start":{"line":8,"column":9},"end":{"line":15,"column":null}},"7":{"start":{"line":9,"column":4},"end":{"line":14,"column":null}},"8":{"start":{"line":10,"column":18},"end":{"line":10,"column":null}},"9":{"start":{"line":11,"column":6},"end":{"line":11,"column":null}},"10":{"start":{"line":13,"column":6},"end":{"line":13,"column":null}},"11":{"start":{"line":16,"column":16},"end":{"line":16,"column":null}},"12":{"start":{"line":17,"column":2},"end":{"line":17,"column":null}},"13":{"start":{"line":17,"column":14},"end":{"line":17,"column":null}},"14":{"start":{"line":18,"column":2},"end":{"line":18,"column":null}},"15":{"start":{"line":22,"column":33},"end":{"line":22,"column":null}},"16":{"start":{"line":26,"column":2},"end":{"line":26,"column":null}},"17":{"start":{"line":26,"column":16},"end":{"line":26,"column":null}},"18":{"start":{"line":27,"column":2},"end":{"line":27,"column":null}},"19":{"start":{"line":27,"column":31},"end":{"line":27,"column":null}},"20":{"start":{"line":28,"column":2},"end":{"line":28,"column":null}},"21":{"start":{"line":28,"column":17},"end":{"line":28,"column":null}},"22":{"start":{"line":29,"column":2},"end":{"line":29,"column":null}},"23":{"start":{"line":29,"column":29},"end":{"line":29,"column":62}},"24":{"start":{"line":35,"column":21},"end":{"line":46,"column":null}},"25":{"start":{"line":47,"column":2},"end":{"line":47,"column":null}}},"fnMap":{"0":{"name":"clientPrimaryTargetUrl","decl":{"start":{"line":2,"column":16},"end":{"line":2,"column":38}},"loc":{"start":{"line":2,"column":47},"end":{"line":19,"column":null}},"line":2},"1":{"name":"resolveClient","decl":{"start":{"line":25,"column":16},"end":{"line":25,"column":29}},"loc":{"start":{"line":25,"column":49},"end":{"line":30,"column":null}},"line":25},"2":{"name":"(anonymous_2)","decl":{"start":{"line":29,"column":22},"end":{"line":29,"column":23}},"loc":{"start":{"line":29,"column":29},"end":{"line":29,"column":62}},"line":29},"3":{"name":"engineRunsWithoutTarget","decl":{"start":{"line":33,"column":16},"end":{"line":33,"column":39}},"loc":{"start":{"line":33,"column":50},"end":{"line":48,"column":null}},"line":33}},"branchMap":{"0":{"loc":{"start":{"line":3,"column":2},"end":{"line":3,"column":null}},"type":"if","locations":[{"start":{"line":3,"column":2},"end":{"line":3,"column":null}},{"start":{},"end":{}}],"line":3},"1":{"loc":{"start":{"line":6,"column":2},"end":{"line":15,"column":null}},"type":"if","locations":[{"start":{"line":6,"column":2},"end":{"line":15,"column":null}},{"start":{"line":8,"column":9},"end":{"line":15,"column":null}}],"line":6},"2":{"loc":{"start":{"line":8,"column":9},"end":{"line":15,"column":null}},"type":"if","locations":[{"start":{"line":8,"column":9},"end":{"line":15,"column":null}},{"start":{},"end":{}}],"line":8},"3":{"loc":{"start":{"line":11,"column":13},"end":{"line":11,"column":null}},"type":"cond-expr","locations":[{"start":{"line":11,"column":34},"end":{"line":11,"column":65}},{"start":{"line":11,"column":68},"end":{"line":11,"column":null}}],"line":11},"4":{"loc":{"start":{"line":16,"column":16},"end":{"line":16,"column":null}},"type":"binary-expr","locations":[{"start":{"line":16,"column":16},"end":{"line":16,"column":23}},{"start":{"line":16,"column":27},"end":{"line":16,"column":null}}],"line":16},"5":{"loc":{"start":{"line":17,"column":2},"end":{"line":17,"column":null}},"type":"if","locations":[{"start":{"line":17,"column":2},"end":{"line":17,"column":null}},{"start":{},"end":{}}],"line":17},"6":{"loc":{"start":{"line":18,"column":9},"end":{"line":18,"column":null}},"type":"cond-expr","locations":[{"start":{"line":18,"column":36},"end":{"line":18,"column":48}},{"start":{"line":18,"column":51},"end":{"line":18,"column":null}}],"line":18},"7":{"loc":{"start":{"line":26,"column":2},"end":{"line":26,"column":null}},"type":"if","locations":[{"start":{"line":26,"column":2},"end":{"line":26,"column":null}},{"start":{},"end":{}}],"line":26},"8":{"loc":{"start":{"line":27,"column":2},"end":{"line":27,"column":null}},"type":"if","locations":[{"start":{"line":27,"column":2},"end":{"line":27,"column":null}},{"start":{},"end":{}}],"line":27},"9":{"loc":{"start":{"line":28,"column":2},"end":{"line":28,"column":null}},"type":"if","locations":[{"start":{"line":28,"column":2},"end":{"line":28,"column":null}},{"start":{},"end":{}}],"line":28},"10":{"loc":{"start":{"line":29,"column":9},"end":{"line":29,"column":null}},"type":"binary-expr","locations":[{"start":{"line":29,"column":9},"end":{"line":29,"column":63}},{"start":{"line":29,"column":67},"end":{"line":29,"column":null}}],"line":29}},"s":{"0":3,"1":0,"2":3,"3":3,"4":3,"5":1,"6":2,"7":1,"8":1,"9":1,"10":0,"11":3,"12":3,"13":1,"14":2,"15":2,"16":1,"17":0,"18":1,"19":0,"20":1,"21":0,"22":1,"23":1,"24":1,"25":1},"f":{"0":3,"1":1,"2":1,"3":1},"b":{"0":[0,3],"1":[1,2],"2":[1,1],"3":[1,0],"4":[3,1],"5":[1,2],"6":[0,2],"7":[0,1],"8":[0,1],"9":[0,1],"10":[1,0]},"meta":{"lastBranch":11,"lastFunction":4,"lastStatement":26,"seen":{"f:2:16:2:38":0,"b:3:2:3:Infinity:undefined:undefined:undefined:undefined":0,"s:3:2:3:Infinity":0,"s:3:15:3:Infinity":1,"s:4:13:4:Infinity":2,"s:5:14:5:Infinity":3,"b:6:2:15:Infinity:8:9:15:Infinity":1,"s:6:2:15:Infinity":4,"s:7:4:7:Infinity":5,"b:8:9:15:Infinity:undefined:undefined:undefined:undefined":2,"s:8:9:15:Infinity":6,"s:9:4:14:Infinity":7,"s:10:18:10:Infinity":8,"s:11:6:11:Infinity":9,"b:11:34:11:65:11:68:11:Infinity":3,"s:13:6:13:Infinity":10,"s:16:16:16:Infinity":11,"b:16:16:16:23:16:27:16:Infinity":4,"b:17:2:17:Infinity:undefined:undefined:undefined:undefined":5,"s:17:2:17:Infinity":12,"s:17:14:17:Infinity":13,"s:18:2:18:Infinity":14,"b:18:36:18:48:18:51:18:Infinity":6,"s:22:33:22:Infinity":15,"f:25:16:25:29":1,"b:26:2:26:Infinity:undefined:undefined:undefined:undefined":7,"s:26:2:26:Infinity":16,"s:26:16:26:Infinity":17,"b:27:2:27:Infinity:undefined:undefined:undefined:undefined":8,"s:27:2:27:Infinity":18,"s:27:31:27:Infinity":19,"b:28:2:28:Infinity:undefined:undefined:undefined:undefined":9,"s:28:2:28:Infinity":20,"s:28:17:28:Infinity":21,"s:29:2:29:Infinity":22,"b:29:9:29:63:29:67:29:Infinity":10,"f:29:22:29:23":2,"s:29:29:29:62":23,"f:33:16:33:39":3,"s:35:21:46:Infinity":24,"s:47:2:47:Infinity":25},"fnNames":{}}}
,"/home/israel/weissman-cybersecurity/frontend/src/lib/engineGroupDefs.js": {"path":"/home/israel/weissman-cybersecurity/frontend/src/lib/engineGroupDefs.js","statementMap":{"0":{"start":{"line":3,"column":33},"end":{"line":18,"column":null}},"1":{"start":{"line":20,"column":29},"end":{"line":20,"column":null}},"2":{"start":{"line":20,"column":77},"end":{"line":20,"column":86}}},"fnMap":{"0":{"name":"(anonymous_0)","decl":{"start":{"line":20,"column":70},"end":{"line":20,"column":71}},"loc":{"start":{"line":20,"column":77},"end":{"line":20,"column":86}},"line":20}},"branchMap":{},"s":{"0":8,"1":8,"2":112},"f":{"0":112},"b":{},"meta":{"lastBranch":0,"lastFunction":1,"lastStatement":3,"seen":{"s:3:33:18:Infinity":0,"s:20:29:20:Infinity":1,"f:20:70:20:71":0,"s:20:77:20:86":2},"fnNames":{}}}
,"/home/israel/weissman-cybersecurity/frontend/src/lib/engineIntegrationReadiness.js": {"path":"/home/israel/weissman-cybersecurity/frontend/src/lib/engineIntegrationReadiness.js","statementMap":{"0":{"start":{"line":5,"column":20},"end":{"line":5,"column":null}},"1":{"start":{"line":6,"column":20},"end":{"line":6,"column":null}},"2":{"start":{"line":7,"column":22},"end":{"line":7,"column":null}},"3":{"start":{"line":8,"column":25},"end":{"line":8,"column":null}},"4":{"start":{"line":9,"column":20},"end":{"line":9,"column":null}},"5":{"start":{"line":10,"column":21},"end":{"line":10,"column":null}},"6":{"start":{"line":11,"column":20},"end":{"line":11,"column":null}},"7":{"start":{"line":12,"column":22},"end":{"line":12,"column":null}},"8":{"start":{"line":13,"column":23},"end":{"line":13,"column":null}},"9":{"start":{"line":14,"column":22},"end":{"line":14,"column":null}},"10":{"start":{"line":16,"column":17},"end":{"line":52,"column":null}},"11":{"start":{"line":55,"column":15},"end":{"line":55,"column":null}},"12":{"start":{"line":56,"column":2},"end":{"line":56,"column":null}},"13":{"start":{"line":56,"column":34},"end":{"line":56,"column":null}},"14":{"start":{"line":57,"column":2},"end":{"line":57,"column":null}},"15":{"start":{"line":57,"column":50},"end":{"line":57,"column":null}},"16":{"start":{"line":58,"column":2},"end":{"line":58,"column":null}},"17":{"start":{"line":58,"column":34},"end":{"line":58,"column":null}},"18":{"start":{"line":59,"column":2},"end":{"line":59,"column":null}},"19":{"start":{"line":59,"column":36},"end":{"line":59,"column":null}},"20":{"start":{"line":60,"column":2},"end":{"line":60,"column":null}},"21":{"start":{"line":60,"column":39},"end":{"line":60,"column":null}},"22":{"start":{"line":61,"column":2},"end":{"line":61,"column":null}},"23":{"start":{"line":61,"column":34},"end":{"line":61,"column":null}},"24":{"start":{"line":62,"column":2},"end":{"line":62,"column":null}},"25":{"start":{"line":62,"column":35},"end":{"line":62,"column":null}},"26":{"start":{"line":63,"column":2},"end":{"line":63,"column":null}},"27":{"start":{"line":63,"column":34},"end":{"line":63,"column":null}},"28":{"start":{"line":64,"column":2},"end":{"line":64,"column":null}},"29":{"start":{"line":64,"column":36},"end":{"line":64,"column":null}},"30":{"start":{"line":65,"column":2},"end":{"line":65,"column":null}},"31":{"start":{"line":65,"column":37},"end":{"line":65,"column":null}},"32":{"start":{"line":66,"column":2},"end":{"line":66,"column":null}},"33":{"start":{"line":66,"column":36},"end":{"line":66,"column":null}},"34":{"start":{"line":67,"column":2},"end":{"line":67,"column":null}},"35":{"start":{"line":70,"column":18},"end":{"line":82,"column":null}},"36":{"start":{"line":85,"column":2},"end":{"line":85,"column":null}},"37":{"start":{"line":85,"column":10},"end":{"line":85,"column":null}},"38":{"start":{"line":86,"column":2},"end":{"line":113,"column":null}},"39":{"start":{"line":88,"column":6},"end":{"line":88,"column":null}},"40":{"start":{"line":90,"column":6},"end":{"line":90,"column":null}},"41":{"start":{"line":92,"column":6},"end":{"line":92,"column":null}},"42":{"start":{"line":94,"column":6},"end":{"line":94,"column":null}},"43":{"start":{"line":96,"column":6},"end":{"line":96,"column":null}},"44":{"start":{"line":98,"column":6},"end":{"line":98,"column":null}},"45":{"start":{"line":100,"column":6},"end":{"line":100,"column":null}},"46":{"start":{"line":102,"column":6},"end":{"line":102,"column":null}},"47":{"start":{"line":104,"column":6},"end":{"line":104,"column":null}},"48":{"start":{"line":106,"column":6},"end":{"line":106,"column":null}},"49":{"start":{"line":108,"column":22},"end":{"line":108,"column":null}},"50":{"start":{"line":109,"column":6},"end":{"line":109,"column":null}},"51":{"start":{"line":109,"column":33},"end":{"line":109,"column":55}},"52":{"start":{"line":112,"column":6},"end":{"line":112,"column":null}},"53":{"start":{"line":118,"column":15},"end":{"line":118,"column":null}},"54":{"start":{"line":119,"column":2},"end":{"line":121,"column":null}},"55":{"start":{"line":120,"column":4},"end":{"line":120,"column":null}},"56":{"start":{"line":122,"column":16},"end":{"line":128,"column":null}},"57":{"start":{"line":122,"column":35},"end":{"line":128,"column":3}},"58":{"start":{"line":129,"column":18},"end":{"line":129,"column":null}},"59":{"start":{"line":129,"column":38},"end":{"line":129,"column":42}},"60":{"start":{"line":130,"column":2},"end":{"line":134,"column":null}}},"fnMap":{"0":{"name":"collectKeys","decl":{"start":{"line":54,"column":9},"end":{"line":54,"column":20}},"loc":{"start":{"line":54,"column":31},"end":{"line":68,"column":null}},"line":54},"1":{"name":"statusForKey","decl":{"start":{"line":84,"column":9},"end":{"line":84,"column":21}},"loc":{"start":{"line":84,"column":30},"end":{"line":114,"column":null}},"line":84},"2":{"name":"(anonymous_2)","decl":{"start":{"line":109,"column":26},"end":{"line":109,"column":27}},"loc":{"start":{"line":109,"column":33},"end":{"line":109,"column":55}},"line":109},"3":{"name":"computeEngineIntegrationReadiness","decl":{"start":{"line":117,"column":16},"end":{"line":117,"column":49}},"loc":{"start":{"line":117,"column":74},"end":{"line":135,"column":null}},"line":117},"4":{"name":"(anonymous_4)","decl":{"start":{"line":122,"column":25},"end":{"line":122,"column":26}},"loc":{"start":{"line":122,"column":35},"end":{"line":128,"column":3}},"line":122},"5":{"name":"(anonymous_5)","decl":{"start":{"line":129,"column":31},"end":{"line":129,"column":32}},"loc":{"start":{"line":129,"column":38},"end":{"line":129,"column":42}},"line":129}},"branchMap":{"0":{"loc":{"start":{"line":55,"column":23},"end":{"line":55,"column":47}},"type":"binary-expr","locations":[{"start":{"line":55,"column":23},"end":{"line":55,"column":41}},{"start":{"line":55,"column":45},"end":{"line":55,"column":47}}],"line":55},"1":{"loc":{"start":{"line":56,"column":2},"end":{"line":56,"column":null}},"type":"if","locations":[{"start":{"line":56,"column":2},"end":{"line":56,"column":null}},{"start":{},"end":{}}],"line":56},"2":{"loc":{"start":{"line":57,"column":2},"end":{"line":57,"column":null}},"type":"if","locations":[{"start":{"line":57,"column":2},"end":{"line":57,"column":null}},{"start":{},"end":{}}],"line":57},"3":{"loc":{"start":{"line":58,"column":2},"end":{"line":58,"column":null}},"type":"if","locations":[{"start":{"line":58,"column":2},"end":{"line":58,"column":null}},{"start":{},"end":{}}],"line":58},"4":{"loc":{"start":{"line":59,"column":2},"end":{"line":59,"column":null}},"type":"if","locations":[{"start":{"line":59,"column":2},"end":{"line":59,"column":null}},{"start":{},"end":{}}],"line":59},"5":{"loc":{"start":{"line":60,"column":2},"end":{"line":60,"column":null}},"type":"if","locations":[{"start":{"line":60,"column":2},"end":{"line":60,"column":null}},{"start":{},"end":{}}],"line":60},"6":{"loc":{"start":{"line":61,"column":2},"end":{"line":61,"column":null}},"type":"if","locations":[{"start":{"line":61,"column":2},"end":{"line":61,"column":null}},{"start":{},"end":{}}],"line":61},"7":{"loc":{"start":{"line":62,"column":2},"end":{"line":62,"column":null}},"type":"if","locations":[{"start":{"line":62,"column":2},"end":{"line":62,"column":null}},{"start":{},"end":{}}],"line":62},"8":{"loc":{"start":{"line":63,"column":2},"end":{"line":63,"column":null}},"type":"if","locations":[{"start":{"line":63,"column":2},"end":{"line":63,"column":null}},{"start":{},"end":{}}],"line":63},"9":{"loc":{"start":{"line":64,"column":2},"end":{"line":64,"column":null}},"type":"if","locations":[{"start":{"line":64,"column":2},"end":{"line":64,"column":null}},{"start":{},"end":{}}],"line":64},"10":{"loc":{"start":{"line":65,"column":2},"end":{"line":65,"column":null}},"type":"if","locations":[{"start":{"line":65,"column":2},"end":{"line":65,"column":null}},{"start":{},"end":{}}],"line":65},"11":{"loc":{"start":{"line":66,"column":2},"end":{"line":66,"column":null}},"type":"if","locations":[{"start":{"line":66,"column":2},"end":{"line":66,"column":null}},{"start":{},"end":{}}],"line":66},"12":{"loc":{"start":{"line":85,"column":2},"end":{"line":85,"column":null}},"type":"if","locations":[{"start":{"line":85,"column":2},"end":{"line":85,"column":null}},{"start":{},"end":{}}],"line":85},"13":{"loc":{"start":{"line":86,"column":2},"end":{"line":113,"column":null}},"type":"switch","locations":[{"start":{"line":87,"column":4},"end":{"line":88,"column":null}},{"start":{"line":89,"column":4},"end":{"line":90,"column":null}},{"start":{"line":91,"column":4},"end":{"line":92,"column":null}},{"start":{"line":93,"column":4},"end":{"line":94,"column":null}},{"start":{"line":95,"column":4},"end":{"line":96,"column":null}},{"start":{"line":97,"column":4},"end":{"line":98,"column":null}},{"start":{"line":99,"column":4},"end":{"line":100,"column":null}},{"start":{"line":101,"column":4},"end":{"line":102,"column":null}},{"start":{"line":103,"column":4},"end":{"line":104,"column":null}},{"start":{"line":105,"column":4},"end":{"line":106,"column":null}},{"start":{"line":107,"column":4},"end":{"line":110,"column":null}},{"start":{"line":111,"column":4},"end":{"line":112,"column":null}}],"line":86},"14":{"loc":{"start":{"line":88,"column":22},"end":{"line":88,"column":56}},"type":"binary-expr","locations":[{"start":{"line":88,"column":22},"end":{"line":88,"column":50}},{"start":{"line":88,"column":54},"end":{"line":88,"column":56}}],"line":88},"15":{"loc":{"start":{"line":92,"column":22},"end":{"line":92,"column":44}},"type":"binary-expr","locations":[{"start":{"line":92,"column":22},"end":{"line":92,"column":38}},{"start":{"line":92,"column":42},"end":{"line":92,"column":44}}],"line":92},"16":{"loc":{"start":{"line":94,"column":13},"end":{"line":94,"column":null}},"type":"binary-expr","locations":[{"start":{"line":94,"column":13},"end":{"line":94,"column":59}},{"start":{"line":94,"column":63},"end":{"line":94,"column":null}}],"line":94},"17":{"loc":{"start":{"line":94,"column":22},"end":{"line":94,"column":51}},"type":"binary-expr","locations":[{"start":{"line":94,"column":22},"end":{"line":94,"column":45}},{"start":{"line":94,"column":49},"end":{"line":94,"column":51}}],"line":94},"18":{"loc":{"start":{"line":94,"column":72},"end":{"line":94,"column":95}},"type":"binary-expr","locations":[{"start":{"line":94,"column":72},"end":{"line":94,"column":89}},{"start":{"line":94,"column":93},"end":{"line":94,"column":95}}],"line":94},"19":{"loc":{"start":{"line":96,"column":22},"end":{"line":96,"column":39}},"type":"binary-expr","locations":[{"start":{"line":96,"column":22},"end":{"line":96,"column":33}},{"start":{"line":96,"column":37},"end":{"line":96,"column":39}}],"line":96},"20":{"loc":{"start":{"line":98,"column":13},"end":{"line":98,"column":null}},"type":"binary-expr","locations":[{"start":{"line":98,"column":13},"end":{"line":98,"column":39}},{"start":{"line":98,"column":43},"end":{"line":98,"column":null}}],"line":98},"21":{"loc":{"start":{"line":100,"column":13},"end":{"line":100,"column":null}},"type":"binary-expr","locations":[{"start":{"line":100,"column":13},"end":{"line":100,"column":49}},{"start":{"line":100,"column":53},"end":{"line":100,"column":null}}],"line":100},"22":{"loc":{"start":{"line":100,"column":22},"end":{"line":100,"column":41}},"type":"binary-expr","locations":[{"start":{"line":100,"column":22},"end":{"line":100,"column":35}},{"start":{"line":100,"column":39},"end":{"line":100,"column":41}}],"line":100},"23":{"loc":{"start":{"line":102,"column":13},"end":{"line":102,"column":null}},"type":"binary-expr","locations":[{"start":{"line":102,"column":13},"end":{"line":102,"column":50}},{"start":{"line":102,"column":54},"end":{"line":102,"column":null}}],"line":102},"24":{"loc":{"start":{"line":104,"column":13},"end":{"line":104,"column":null}},"type":"binary-expr","locations":[{"start":{"line":104,"column":13},"end":{"line":104,"column":45}},{"start":{"line":104,"column":49},"end":{"line":104,"column":null}}],"line":104},"25":{"loc":{"start":{"line":108,"column":22},"end":{"line":108,"column":null}},"type":"cond-expr","locations":[{"start":{"line":108,"column":49},"end":{"line":108,"column":58}},{"start":{"line":108,"column":61},"end":{"line":108,"column":null}}],"line":108},"26":{"loc":{"start":{"line":109,"column":40},"end":{"line":109,"column":47}},"type":"binary-expr","locations":[{"start":{"line":109,"column":40},"end":{"line":109,"column":41}},{"start":{"line":109,"column":45},"end":{"line":109,"column":47}}],"line":109},"27":{"loc":{"start":{"line":119,"column":2},"end":{"line":121,"column":null}},"type":"if","locations":[{"start":{"line":119,"column":2},"end":{"line":121,"column":null}},{"start":{},"end":{}}],"line":119},"28":{"loc":{"start":{"line":124,"column":11},"end":{"line":124,"column":39}},"type":"binary-expr","locations":[{"start":{"line":124,"column":11},"end":{"line":124,"column":32}},{"start":{"line":124,"column":36},"end":{"line":124,"column":39}}],"line":124},"29":{"loc":{"start":{"line":125,"column":11},"end":{"line":125,"column":45}},"type":"binary-expr","locations":[{"start":{"line":125,"column":11},"end":{"line":125,"column":32}},{"start":{"line":125,"column":36},"end":{"line":125,"column":45}}],"line":125}},"s":{"0":2,"1":2,"2":2,"3":2,"4":2,"5":2,"6":2,"7":2,"8":2,"9":2,"10":2,"11":2,"12":2,"13":0,"14":2,"15":0,"16":2,"17":0,"18":2,"19":0,"20":2,"21":0,"22":2,"23":0,"24":2,"25":0,"26":2,"27":0,"28":2,"29":0,"30":2,"31":2,"32":2,"33":0,"34":2,"35":2,"36":2,"37":0,"38":2,"39":0,"40":0,"41":0,"42":0,"43":0,"44":0,"45":0,"46":0,"47":0,"48":2,"49":0,"50":0,"51":0,"52":0,"53":2,"54":2,"55":0,"56":2,"57":2,"58":2,"59":2,"60":2},"f":{"0":2,"1":2,"2":0,"3":2,"4":2,"5":2},"b":{"0":[2,0],"1":[0,2],"2":[0,2],"3":[0,2],"4":[0,2],"5":[0,2],"6":[0,2],"7":[0,2],"8":[0,2],"9":[0,2],"10":[2,0],"11":[0,2],"12":[0,2],"13":[0,0,0,0,0,0,0,0,0,2,0,0],"14":[0,0],"15":[0,0],"16":[0,0],"17":[0,0],"18":[0,0],"19":[0,0],"20":[0,0],"21":[0,0],"22":[0,0],"23":[0,0],"24":[0,0],"25":[0,0],"26":[0,0],"27":[0,2],"28":[2,0],"29":[2,0]},"meta":{"lastBranch":30,"lastFunction":6,"lastStatement":61,"seen":{"s:5:20:5:Infinity":0,"s:6:20:6:Infinity":1,"s:7:22:7:Infinity":2,"s:8:25:8:Infinity":3,"s:9:20:9:Infinity":4,"s:10:21:10:Infinity":5,"s:11:20:11:Infinity":6,"s:12:22:12:Infinity":7,"s:13:23:13:Infinity":8,"s:14:22:14:Infinity":9,"s:16:17:52:Infinity":10,"f:54:9:54:20":0,"s:55:15:55:Infinity":11,"b:55:23:55:41:55:45:55:47":0,"b:56:2:56:Infinity:undefined:undefined:undefined:undefined":1,"s:56:2:56:Infinity":12,"s:56:34:56:Infinity":13,"b:57:2:57:Infinity:undefined:undefined:undefined:undefined":2,"s:57:2:57:Infinity":14,"s:57:50:57:Infinity":15,"b:58:2:58:Infinity:undefined:undefined:undefined:undefined":3,"s:58:2:58:Infinity":16,"s:58:34:58:Infinity":17,"b:59:2:59:Infinity:undefined:undefined:undefined:undefined":4,"s:59:2:59:Infinity":18,"s:59:36:59:Infinity":19,"b:60:2:60:Infinity:undefined:undefined:undefined:undefined":5,"s:60:2:60:Infinity":20,"s:60:39:60:Infinity":21,"b:61:2:61:Infinity:undefined:undefined:undefined:undefined":6,"s:61:2:61:Infinity":22,"s:61:34:61:Infinity":23,"b:62:2:62:Infinity:undefined:undefined:undefined:undefined":7,"s:62:2:62:Infinity":24,"s:62:35:62:Infinity":25,"b:63:2:63:Infinity:undefined:undefined:undefined:undefined":8,"s:63:2:63:Infinity":26,"s:63:34:63:Infinity":27,"b:64:2:64:Infinity:undefined:undefined:undefined:undefined":9,"s:64:2:64:Infinity":28,"s:64:36:64:Infinity":29,"b:65:2:65:Infinity:undefined:undefined:undefined:undefined":10,"s:65:2:65:Infinity":30,"s:65:37:65:Infinity":31,"b:66:2:66:Infinity:undefined:undefined:undefined:undefined":11,"s:66:2:66:Infinity":32,"s:66:36:66:Infinity":33,"s:67:2:67:Infinity":34,"s:70:18:82:Infinity":35,"f:84:9:84:21":1,"b:85:2:85:Infinity:undefined:undefined:undefined:undefined":12,"s:85:2:85:Infinity":36,"s:85:10:85:Infinity":37,"b:87:4:88:Infinity:89:4:90:Infinity:91:4:92:Infinity:93:4:94:Infinity:95:4:96:Infinity:97:4:98:Infinity:99:4:100:Infinity:101:4:102:Infinity:103:4:104:Infinity:105:4:106:Infinity:107:4:110:Infinity:111:4:112:Infinity":13,"s:86:2:113:Infinity":38,"s:88:6:88:Infinity":39,"b:88:22:88:50:88:54:88:56":14,"s:90:6:90:Infinity":40,"s:92:6:92:Infinity":41,"b:92:22:92:38:92:42:92:44":15,"s:94:6:94:Infinity":42,"b:94:13:94:59:94:63:94:Infinity":16,"b:94:22:94:45:94:49:94:51":17,"b:94:72:94:89:94:93:94:95":18,"s:96:6:96:Infinity":43,"b:96:22:96:33:96:37:96:39":19,"s:98:6:98:Infinity":44,"b:98:13:98:39:98:43:98:Infinity":20,"s:100:6:100:Infinity":45,"b:100:13:100:49:100:53:100:Infinity":21,"b:100:22:100:35:100:39:100:41":22,"s:102:6:102:Infinity":46,"b:102:13:102:50:102:54:102:Infinity":23,"s:104:6:104:Infinity":47,"b:104:13:104:45:104:49:104:Infinity":24,"s:106:6:106:Infinity":48,"s:108:22:108:Infinity":49,"b:108:49:108:58:108:61:108:Infinity":25,"s:109:6:109:Infinity":50,"f:109:26:109:27":2,"s:109:33:109:55":51,"b:109:40:109:41:109:45:109:47":26,"s:112:6:112:Infinity":52,"f:117:16:117:49":3,"s:118:15:118:Infinity":53,"b:119:2:121:Infinity:undefined:undefined:undefined:undefined":27,"s:119:2:121:Infinity":54,"s:120:4:120:Infinity":55,"s:122:16:128:Infinity":56,"f:122:25:122:26":4,"s:122:35:128:3":57,"b:124:11:124:32:124:36:124:39":28,"b:125:11:125:32:125:36:125:45":29,"s:129:18:129:Infinity":58,"f:129:31:129:32":5,"s:129:38:129:42":59,"s:130:2:134:Infinity":60},"fnNames":{}}}
,"/home/israel/weissman-cybersecurity/frontend/src/lib/engineParamDefsExplicit.js": {"path":"/home/israel/weissman-cybersecurity/frontend/src/lib/engineParamDefsExplicit.js","statementMap":{"0":{"start":{"line":5,"column":35},"end":{"line":757,"column":null}}},"fnMap":{},"branchMap":{},"s":{"0":7},"f":{},"b":{},"meta":{"lastBranch":0,"lastFunction":0,"lastStatement":1,"seen":{"s:5:35:757:Infinity":0},"fnNames":{}}}
,"/home/israel/weissman-cybersecurity/frontend/src/lib/engineParamDefsGroups.js": {"path":"/home/israel/weissman-cybersecurity/frontend/src/lib/engineParamDefsGroups.js","statementMap":{"0":{"start":{"line":1,"column":28},"end":{"line":24,"column":null}}},"fnMap":{},"branchMap":{},"s":{"0":7},"f":{},"b":{},"meta":{"lastBranch":0,"lastFunction":0,"lastStatement":1,"seen":{"s:1:28:24:Infinity":0},"fnNames":{}}}
,"/home/israel/weissman-cybersecurity/frontend/src/lib/engineParamDefsLoader.js": {"path":"/home/israel/weissman-cybersecurity/frontend/src/lib/engineParamDefsLoader.js","statementMap":{"0":{"start":{"line":6,"column":23},"end":{"line":6,"column":null}},"1":{"start":{"line":9,"column":21},"end":{"line":9,"column":null}},"2":{"start":{"line":12,"column":2},"end":{"line":12,"column":null}},"3":{"start":{"line":12,"column":22},"end":{"line":12,"column":null}},"4":{"start":{"line":13,"column":2},"end":{"line":21,"column":null}},"5":{"start":{"line":14,"column":4},"end":{"line":20,"column":null}},"6":{"start":{"line":18,"column":6},"end":{"line":18,"column":null}},"7":{"start":{"line":19,"column":6},"end":{"line":19,"column":null}},"8":{"start":{"line":22,"column":2},"end":{"line":22,"column":null}},"9":{"start":{"line":26,"column":2},"end":{"line":26,"column":null}},"10":{"start":{"line":30,"column":2},"end":{"line":30,"column":null}}},"fnMap":{"0":{"name":"loadGeneratedParamDefs","decl":{"start":{"line":11,"column":16},"end":{"line":11,"column":38}},"loc":{"start":{"line":11,"column":41},"end":{"line":23,"column":null}},"line":11},"1":{"name":"(anonymous_1)","decl":{"start":{"line":17,"column":11},"end":{"line":17,"column":12}},"loc":{"start":{"line":17,"column":20},"end":{"line":20,"column":5}},"line":17},"2":{"name":"prefetchEngineParamDefs","decl":{"start":{"line":25,"column":16},"end":{"line":25,"column":39}},"loc":{"start":{"line":25,"column":42},"end":{"line":27,"column":null}},"line":25},"3":{"name":"getGeneratedParamDefsSync","decl":{"start":{"line":29,"column":16},"end":{"line":29,"column":41}},"loc":{"start":{"line":29,"column":44},"end":{"line":31,"column":null}},"line":29}},"branchMap":{"0":{"loc":{"start":{"line":12,"column":2},"end":{"line":12,"column":null}},"type":"if","locations":[{"start":{"line":12,"column":2},"end":{"line":12,"column":null}},{"start":{},"end":{}}],"line":12},"1":{"loc":{"start":{"line":13,"column":2},"end":{"line":21,"column":null}},"type":"if","locations":[{"start":{"line":13,"column":2},"end":{"line":21,"column":null}},{"start":{},"end":{}}],"line":13},"2":{"loc":{"start":{"line":18,"column":23},"end":{"line":18,"column":null}},"type":"binary-expr","locations":[{"start":{"line":18,"column":23},"end":{"line":18,"column":47}},{"start":{"line":18,"column":51},"end":{"line":18,"column":null}}],"line":18}},"s":{"0":7,"1":7,"2":2,"3":1,"4":1,"5":1,"6":1,"7":1,"8":1,"9":0,"10":1},"f":{"0":2,"1":1,"2":0,"3":1},"b":{"0":[1,1],"1":[1,0],"2":[1,0]},"meta":{"lastBranch":3,"lastFunction":4,"lastStatement":11,"seen":{"s:6:23:6:Infinity":0,"s:9:21:9:Infinity":1,"f:11:16:11:38":0,"b:12:2:12:Infinity:undefined:undefined:undefined:undefined":0,"s:12:2:12:Infinity":2,"s:12:22:12:Infinity":3,"b:13:2:21:Infinity:undefined:undefined:undefined:undefined":1,"s:13:2:21:Infinity":4,"s:14:4:20:Infinity":5,"f:17:11:17:12":1,"s:18:6:18:Infinity":6,"b:18:23:18:47:18:51:18:Infinity":2,"s:19:6:19:Infinity":7,"s:22:2:22:Infinity":8,"f:25:16:25:39":2,"s:26:2:26:Infinity":9,"f:29:16:29:41":3,"s:30:2:30:Infinity":10},"fnNames":{}}}
[...]
,"/home/israel/weissman-cybersecurity/frontend/src/lib/realityKindMeta.js": {"path":"/home/israel/weissman-cybersecurity/frontend/src/lib/realityKindMeta.js","statementMap":{"0":{"start":{"line":2,"column":33},"end":{"line":31,"column":null}}},"fnMap":{},"branchMap":{},"s":{"0":2},"f":{},"b":{},"meta":{"lastBranch":0,"lastFunction":0,"lastStatement":1,"seen":{"s:2:33:31:Infinity":0},"fnNames":{}}}
,"/home/israel/weissman-cybersecurity/frontend/src/lib/routeEvidence.js": {"path":"/home/israel/weissman-cybersecurity/frontend/src/lib/routeEvidence.js","statementMap":{"0":{"start":{"line":7,"column":35},"end":{"line":37,"column":null}},"1":{"start":{"line":40,"column":42},"end":{"line":43,"column":null}},"2":{"start":{"line":46,"column":30},"end":{"line":112,"column":null}},"3":{"start":{"line":115,"column":37},"end":{"line":125,"column":null}},"4":{"start":{"line":128,"column":12},"end":{"line":128,"column":null}},"5":{"start":{"line":129,"column":2},"end":{"line":129,"column":null}},"6":{"start":{"line":133,"column":2},"end":{"line":133,"column":null}},"7":{"start":{"line":133,"column":37},"end":{"line":133,"column":null}},"8":{"start":{"line":134,"column":2},"end":{"line":136,"column":null}},"9":{"start":{"line":135,"column":16},"end":{"line":135,"column":77}},"10":{"start":{"line":140,"column":2},"end":{"line":140,"column":null}},"11":{"start":{"line":140,"column":28},"end":{"line":140,"column":null}},"12":{"start":{"line":141,"column":2},"end":{"line":143,"column":null}},"13":{"start":{"line":142,"column":4},"end":{"line":142,"column":null}},"14":{"start":{"line":142,"column":71},"end":{"line":142,"column":null}},"15":{"start":{"line":144,"column":2},"end":{"line":144,"column":null}},"16":{"start":{"line":153,"column":15},"end":{"line":153,"column":null}},"17":{"start":{"line":154,"column":2},"end":{"line":154,"column":null}},"18":{"start":{"line":154,"column":23},"end":{"line":154,"column":null}},"19":{"start":{"line":155,"column":14},"end":{"line":155,"column":null}},"20":{"start":{"line":156,"column":2},"end":{"line":156,"column":null}},"21":{"start":{"line":156,"column":12},"end":{"line":156,"column":null}},"22":{"start":{"line":157,"column":15},"end":{"line":157,"column":null}},"23":{"start":{"line":158,"column":2},"end":{"line":158,"column":null}}},"fnMap":{"0":{"name":"normalizePath","decl":{"start":{"line":127,"column":9},"end":{"line":127,"column":22}},"loc":{"start":{"line":127,"column":33},"end":{"line":130,"column":null}},"line":127},"1":{"name":"isSkipped","decl":{"start":{"line":132,"column":9},"end":{"line":132,"column":18}},"loc":{"start":{"line":132,"column":25},"end":{"line":137,"column":null}},"line":132},"2":{"name":"(anonymous_2)","decl":{"start":{"line":135,"column":4},"end":{"line":135,"column":5}},"loc":{"start":{"line":135,"column":16},"end":{"line":135,"column":77}},"line":135},"3":{"name":"resolveKey","decl":{"start":{"line":139,"column":9},"end":{"line":139,"column":19}},"loc":{"start":{"line":139,"column":26},"end":{"line":145,"column":null}},"line":139},"4":{"name":"resolveRouteEvidence","decl":{"start":{"line":152,"column":16},"end":{"line":152,"column":36}},"loc":{"start":{"line":152,"column":50},"end":{"line":159,"column":null}},"line":152}},"branchMap":{"0":{"loc":{"start":{"line":128,"column":12},"end":{"line":128,"column":null}},"type":"binary-expr","locations":[{"start":{"line":128,"column":12},"end":{"line":128,"column":47}},{"start":{"line":128,"column":51},"end":{"line":128,"column":null}}],"line":128},"1":{"loc":{"start":{"line":128,"column":13},"end":{"line":128,"column":27}},"type":"binary-expr","locations":[{"start":{"line":128,"column":13},"end":{"line":128,"column":21}},{"start":{"line":128,"column":25},"end":{"line":128,"column":27}}],"line":128},"2":{"loc":{"start":{"line":133,"column":2},"end":{"line":133,"column":null}},"type":"if","locations":[{"start":{"line":133,"column":2},"end":{"line":133,"column":null}},{"start":{},"end":{}}],"line":133},"3":{"loc":{"start":{"line":135,"column":16},"end":{"line":135,"column":77}},"type":"binary-expr","locations":[{"start":{"line":135,"column":16},"end":{"line":135,"column":50}},{"start":{"line":135,"column":54},"end":{"line":135,"column":77}}],"line":135},"4":{"loc":{"start":{"line":140,"column":2},"end":{"line":140,"column":null}},"type":"if","locations":[{"start":{"line":140,"column":2},"end":{"line":140,"column":null}},{"start":{},"end":{}}],"line":140},"5":{"loc":{"start":{"line":142,"column":4},"end":{"line":142,"column":null}},"type":"if","locations":[{"start":{"line":142,"column":4},"end":{"line":142,"column":null}},{"start":{},"end":{}}],"line":142},"6":{"loc":{"start":{"line":142,"column":8},"end":{"line":142,"column":69}},"type":"binary-expr","locations":[{"start":{"line":142,"column":8},"end":{"line":142,"column":42}},{"start":{"line":142,"column":46},"end":{"line":142,"column":69}}],"line":142},"7":{"loc":{"start":{"line":154,"column":2},"end":{"line":154,"column":null}},"type":"if","locations":[{"start":{"line":154,"column":2},"end":{"line":154,"column":null}},{"start":{},"end":{}}],"line":154},"8":{"loc":{"start":{"line":156,"column":2},"end":{"line":156,"column":null}},"type":"if","locations":[{"start":{"line":156,"column":2},"end":{"line":156,"column":null}},{"start":{},"end":{}}],"line":156},"9":{"loc":{"start":{"line":158,"column":9},"end":{"line":158,"column":null}},"type":"cond-expr","locations":[{"start":{"line":158,"column":32},"end":{"line":158,"column":36}},{"start":{"line":158,"column":39},"end":{"line":158,"column":null}}],"line":158},"10":{"loc":{"start":{"line":158,"column":9},"end":{"line":158,"column":29}},"type":"binary-expr","locations":[{"start":{"line":158,"column":9},"end":{"line":158,"column":13}},{"start":{"line":158,"column":17},"end":{"line":158,"column":29}}],"line":158}},"s":{"0":2,"1":2,"2":2,"3":2,"4":16,"5":16,"6":16,"7":5,"8":11,"9":21,"10":9,"11":5,"12":4,"13":15,"14":3,"15":1,"16":16,"17":16,"18":7,"19":9,"20":9,"21":1,"22":8,"23":8},"f":{"0":16,"1":16,"2":21,"3":9,"4":16},"b":{"0":[16,0],"1":[16,0],"2":[5,11],"3":[21,21],"4":[5,4],"5":[3,12],"6":[15,15],"7":[7,9],"8":[1,8],"9":[6,2],"10":[8,8]},"meta":{"lastBranch":11,"lastFunction":5,"lastStatement":24,"seen":{"s:7:35:37:Infinity":0,"s:40:42:43:Infinity":1,"s:46:30:112:Infinity":2,"s:115:37:125:Infinity":3,"f:127:9:127:22":0,"s:128:12:128:Infinity":4,"b:128:12:128:47:128:51:128:Infinity":0,"b:128:13:128:21:128:25:128:27":1,"s:129:2:129:Infinity":5,"f:132:9:132:18":1,"b:133:2:133:Infinity:undefined:undefined:undefined:undefined":2,"s:133:2:133:Infinity":6,"s:133:37:133:Infinity":7,"s:134:2:136:Infinity":8,"f:135:4:135:5":2,"s:135:16:135:77":9,"b:135:16:135:50:135:54:135:77":3,"f:139:9:139:19":3,"b:140:2:140:Infinity:undefined:undefined:undefined:undefined":4,"s:140:2:140:Infinity":10,"s:140:28:140:Infinity":11,"s:141:2:143:Infinity":12,"b:142:4:142:Infinity:undefined:undefined:undefined:undefined":5,"s:142:4:142:Infinity":13,"b:142:8:142:42:142:46:142:69":6,"s:142:71:142:Infinity":14,"s:144:2:144:Infinity":15,"f:152:16:152:36":4,"s:153:15:153:Infinity":16,"b:154:2:154:Infinity:undefined:undefined:undefined:undefined":7,"s:154:2:154:Infinity":17,"s:154:23:154:Infinity":18,"s:155:14:155:Infinity":19,"b:156:2:156:Infinity:undefined:undefined:undefined:undefined":8,"s:156:2:156:Infinity":20,"s:156:12:156:Infinity":21,"s:157:15:157:Infinity":22,"s:158:2:158:Infinity":23,"b:158:32:158:36:158:39:158:Infinity":9,"b:158:9:158:13:158:17:158:29":10},"fnNames":{}}}
,"/home/israel/weissman-cybersecurity/frontend/src/lib/sanitizeFinding.js": {"path":"/home/israel/weissman-cybersecurity/frontend/src/lib/sanitizeFinding.js","statementMap":{"0":{"start":{"line":6,"column":2},"end":{"line":6,"column":null}},"1":{"start":{"line":6,"column":21},"end":{"line":6,"column":null}},"2":{"start":{"line":7,"column":10},"end":{"line":7,"column":null}},"3":{"start":{"line":8,"column":2},"end":{"line":8,"column":null}},"4":{"start":{"line":9,"column":2},"end":{"line":11,"column":null}},"5":{"start":{"line":10,"column":4},"end":{"line":10,"column":null}},"6":{"start":{"line":12,"column":2},"end":{"line":12,"column":null}}},"fnMap":{"0":{"name":"sanitizeFindingPlainText","decl":{"start":{"line":5,"column":16},"end":{"line":5,"column":40}},"loc":{"start":{"line":5,"column":66},"end":{"line":13,"column":null}},"line":5}},"branchMap":{"0":{"loc":{"start":{"line":5,"column":48},"end":{"line":5,"column":64}},"type":"default-arg","locations":[{"start":{"line":5,"column":57},"end":{"line":5,"column":64}}],"line":5},"1":{"loc":{"start":{"line":6,"column":2},"end":{"line":6,"column":null}},"type":"if","locations":[{"start":{"line":6,"column":2},"end":{"line":6,"column":null}},{"start":{},"end":{}}],"line":6},"2":{"loc":{"start":{"line":7,"column":10},"end":{"line":7,"column":null}},"type":"cond-expr","locations":[{"start":{"line":7,"column":38},"end":{"line":7,"column":43}},{"start":{"line":7,"column":46},"end":{"line":7,"column":null}}],"line":7},"3":{"loc":{"start":{"line":9,"column":2},"end":{"line":11,"column":null}},"type":"if","locations":[{"start":{"line":9,"column":2},"end":{"line":11,"column":null}},{"start":{},"end":{}}],"line":9}},"s":{"0":12,"1":2,"2":10,"3":12,"4":12,"5":2,"6":10},"f":{"0":12},"b":{"0":[12],"1":[2,10],"2":[8,2],"3":[2,10]},"meta":{"lastBranch":4,"lastFunction":1,"lastStatement":7,"seen":{"f:5:16:5:40":0,"b:5:57:5:64":0,"b:6:2:6:Infinity:undefined:undefined:undefined:undefined":1,"s:6:2:6:Infinity":0,"s:6:21:6:Infinity":1,"s:7:10:7:Infinity":2,"b:7:38:7:43:7:46:7:Infinity":2,"s:8:2:8:Infinity":3,"b:9:2:11:Infinity:undefined:undefined:undefined:undefined":3,"s:9:2:11:Infinity":4,"s:10:4:10:Infinity":5,"s:12:2:12:Infinity":6},"fnNames":{}}}
,"/home/israel/weissman-cybersecurity/frontend/src/lib/stableGeoFromLabel.js": {"path":"/home/israel/weissman-cybersecurity/frontend/src/lib/stableGeoFromLabel.js","statementMap":{"0":{"start":{"line":5,"column":12},"end":{"line":5,"column":null}},"1":{"start":{"line":6,"column":2},"end":{"line":6,"column":null}},"2":{"start":{"line":6,"column":50},"end":{"line":6,"column":null}},"3":{"start":{"line":7,"column":2},"end":{"line":7,"column":null}},"4":{"start":{"line":7,"column":48},"end":{"line":7,"column":null}},"5":{"start":{"line":8,"column":2},"end":{"line":8,"column":null}},"6":{"start":{"line":8,"column":46},"end":{"line":8,"column":null}},"7":{"start":{"line":9,"column":2},"end":{"line":9,"column":null}},"8":{"start":{"line":9,"column":48},"end":{"line":9,"column":null}},"9":{"start":{"line":10,"column":2},"end":{"line":10,"column":null}},"10":{"start":{"line":10,"column":48},"end":{"line":10,"column":null}},"11":{"start":{"line":11,"column":10},"end":{"line":11,"column":null}},"12":{"start":{"line":12,"column":14},"end":{"line":12,"column":null}},"13":{"start":{"line":13,"column":2},"end":{"line":13,"column":null}},"14":{"start":{"line":13,"column":15},"end":{"line":13,"column":16}},"15":{"start":{"line":13,"column":39},"end":{"line":13,"column":null}},"16":{"start":{"line":14,"column":14},"end":{"line":14,"column":null}},"17":{"start":{"line":15,"column":14},"end":{"line":15,"column":null}},"18":{"start":{"line":16,"column":2},"end":{"line":16,"column":null}}},"fnMap":{"0":{"name":"stableGeoFromLabel","decl":{"start":{"line":4,"column":16},"end":{"line":4,"column":34}},"loc":{"start":{"line":4,"column":49},"end":{"line":17,"column":null}},"line":4}},"branchMap":{"0":{"loc":{"start":{"line":5,"column":13},"end":{"line":5,"column":31}},"type":"binary-expr","locations":[{"start":{"line":5,"column":13},"end":{"line":5,"column":25}},{"start":{"line":5,"column":29},"end":{"line":5,"column":31}}],"line":5},"1":{"loc":{"start":{"line":6,"column":2},"end":{"line":6,"column":null}},"type":"if","locations":[{"start":{"line":6,"column":2},"end":{"line":6,"column":null}},{"start":{},"end":{}}],"line":6},"2":{"loc":{"start":{"line":6,"column":6},"end":{"line":6,"column":48}},"type":"binary-expr","locations":[{"start":{"line":6,"column":6},"end":{"line":6,"column":25}},{"start":{"line":6,"column":29},"end":{"line":6,"column":48}}],"line":6},"3":{"loc":{"start":{"line":7,"column":2},"end":{"line":7,"column":null}},"type":"if","locations":[{"start":{"line":7,"column":2},"end":{"line":7,"column":null}},{"start":{},"end":{}}],"line":7},"4":{"loc":{"start":{"line":7,"column":6},"end":{"line":7,"column":46}},"type":"binary-expr","locations":[{"start":{"line":7,"column":6},"end":{"line":7,"column":22}},{"start":{"line":7,"column":26},"end":{"line":7,"column":46}}],"line":7},"5":{"loc":{"start":{"line":8,"column":2},"end":{"line":8,"column":null}},"type":"if","locations":[{"start":{"line":8,"column":2},"end":{"line":8,"column":null}},{"start":{},"end":{}}],"line":8},"6":{"loc":{"start":{"line":8,"column":6},"end":{"line":8,"column":44}},"type":"binary-expr","locations":[{"start":{"line":8,"column":6},"end":{"line":8,"column":24}},{"start":{"line":8,"column":28},"end":{"line":8,"column":44}}],"line":8},"7":{"loc":{"start":{"line":9,"column":2},"end":{"line":9,"column":null}},"type":"if","locations":[{"start":{"line":9,"column":2},"end":{"line":9,"column":null}},{"start":{},"end":{}}],"line":9},"8":{"loc":{"start":{"line":9,"column":6},"end":{"line":9,"column":46}},"type":"binary-expr","locations":[{"start":{"line":9,"column":6},"end":{"line":9,"column":22}},{"start":{"line":9,"column":26},"end":{"line":9,"column":46}}],"line":9},"9":{"loc":{"start":{"line":10,"column":2},"end":{"line":10,"column":null}},"type":"if","locations":[{"start":{"line":10,"column":2},"end":{"line":10,"column":null}},{"start":{},"end":{}}],"line":10},"10":{"loc":{"start":{"line":10,"column":6},"end":{"line":10,"column":46}},"type":"binary-expr","locations":[{"start":{"line":10,"column":6},"end":{"line":10,"column":22}},{"start":{"line":10,"column":26},"end":{"line":10,"column":46}}],"line":10},"11":{"loc":{"start":{"line":12,"column":14},"end":{"line":12,"column":null}},"type":"binary-expr","locations":[{"start":{"line":12,"column":14},"end":{"line":12,"column":15}},{"start":{"line":12,"column":19},"end":{"line":12,"column":null}}],"line":12}},"s":{"0":5,"1":5,"2":0,"3":5,"4":0,"5":5,"6":0,"7":5,"8":0,"9":5,"10":1,"11":4,"12":4,"13":5,"14":5,"15":8,"16":4,"17":4,"18":4},"f":{"0":5},"b":{"0":[5,0],"1":[0,5],"2":[5,5],"3":[0,5],"4":[5,5],"5":[0,5],"6":[5,5],"7":[0,5],"8":[5,5],"9":[1,4],"10":[5,5],"11":[4,0]},"meta":{"lastBranch":12,"lastFunction":1,"lastStatement":19,"seen":{"f:4:16:4:34":0,"s:5:12:5:Infinity":0,"b:5:13:5:25:5:29:5:31":0,"b:6:2:6:Infinity:undefined:undefined:undefined:undefined":1,"s:6:2:6:Infinity":1,"b:6:6:6:25:6:29:6:48":2,"s:6:50:6:Infinity":2,"b:7:2:7:Infinity:undefined:undefined:undefined:undefined":3,"s:7:2:7:Infinity":3,"b:7:6:7:22:7:26:7:46":4,"s:7:48:7:Infinity":4,"b:8:2:8:Infinity:undefined:undefined:undefined:undefined":5,"s:8:2:8:Infinity":5,"b:8:6:8:24:8:28:8:44":6,"s:8:46:8:Infinity":6,"b:9:2:9:Infinity:undefined:undefined:undefined:undefined":7,"s:9:2:9:Infinity":7,"b:9:6:9:22:9:26:9:46":8,"s:9:48:9:Infinity":8,"b:10:2:10:Infinity:undefined:undefined:undefined:undefined":9,"s:10:2:10:Infinity":9,"b:10:6:10:22:10:26:10:46":10,"s:10:48:10:Infinity":10,"s:11:10:11:Infinity":11,"s:12:14:12:Infinity":12,"b:12:14:12:15:12:19:12:Infinity":11,"s:13:2:13:Infinity":13,"s:13:15:13:16":14,"s:13:39:13:Infinity":15,"s:14:14:14:Infinity":16,"s:15:14:15:Infinity":17,"s:16:2:16:Infinity":18},"fnNames":{}}}
,"/home/israel/weissman-cybersecurity/frontend/src/lib/strategicEngineProgram.js": {"path":"/home/israel/weissman-cybersecurity/frontend/src/lib/strategicEngineProgram.js","statementMap":{"0":{"start":{"line":1,"column":40},"end":{"line":98,"column":null}},"1":{"start":{"line":101,"column":2},"end":{"line":101,"column":null}},"2":{"start":{"line":101,"column":48},"end":{"line":101,"column":71}}},"fnMap":{"0":{"name":"strategicEnginesNeedingDedicatedPage","decl":{"start":{"line":100,"column":16},"end":{"line":100,"column":52}},"loc":{"start":{"line":100,"column":55},"end":{"line":102,"column":null}},"line":100},"1":{"name":"(anonymous_1)","decl":{"start":{"line":101,"column":41},"end":{"line":101,"column":42}},"loc":{"start":{"line":101,"column":48},"end":{"line":101,"column":71}},"line":101}},"branchMap":{},"s":{"0":2,"1":2,"2":24},"f":{"0":2,"1":24},"b":{},"meta":{"lastBranch":0,"lastFunction":2,"lastStatement":3,"seen":{"s:1:40:98:Infinity":0,"f:100:16:100:52":0,"s:101:2:101:Infinity":1,"f:101:41:101:42":1,"s:101:48:101:71":2},"fnNames":{}}}
,"/home/israel/weissman-cybersecurity/frontend/src/lib/topTierEngineProfiles.js": {"path":"/home/israel/weissman-cybersecurity/frontend/src/lib/topTierEngineProfiles.js","statementMap":{"0":{"start":{"line":3,"column":35},"end":{"line":34,"column":null}},"1":{"start":{"line":36,"column":30},"end":{"line":40,"column":null}},"2":{"start":{"line":42,"column":17},"end":{"line":368,"column":null}},"3":{"start":{"line":371,"column":21},"end":{"line":371,"column":null}},"4":{"start":{"line":372,"column":18},"end":{"line":372,"column":null}},"5":{"start":{"line":373,"column":2},"end":{"line":373,"column":null}},"6":{"start":{"line":373,"column":31},"end":{"line":373,"column":null}},"7":{"start":{"line":374,"column":2},"end":{"line":381,"column":null}},"8":{"start":{"line":385,"column":2},"end":{"line":385,"column":null}}},"fnMap":{"0":{"name":"getTopTierProfile","decl":{"start":{"line":370,"column":16},"end":{"line":370,"column":33}},"loc":{"start":{"line":370,"column":44},"end":{"line":382,"column":null}},"line":370},"1":{"name":"isTopTierEngine","decl":{"start":{"line":384,"column":16},"end":{"line":384,"column":31}},"loc":{"start":{"line":384,"column":42},"end":{"line":386,"column":null}},"line":384}},"branchMap":{"0":{"loc":{"start":{"line":371,"column":21},"end":{"line":371,"column":null}},"type":"binary-expr","locations":[{"start":{"line":371,"column":21},"end":{"line":371,"column":44}},{"start":{"line":371,"column":48},"end":{"line":371,"column":null}}],"line":371},"1":{"loc":{"start":{"line":372,"column":18},"end":{"line":372,"column":null}},"type":"binary-expr","locations":[{"start":{"line":372,"column":18},"end":{"line":372,"column":36}},{"start":{"line":372,"column":40},"end":{"line":372,"column":null}}],"line":372},"2":{"loc":{"start":{"line":373,"column":2},"end":{"line":373,"column":null}},"type":"if","locations":[{"start":{"line":373,"column":2},"end":{"line":373,"column":null}},{"start":{},"end":{}}],"line":373},"3":{"loc":{"start":{"line":373,"column":6},"end":{"line":373,"column":29}},"type":"binary-expr","locations":[{"start":{"line":373,"column":6},"end":{"line":373,"column":14}},{"start":{"line":373,"column":18},"end":{"line":373,"column":29}}],"line":373}},"s":{"0":2,"1":2,"2":2,"3":1,"4":1,"5":1,"6":0,"7":1,"8":2},"f":{"0":1,"1":2},"b":{"0":[1,0],"1":[1,0],"2":[0,1],"3":[1,1]},"meta":{"lastBranch":4,"lastFunction":2,"lastStatement":9,"seen":{"s:3:35:34:Infinity":0,"s:36:30:40:Infinity":1,"s:42:17:368:Infinity":2,"f:370:16:370:33":0,"s:371:21:371:Infinity":3,"b:371:21:371:44:371:48:371:Infinity":0,"s:372:18:372:Infinity":4,"b:372:18:372:36:372:40:372:Infinity":1,"b:373:2:373:Infinity:undefined:undefined:undefined:undefined":2,"s:373:2:373:Infinity":5,"b:373:6:373:14:373:18:373:29":3,"s:373:31:373:Infinity":6,"s:374:2:381:Infinity":7,"f:384:16:384:31":1,"s:385:2:385:Infinity":8},"fnNames":{}}}
}
