{"/home/user/weissman-cybersecurity/frontend/src/battlespace/commanderIntent.js": {"path":"/home/user/weissman-cybersecurity/frontend/src/battlespace/commanderIntent.js","statementMap":{"0":{"start":{"line":6,"column":14},"end":{"line":6,"column":null}},"1":{"start":{"line":7,"column":14},"end":{"line":10,"column":null}},"2":{"start":{"line":8,"column":4},"end":{"line":8,"column":null}},"3":{"start":{"line":8,"column":21},"end":{"line":8,"column":null}},"4":{"start":{"line":9,"column":4},"end":{"line":9,"column":null}},"5":{"start":{"line":11,"column":2},"end":{"line":17,"column":null}},"6":{"start":{"line":12,"column":14},"end":{"line":12,"column":null}},"7":{"start":{"line":13,"column":14},"end":{"line":13,"column":null}},"8":{"start":{"line":14,"column":4},"end":{"line":14,"column":null}},"9":{"start":{"line":14,"column":18},"end":{"line":14,"column":null}},"10":{"start":{"line":15,"column":4},"end":{"line":15,"column":null}},"11":{"start":{"line":16,"column":4},"end":{"line":16,"column":null}},"12":{"start":{"line":18,"column":2},"end":{"line":18,"column":null}},"13":{"start":{"line":22,"column":2},"end":{"line":24,"column":null}},"14":{"start":{"line":23,"column":19},"end":{"line":23,"column":106}},"15":{"start":{"line":24,"column":16},"end":{"line":24,"column":28}},"16":{"start":{"line":31,"column":17},"end":{"line":31,"column":null}},"17":{"start":{"line":32,"column":19},"end":{"line":32,"column":null}},"18":{"start":{"line":33,"column":2},"end":{"line":33,"column":null}},"19":{"start":{"line":33,"column":28},"end":{"line":33,"column":null}},"20":{"start":{"line":35,"column":15},"end":{"line":35,"column":null}},"21":{"start":{"line":36,"column":16},"end":{"line":36,"column":null}},"22":{"start":{"line":37,"column":2},"end":{"line":42,"column":null}},"23":{"start":{"line":38,"column":15},"end":{"line":38,"column":null}},"24":{"start":{"line":39,"column":4},"end":{"line":39,"column":null}},"25":{"start":{"line":39,"column":39},"end":{"line":39,"column":null}},"26":{"start":{"line":40,"column":4},"end":{"line":40,"column":null}},"27":{"start":{"line":41,"column":4},"end":{"line":41,"column":null}},"28":{"start":{"line":43,"column":2},"end":{"line":49,"column":null}},"29":{"start":{"line":44,"column":4},"end":{"line":48,"column":null}},"30":{"start":{"line":45,"column":6},"end":{"line":45,"column":null}},"31":{"start":{"line":46,"column":6},"end":{"line":46,"column":null}},"32":{"start":{"line":47,"column":6},"end":{"line":47,"column":null}},"33":{"start":{"line":51,"column":2},"end":{"line":62,"column":null}},"34":{"start":{"line":52,"column":16},"end":{"line":52,"column":null}},"35":{"start":{"line":53,"column":14},"end":{"line":53,"column":null}},"36":{"start":{"line":54,"column":22},"end":{"line":54,"column":null}},"37":{"start":{"line":55,"column":4},"end":{"line":55,"column":null}},"38":{"start":{"line":55,"column":20},"end":{"line":55,"column":null}},"39":{"start":{"line":56,"column":4},"end":{"line":61,"column":null}},"40":{"start":{"line":57,"column":6},"end":{"line":60,"column":null}},"41":{"start":{"line":58,"column":8},"end":{"line":58,"column":null}},"42":{"start":{"line":59,"column":8},"end":{"line":59,"column":null}},"43":{"start":{"line":67,"column":2},"end":{"line":70,"column":null}},"44":{"start":{"line":68,"column":16},"end":{"line":68,"column":null}},"45":{"start":{"line":68,"column":44},"end":{"line":68,"column":56}},"46":{"start":{"line":69,"column":4},"end":{"line":69,"column":null}},"47":{"start":{"line":72,"column":21},"end":{"line":72,"column":null}},"48":{"start":{"line":73,"column":2},"end":{"line":73,"column":null}},"49":{"start":{"line":74,"column":2},"end":{"line":76,"column":null}},"50":{"start":{"line":75,"column":4},"end":{"line":75,"column":null}},"51":{"start":{"line":75,"column":25},"end":{"line":75,"column":null}},"52":{"start":{"line":79,"column":16},"end":{"line":79,"column":null}},"53":{"start":{"line":80,"column":18},"end":{"line":80,"column":null}},"54":{"start":{"line":81,"column":2},"end":{"line":94,"column":null}},"55":{"start":{"line":82,"column":16},"end":{"line":82,"column":null}},"56":{"start":{"line":83,"column":17},"end":{"line":83,"column":null}},"57":{"start":{"line":84,"column":4},"end":{"line":84,"column":null}},"58":{"start":{"line":84,"column":22},"end":{"line":84,"column":null}},"59":{"start":{"line":85,"column":4},"end":{"line":93,"column":null}},"60":{"start":{"line":86,"column":6},"end":{"line":86,"column":null}},"61":{"start":{"line":86,"column":27},"end":{"line":86,"column":null}},"62":{"start":{"line":87,"column":18},"end":{"line":87,"column":null}},"63":{"start":{"line":88,"column":6},"end":{"line":92,"column":null}},"64":{"start":{"line":89,"column":8},"end":{"line":89,"column":null}},"65":{"start":{"line":90,"column":8},"end":{"line":90,"column":null}},"66":{"start":{"line":91,"column":8},"end":{"line":91,"column":null}},"67":{"start":{"line":96,"column":2},"end":{"line":96,"column":null}},"68":{"start":{"line":96,"column":25},"end":{"line":96,"column":null}},"69":{"start":{"line":97,"column":2},"end":{"line":97,"column":null}},"70":{"start":{"line":101,"column":13},"end":{"line":101,"column":null}},"71":{"start":{"line":102,"column":19},"end":{"line":102,"column":null}},"72":{"start":{"line":103,"column":18},"end":{"line":103,"column":null}},"73":{"start":{"line":104,"column":16},"end":{"line":104,"column":null}},"74":{"start":{"line":105,"column":2},"end":{"line":117,"column":null}},"75":{"start":{"line":106,"column":18},"end":{"line":106,"column":null}},"76":{"start":{"line":107,"column":19},"end":{"line":107,"column":null}},"77":{"start":{"line":107,"column":37},"end":{"line":107,"column":61}},"78":{"start":{"line":108,"column":4},"end":{"line":108,"column":null}},"79":{"start":{"line":108,"column":17},"end":{"line":108,"column":null}},"80":{"start":{"line":109,"column":4},"end":{"line":116,"column":null}},"81":{"start":{"line":109,"column":17},"end":{"line":109,"column":18}},"82":{"start":{"line":110,"column":19},"end":{"line":110,"column":null}},"83":{"start":{"line":111,"column":6},"end":{"line":111,"column":null}},"84":{"start":{"line":112,"column":6},"end":{"line":115,"column":null}},"85":{"start":{"line":113,"column":21},"end":{"line":113,"column":null}},"86":{"start":{"line":114,"column":8},"end":{"line":114,"column":null}},"87":{"start":{"line":118,"column":2},"end":{"line":118,"column":null}},"88":{"start":{"line":122,"column":2},"end":{"line":128,"column":null}},"89":{"start":{"line":123,"column":4},"end":{"line":127,"column":null}},"90":{"start":{"line":130,"column":14},"end":{"line":130,"column":null}},"91":{"start":{"line":131,"column":20},"end":{"line":131,"column":null}},"92":{"start":{"line":132,"column":57},"end":{"line":132,"column":null}},"93":{"start":{"line":133,"column":19},"end":{"line":133,"column":null}},"94":{"start":{"line":135,"column":24},"end":{"line":135,"column":null}},"95":{"start":{"line":136,"column":24},"end":{"line":136,"column":null}},"96":{"start":{"line":138,"column":2},"end":{"line":145,"column":null}},"97":{"start":{"line":139,"column":14},"end":{"line":139,"column":null}},"98":{"start":{"line":140,"column":14},"end":{"line":140,"column":null}},"99":{"start":{"line":141,"column":16},"end":{"line":141,"column":null}},"100":{"start":{"line":142,"column":4},"end":{"line":144,"column":null}},"101":{"start":{"line":143,"column":6},"end":{"line":143,"column":null}},"102":{"start":{"line":147,"column":2},"end":{"line":147,"column":null}}},"fnMap":{"0":{"name":"buildAdjacency","decl":{"start":{"line":5,"column":16},"end":{"line":5,"column":30}},"loc":{"start":{"line":5,"column":38},"end":{"line":19,"column":null}},"line":5},"1":{"name":"(anonymous_1)","decl":{"start":{"line":7,"column":14},"end":{"line":7,"column":15}},"loc":{"start":{"line":7,"column":24},"end":{"line":10,"column":null}},"line":7},"2":{"name":"findPerimeterNodes","decl":{"start":{"line":21,"column":16},"end":{"line":21,"column":34}},"loc":{"start":{"line":21,"column":42},"end":{"line":25,"column":null}},"line":21},"3":{"name":"(anonymous_3)","decl":{"start":{"line":23,"column":12},"end":{"line":23,"column":13}},"loc":{"start":{"line":23,"column":19},"end":{"line":23,"column":106}},"line":23},"4":{"name":"(anonymous_4)","decl":{"start":{"line":24,"column":9},"end":{"line":24,"column":10}},"loc":{"start":{"line":24,"column":16},"end":{"line":24,"column":28}},"line":24},"5":{"name":"nodesReachableToTarget","decl":{"start":{"line":30,"column":16},"end":{"line":30,"column":38}},"loc":{"start":{"line":30,"column":76},"end":{"line":98,"column":null}},"line":30},"6":{"name":"(anonymous_6)","decl":{"start":{"line":68,"column":37},"end":{"line":68,"column":38}},"loc":{"start":{"line":68,"column":44},"end":{"line":68,"column":56}},"line":68},"7":{"name":"pathsThroughNode","decl":{"start":{"line":100,"column":16},"end":{"line":100,"column":32}},"loc":{"start":{"line":100,"column":54},"end":{"line":119,"column":null}},"line":100},"8":{"name":"(anonymous_8)","decl":{"start":{"line":107,"column":30},"end":{"line":107,"column":31}},"loc":{"start":{"line":107,"column":37},"end":{"line":107,"column":61}},"line":107},"9":{"name":"computeIntentMask","decl":{"start":{"line":121,"column":16},"end":{"line":121,"column":33}},"loc":{"start":{"line":121,"column":70},"end":{"line":148,"column":null}},"line":121}},"branchMap":{"0":{"loc":{"start":{"line":8,"column":4},"end":{"line":8,"column":null}},"type":"if","locations":[{"start":{"line":8,"column":4},"end":{"line":8,"column":null}},{"start":{},"end":{}}],"line":8},"1":{"loc":{"start":{"line":11,"column":18},"end":{"line":11,"column":29}},"type":"binary-expr","locations":[{"start":{"line":11,"column":18},"end":{"line":11,"column":23}},{"start":{"line":11,"column":27},"end":{"line":11,"column":29}}],"line":11},"2":{"loc":{"start":{"line":12,"column":21},"end":{"line":12,"column":39}},"type":"binary-expr","locations":[{"start":{"line":12,"column":21},"end":{"line":12,"column":29}},{"start":{"line":12,"column":33},"end":{"line":12,"column":39}}],"line":12},"3":{"loc":{"start":{"line":13,"column":21},"end":{"line":13,"column":37}},"type":"binary-expr","locations":[{"start":{"line":13,"column":21},"end":{"line":13,"column":29}},{"start":{"line":13,"column":33},"end":{"line":13,"column":37}}],"line":13},"4":{"loc":{"start":{"line":14,"column":4},"end":{"line":14,"column":null}},"type":"if","locations":[{"start":{"line":14,"column":4},"end":{"line":14,"column":null}},{"start":{},"end":{}}],"line":14},"5":{"loc":{"start":{"line":14,"column":8},"end":{"line":14,"column":16}},"type":"binary-expr","locations":[{"start":{"line":14,"column":8},"end":{"line":14,"column":10}},{"start":{"line":14,"column":14},"end":{"line":14,"column":16}}],"line":14},"6":{"loc":{"start":{"line":22,"column":10},"end":{"line":22,"column":21}},"type":"binary-expr","locations":[{"start":{"line":22,"column":10},"end":{"line":22,"column":15}},{"start":{"line":22,"column":19},"end":{"line":22,"column":21}}],"line":22},"7":{"loc":{"start":{"line":23,"column":19},"end":{"line":23,"column":106}},"type":"binary-expr","locations":[{"start":{"line":23,"column":19},"end":{"line":23,"column":37}},{"start":{"line":23,"column":41},"end":{"line":23,"column":75}},{"start":{"line":23,"column":79},"end":{"line":23,"column":106}}],"line":23},"8":{"loc":{"start":{"line":30,"column":61},"end":{"line":30,"column":74}},"type":"default-arg","locations":[{"start":{"line":30,"column":72},"end":{"line":30,"column":74}}],"line":30},"9":{"loc":{"start":{"line":33,"column":2},"end":{"line":33,"column":null}},"type":"if","locations":[{"start":{"line":33,"column":2},"end":{"line":33,"column":null}},{"start":{},"end":{}}],"line":33},"10":{"loc":{"start":{"line":33,"column":6},"end":{"line":33,"column":26}},"type":"binary-expr","locations":[{"start":{"line":33,"column":6},"end":{"line":33,"column":15}},{"start":{"line":33,"column":19},"end":{"line":33,"column":26}}],"line":33},"11":{"loc":{"start":{"line":39,"column":4},"end":{"line":39,"column":null}},"type":"if","locations":[{"start":{"line":39,"column":4},"end":{"line":39,"column":null}},{"start":{},"end":{}}],"line":39},"12":{"loc":{"start":{"line":39,"column":8},"end":{"line":39,"column":37}},"type":"binary-expr","locations":[{"start":{"line":39,"column":8},"end":{"line":39,"column":20}},{"start":{"line":39,"column":24},"end":{"line":39,"column":37}}],"line":39},"13":{"loc":{"start":{"line":43,"column":2},"end":{"line":49,"column":null}},"type":"if","locations":[{"start":{"line":43,"column":2},"end":{"line":49,"column":null}},{"start":{},"end":{}}],"line":43},"14":{"loc":{"start":{"line":53,"column":14},"end":{"line":53,"column":null}},"type":"binary-expr","locations":[{"start":{"line":53,"column":14},"end":{"line":53,"column":27}},{"start":{"line":53,"column":31},"end":{"line":53,"column":null}}],"line":53},"15":{"loc":{"start":{"line":55,"column":4},"end":{"line":55,"column":null}},"type":"if","locations":[{"start":{"line":55,"column":4},"end":{"line":55,"column":null}},{"start":{},"end":{}}],"line":55},"16":{"loc":{"start":{"line":57,"column":6},"end":{"line":60,"column":null}},"type":"if","locations":[{"start":{"line":57,"column":6},"end":{"line":60,"column":null}},{"start":{},"end":{}}],"line":57},"17":{"loc":{"start":{"line":67,"column":2},"end":{"line":70,"column":null}},"type":"if","locations":[{"start":{"line":67,"column":2},"end":{"line":70,"column":null}},{"start":{},"end":{}}],"line":67},"18":{"loc":{"start":{"line":68,"column":17},"end":{"line":68,"column":31}},"type":"binary-expr","locations":[{"start":{"line":68,"column":17},"end":{"line":68,"column":25}},{"start":{"line":68,"column":29},"end":{"line":68,"column":31}}],"line":68},"19":{"loc":{"start":{"line":69,"column":11},"end":{"line":69,"column":null}},"type":"cond-expr","locations":[{"start":{"line":69,"column":24},"end":{"line":69,"column":36}},{"start":{"line":69,"column":39},"end":{"line":69,"column":null}}],"line":69},"20":{"loc":{"start":{"line":75,"column":4},"end":{"line":75,"column":null}},"type":"if","locations":[{"start":{"line":75,"column":4},"end":{"line":75,"column":null}},{"start":{},"end":{}}],"line":75},"21":{"loc":{"start":{"line":84,"column":4},"end":{"line":84,"column":null}},"type":"if","locations":[{"start":{"line":84,"column":4},"end":{"line":84,"column":null}},{"start":{},"end":{}}],"line":84},"22":{"loc":{"start":{"line":85,"column":21},"end":{"line":85,"column":39}},"type":"binary-expr","locations":[{"start":{"line":85,"column":21},"end":{"line":85,"column":33}},{"start":{"line":85,"column":37},"end":{"line":85,"column":39}}],"line":85},"23":{"loc":{"start":{"line":86,"column":6},"end":{"line":86,"column":null}},"type":"if","locations":[{"start":{"line":86,"column":6},"end":{"line":86,"column":null}},{"start":{},"end":{}}],"line":86},"24":{"loc":{"start":{"line":88,"column":6},"end":{"line":92,"column":null}},"type":"if","locations":[{"start":{"line":88,"column":6},"end":{"line":92,"column":null}},{"start":{},"end":{}}],"line":88},"25":{"loc":{"start":{"line":88,"column":10},"end":{"line":88,"column":35}},"type":"binary-expr","locations":[{"start":{"line":88,"column":10},"end":{"line":88,"column":21}},{"start":{"line":88,"column":25},"end":{"line":88,"column":35}}],"line":88},"26":{"loc":{"start":{"line":104,"column":16},"end":{"line":104,"column":null}},"type":"binary-expr","locations":[{"start":{"line":104,"column":16},"end":{"line":104,"column":34}},{"start":{"line":104,"column":38},"end":{"line":104,"column":49}},{"start":{"line":104,"column":53},"end":{"line":104,"column":null}}],"line":104},"27":{"loc":{"start":{"line":106,"column":18},"end":{"line":106,"column":null}},"type":"binary-expr","locations":[{"start":{"line":106,"column":18},"end":{"line":106,"column":25}},{"start":{"line":106,"column":29},"end":{"line":106,"column":null}}],"line":106},"28":{"loc":{"start":{"line":108,"column":4},"end":{"line":108,"column":null}},"type":"if","locations":[{"start":{"line":108,"column":4},"end":{"line":108,"column":null}},{"start":{},"end":{}}],"line":108},"29":{"loc":{"start":{"line":112,"column":6},"end":{"line":115,"column":null}},"type":"if","locations":[{"start":{"line":112,"column":6},"end":{"line":115,"column":null}},{"start":{},"end":{}}],"line":112},"30":{"loc":{"start":{"line":122,"column":2},"end":{"line":128,"column":null}},"type":"if","locations":[{"start":{"line":122,"column":2},"end":{"line":128,"column":null}},{"start":{},"end":{}}],"line":122},"31":{"loc":{"start":{"line":138,"column":18},"end":{"line":138,"column":29}},"type":"binary-expr","locations":[{"start":{"line":138,"column":18},"end":{"line":138,"column":23}},{"start":{"line":138,"column":27},"end":{"line":138,"column":29}}],"line":138},"32":{"loc":{"start":{"line":139,"column":21},"end":{"line":139,"column":39}},"type":"binary-expr","locations":[{"start":{"line":139,"column":21},"end":{"line":139,"column":29}},{"start":{"line":139,"column":33},"end":{"line":139,"column":39}}],"line":139},"33":{"loc":{"start":{"line":140,"column":21},"end":{"line":140,"column":37}},"type":"binary-expr","locations":[{"start":{"line":140,"column":21},"end":{"line":140,"column":29}},{"start":{"line":140,"column":33},"end":{"line":140,"column":37}}],"line":140},"34":{"loc":{"start":{"line":142,"column":4},"end":{"line":144,"column":null}},"type":"if","locations":[{"start":{"line":142,"column":4},"end":{"line":144,"column":null}},{"start":{},"end":{}}],"line":142},"35":{"loc":{"start":{"line":142,"column":8},"end":{"line":142,"column":79}},"type":"binary-expr","locations":[{"start":{"line":142,"column":8},"end":{"line":142,"column":29}},{"start":{"line":142,"column":34},"end":{"line":142,"column":54}},{"start":{"line":142,"column":58},"end":{"line":142,"column":78}}],"line":142}},"s":{"0":2,"1":2,"2":6,"3":5,"4":6,"5":2,"6":3,"7":3,"8":3,"9":0,"10":3,"11":3,"12":2,"13":1,"14":1,"15":1,"16":1,"17":1,"18":1,"19":0,"20":1,"21":1,"22":1,"23":1,"24":1,"25":0,"26":1,"27":1,"28":1,"29":0,"30":0,"31":0,"32":0,"33":1,"34":3,"35":3,"36":3,"37":3,"38":0,"39":3,"40":4,"41":2,"42":2,"43":1,"44":0,"45":0,"46":0,"47":1,"48":1,"49":1,"50":3,"51":3,"52":1,"53":1,"54":1,"55":3,"56":3,"57":3,"58":0,"59":3,"60":4,"61":2,"62":2,"63":2,"64":2,"65":2,"66":2,"67":1,"68":1,"69":1,"70":0,"71":0,"72":0,"73":0,"74":0,"75":0,"76":0,"77":0,"78":0,"79":0,"80":0,"81":0,"82":0,"83":0,"84":0,"85":0,"86":0,"87":0,"88":0,"89":0,"90":0,"91":0,"92":0,"93":0,"94":0,"95":0,"96":0,"97":0,"98":0,"99":0,"100":0,"101":0,"102":0},"f":{"0":2,"1":6,"2":1,"3":1,"4":1,"5":1,"6":0,"7":0,"8":0,"9":0},"b":{"0":[5,1],"1":[2,0],"2":[3,0],"3":[3,0],"4":[0,3],"5":[3,3],"6":[1,0],"7":[1,0,0],"8":[1],"9":[0,1],"10":[1,1],"11":[0,1],"12":[1,0],"13":[0,1],"14":[3,0],"15":[0,3],"16":[2,2],"17":[0,1],"18":[0,0],"19":[0,0],"20":[3,0],"21":[0,3],"22":[3,0],"23":[2,2],"24":[2,0],"25":[2,2],"26":[0,0,0],"27":[0,0],"28":[0,0],"29":[0,0],"30":[0,0],"31":[0,0],"32":[0,0],"33":[0,0],"34":[0,0],"35":[0,0,0]},"meta":{"lastBranch":36,"lastFunction":10,"lastStatement":103,"seen":{"f:5:16:5:30":0,"s:6:14:6:Infinity":0,"s:7:14:10:Infinity":1,"f:7:14:7:15":1,"b:8:4:8:Infinity:undefined:undefined:undefined:undefined":0,"s:8:4:8:Infinity":2,"s:8:21:8:Infinity":3,"s:9:4:9:Infinity":4,"s:11:2:17:Infinity":5,"b:11:18:11:23:11:27:11:29":1,"s:12:14:12:Infinity":6,"b:12:21:12:29:12:33:12:39":2,"s:13:14:13:Infinity":7,"b:13:21:13:29:13:33:13:37":3,"b:14:4:14:Infinity:undefined:undefined:undefined:undefined":4,"s:14:4:14:Infinity":8,"b:14:8:14:10:14:14:14:16":5,"s:14:18:14:Infinity":9,"s:15:4:15:Infinity":10,"s:16:4:16:Infinity":11,"s:18:2:18:Infinity":12,"f:21:16:21:34":2,"s:22:2:24:Infinity":13,"b:22:10:22:15:22:19:22:21":6,"f:23:12:23:13":3,"s:23:19:23:106":14,"b:23:19:23:37:23:41:23:75:23:79:23:106":7,"f:24:9:24:10":4,"s:24:16:24:28":15,"f:30:16:30:38":5,"b:30:72:30:74":8,"s:31:17:31:Infinity":16,"s:32:19:32:Infinity":17,"b:33:2:33:Infinity:undefined:undefined:undefined:undefined":9,"s:33:2:33:Infinity":18,"b:33:6:33:15:33:19:33:26":10,"s:33:28:33:Infinity":19,"s:35:15:35:Infinity":20,"s:36:16:36:Infinity":21,"s:37:2:42:Infinity":22,"s:38:15:38:Infinity":23,"b:39:4:39:Infinity:undefined:undefined:undefined:undefined":11,"s:39:4:39:Infinity":24,"b:39:8:39:20:39:24:39:37":12,"s:39:39:39:Infinity":25,"s:40:4:40:Infinity":26,"s:41:4:41:Infinity":27,"b:43:2:49:Infinity:undefined:undefined:undefined:undefined":13,"s:43:2:49:Infinity":28,"s:44:4:48:Infinity":29,"s:45:6:45:Infinity":30,"s:46:6:46:Infinity":31,"s:47:6:47:Infinity":32,"s:51:2:62:Infinity":33,"s:52:16:52:Infinity":34,"s:53:14:53:Infinity":35,"b:53:14:53:27:53:31:53:Infinity":14,"s:54:22:54:Infinity":36,"b:55:4:55:Infinity:undefined:undefined:undefined:undefined":15,"s:55:4:55:Infinity":37,"s:55:20:55:Infinity":38,"s:56:4:61:Infinity":39,"b:57:6:60:Infinity:undefined:undefined:undefined:undefined":16,"s:57:6:60:Infinity":40,"s:58:8:58:Infinity":41,"s:59:8:59:Infinity":42,"b:67:2:70:Infinity:undefined:undefined:undefined:undefined":17,"s:67:2:70:Infinity":43,"s:68:16:68:Infinity":44,"b:68:17:68:25:68:29:68:31":18,"f:68:37:68:38":6,"s:68:44:68:56":45,"s:69:4:69:Infinity":46,"b:69:24:69:36:69:39:69:Infinity":19,"s:72:21:72:Infinity":47,"s:73:2:73:Infinity":48,"s:74:2:76:Infinity":49,"b:75:4:75:Infinity:undefined:undefined:undefined:undefined":20,"s:75:4:75:Infinity":50,"s:75:25:75:Infinity":51,"s:79:16:79:Infinity":52,"s:80:18:80:Infinity":53,"s:81:2:94:Infinity":54,"s:82:16:82:Infinity":55,"s:83:17:83:Infinity":56,"b:84:4:84:Infinity:undefined:undefined:undefined:undefined":21,"s:84:4:84:Infinity":57,"s:84:22:84:Infinity":58,"s:85:4:93:Infinity":59,"b:85:21:85:33:85:37:85:39":22,"b:86:6:86:Infinity:undefined:undefined:undefined:undefined":23,"s:86:6:86:Infinity":60,"s:86:27:86:Infinity":61,"s:87:18:87:Infinity":62,"b:88:6:92:Infinity:undefined:undefined:undefined:undefined":24,"s:88:6:92:Infinity":63,"b:88:10:88:21:88:25:88:35":25,"s:89:8:89:Infinity":64,"s:90:8:90:Infinity":65,"s:91:8:91:Infinity":66,"s:96:2:96:Infinity":67,"s:96:25:96:Infinity":68,"s:97:2:97:Infinity":69,"f:100:16:100:32":7,"s:101:13:101:Infinity":70,"s:102:19:102:Infinity":71,"s:103:18:103:Infinity":72,"s:104:16:104:Infinity":73,"b:104:16:104:34:104:38:104:49:104:53:104:Infinity":26,"s:105:2:117:Infinity":74,"s:106:18:106:Infinity":75,"b:106:18:106:25:106:29:106:Infinity":27,"s:107:19:107:Infinity":76,"f:107:30:107:31":8,"s:107:37:107:61":77,"b:108:4:108:Infinity:undefined:undefined:undefined:undefined":28,"s:108:4:108:Infinity":78,"s:108:17:108:Infinity":79,"s:109:4:116:Infinity":80,"s:109:17:109:18":81,"s:110:19:110:Infinity":82,"s:111:6:111:Infinity":83,"b:112:6:115:Infinity:undefined:undefined:undefined:undefined":29,"s:112:6:115:Infinity":84,"s:113:21:113:Infinity":85,"s:114:8:114:Infinity":86,"s:118:2:118:Infinity":87,"f:121:16:121:33":9,"b:122:2:128:Infinity:undefined:undefined:undefined:undefined":30,"s:122:2:128:Infinity":88,"s:123:4:127:Infinity":89,"s:130:14:130:Infinity":90,"s:131:20:131:Infinity":91,"s:132:57:132:Infinity":92,"s:133:19:133:Infinity":93,"s:135:24:135:Infinity":94,"s:136:24:136:Infinity":95,"s:138:2:145:Infinity":96,"b:138:18:138:23:138:27:138:29":31,"s:139:14:139:Infinity":97,"b:139:21:139:29:139:33:139:39":32,"s:140:14:140:Infinity":98,"b:140:21:140:29:140:33:140:37":33,"s:141:16:141:Infinity":99,"b:142:4:144:Infinity:undefined:undefined:undefined:undefined":34,"s:142:4:144:Infinity":100,"b:142:8:142:29:142:34:142:54:142:58:142:78":35,"s:143:6:143:Infinity":101,"s:147:2:147:Infinity":102},"fnNames":{}}}
,"/home/user/weissman-cybersecurity/frontend/src/hooks/useFindingsWorkbench.js": {"path":"/home/user/weissman-cybersecurity/frontend/src/hooks/useFindingsWorkbench.js","statementMap":{"0":{"start":{"line":4,"column":23},"end":{"line":4,"column":null}},"1":{"start":{"line":10,"column":39},"end":{"line":10,"column":null}},"2":{"start":{"line":11,"column":45},"end":{"line":11,"column":null}},"3":{"start":{"line":13,"column":16},"end":{"line":19,"column":null}},"4":{"start":{"line":14,"column":4},"end":{"line":18,"column":null}},"5":{"start":{"line":16,"column":8},"end":{"line":17,"column":69}},"6":{"start":{"line":21,"column":25},"end":{"line":24,"column":null}},"7":{"start":{"line":22,"column":11},"end":{"line":22,"column":211}},"8":{"start":{"line":26,"column":21},"end":{"line":26,"column":null}},"9":{"start":{"line":28,"column":26},"end":{"line":36,"column":null}},"10":{"start":{"line":29,"column":14},"end":{"line":29,"column":null}},"11":{"start":{"line":30,"column":4},"end":{"line":35,"column":null}},"12":{"start":{"line":31,"column":18},"end":{"line":31,"column":null}},"13":{"start":{"line":32,"column":6},"end":{"line":32,"column":null}},"14":{"start":{"line":32,"column":62},"end":{"line":32,"column":null}},"15":{"start":{"line":33,"column":6},"end":{"line":33,"column":null}},"16":{"start":{"line":33,"column":14},"end":{"line":33,"column":null}},"17":{"start":{"line":34,"column":6},"end":{"line":34,"column":null}},"18":{"start":{"line":38,"column":16},"end":{"line":45,"column":null}},"19":{"start":{"line":39,"column":14},"end":{"line":39,"column":null}},"20":{"start":{"line":40,"column":4},"end":{"line":43,"column":null}},"21":{"start":{"line":41,"column":16},"end":{"line":41,"column":null}},"22":{"start":{"line":42,"column":6},"end":{"line":42,"column":null}},"23":{"start":{"line":42,"column":30},"end":{"line":42,"column":null}},"24":{"start":{"line":44,"column":4},"end":{"line":44,"column":null}},"25":{"start":{"line":47,"column":19},"end":{"line":50,"column":null}},"26":{"start":{"line":48,"column":4},"end":{"line":48,"column":null}},"27":{"start":{"line":48,"column":34},"end":{"line":48,"column":null}},"28":{"start":{"line":49,"column":3},"end":{"line":49,"column":null}},"29":{"start":{"line":52,"column":2},"end":{"line":62,"column":null}}},"fnMap":{"0":{"name":"useFindingsWorkbench","decl":{"start":{"line":9,"column":16},"end":{"line":9,"column":36}},"loc":{"start":{"line":9,"column":101},"end":{"line":63,"column":null}},"line":9},"1":{"name":"(anonymous_1)","decl":{"start":{"line":13,"column":25},"end":{"line":13,"column":26}},"loc":{"start":{"line":13,"column":31},"end":{"line":19,"column":3}},"line":13},"2":{"name":"(anonymous_2)","decl":{"start":{"line":15,"column":6},"end":{"line":15,"column":7}},"loc":{"start":{"line":16,"column":8},"end":{"line":17,"column":69}},"line":16},"3":{"name":"(anonymous_3)","decl":{"start":{"line":22,"column":4},"end":{"line":22,"column":5}},"loc":{"start":{"line":22,"column":11},"end":{"line":22,"column":211}},"line":22},"4":{"name":"(anonymous_4)","decl":{"start":{"line":28,"column":35},"end":{"line":28,"column":36}},"loc":{"start":{"line":28,"column":41},"end":{"line":36,"column":3}},"line":28},"5":{"name":"(anonymous_5)","decl":{"start":{"line":30,"column":25},"end":{"line":30,"column":26}},"loc":{"start":{"line":30,"column":32},"end":{"line":35,"column":5}},"line":30},"6":{"name":"(anonymous_6)","decl":{"start":{"line":38,"column":25},"end":{"line":38,"column":26}},"loc":{"start":{"line":38,"column":31},"end":{"line":45,"column":3}},"line":38},"7":{"name":"(anonymous_7)","decl":{"start":{"line":47,"column":32},"end":{"line":47,"column":33}},"loc":{"start":{"line":47,"column":38},"end":{"line":50,"column":3}},"line":47}},"branchMap":{"0":{"loc":{"start":{"line":9,"column":47},"end":{"line":9,"column":99}},"type":"default-arg","locations":[{"start":{"line":9,"column":97},"end":{"line":9,"column":99}}],"line":9},"1":{"loc":{"start":{"line":9,"column":49},"end":{"line":9,"column":80}},"type":"default-arg","locations":[{"start":{"line":9,"column":61},"end":{"line":9,"column":80}}],"line":9},"2":{"loc":{"start":{"line":14,"column":16},"end":{"line":14,"column":30}},"type":"binary-expr","locations":[{"start":{"line":14,"column":16},"end":{"line":14,"column":24}},{"start":{"line":14,"column":28},"end":{"line":14,"column":30}}],"line":14},"3":{"loc":{"start":{"line":16,"column":9},"end":{"line":16,"column":66}},"type":"binary-expr","locations":[{"start":{"line":16,"column":9},"end":{"line":16,"column":61}},{"start":{"line":16,"column":65},"end":{"line":16,"column":66}}],"line":16},"4":{"loc":{"start":{"line":16,"column":25},"end":{"line":16,"column":45}},"type":"binary-expr","locations":[{"start":{"line":16,"column":25},"end":{"line":16,"column":35}},{"start":{"line":16,"column":39},"end":{"line":16,"column":45}}],"line":16},"5":{"loc":{"start":{"line":17,"column":11},"end":{"line":17,"column":68}},"type":"binary-expr","locations":[{"start":{"line":17,"column":11},"end":{"line":17,"column":63}},{"start":{"line":17,"column":67},"end":{"line":17,"column":68}}],"line":17},"6":{"loc":{"start":{"line":17,"column":27},"end":{"line":17,"column":47}},"type":"binary-expr","locations":[{"start":{"line":17,"column":27},"end":{"line":17,"column":37}},{"start":{"line":17,"column":41},"end":{"line":17,"column":47}}],"line":17},"7":{"loc":{"start":{"line":22,"column":14},"end":{"line":22,"column":27}},"type":"binary-expr","locations":[{"start":{"line":22,"column":14},"end":{"line":22,"column":21}},{"start":{"line":22,"column":25},"end":{"line":22,"column":27}}],"line":22},"8":{"loc":{"start":{"line":22,"column":31},"end":{"line":22,"column":43}},"type":"binary-expr","locations":[{"start":{"line":22,"column":31},"end":{"line":22,"column":37}},{"start":{"line":22,"column":41},"end":{"line":22,"column":43}}],"line":22},"9":{"loc":{"start":{"line":22,"column":47},"end":{"line":22,"column":66}},"type":"binary-expr","locations":[{"start":{"line":22,"column":47},"end":{"line":22,"column":60}},{"start":{"line":22,"column":64},"end":{"line":22,"column":66}}],"line":22},"10":{"loc":{"start":{"line":22,"column":70},"end":{"line":22,"column":89}},"type":"binary-expr","locations":[{"start":{"line":22,"column":70},"end":{"line":22,"column":83}},{"start":{"line":22,"column":87},"end":{"line":22,"column":89}}],"line":22},"11":{"loc":{"start":{"line":22,"column":93},"end":{"line":22,"column":110}},"type":"binary-expr","locations":[{"start":{"line":22,"column":93},"end":{"line":22,"column":104}},{"start":{"line":22,"column":108},"end":{"line":22,"column":110}}],"line":22},"12":{"loc":{"start":{"line":22,"column":114},"end":{"line":22,"column":126}},"type":"binary-expr","locations":[{"start":{"line":22,"column":114},"end":{"line":22,"column":120}},{"start":{"line":22,"column":124},"end":{"line":22,"column":126}}],"line":22},"13":{"loc":{"start":{"line":22,"column":130},"end":{"line":22,"column":146}},"type":"binary-expr","locations":[{"start":{"line":22,"column":130},"end":{"line":22,"column":140}},{"start":{"line":22,"column":144},"end":{"line":22,"column":146}}],"line":22},"14":{"loc":{"start":{"line":22,"column":150},"end":{"line":22,"column":167}},"type":"binary-expr","locations":[{"start":{"line":22,"column":150},"end":{"line":22,"column":161}},{"start":{"line":22,"column":165},"end":{"line":22,"column":167}}],"line":22},"15":{"loc":{"start":{"line":22,"column":171},"end":{"line":22,"column":188}},"type":"binary-expr","locations":[{"start":{"line":22,"column":171},"end":{"line":22,"column":182}},{"start":{"line":22,"column":186},"end":{"line":22,"column":188}}],"line":22},"16":{"loc":{"start":{"line":22,"column":192},"end":{"line":22,"column":209}},"type":"binary-expr","locations":[{"start":{"line":22,"column":192},"end":{"line":22,"column":203}},{"start":{"line":22,"column":207},"end":{"line":22,"column":209}}],"line":22},"17":{"loc":{"start":{"line":26,"column":21},"end":{"line":26,"column":null}},"type":"binary-expr","locations":[{"start":{"line":26,"column":21},"end":{"line":26,"column":31}},{"start":{"line":26,"column":35},"end":{"line":26,"column":null}}],"line":26},"18":{"loc":{"start":{"line":31,"column":19},"end":{"line":31,"column":39}},"type":"binary-expr","locations":[{"start":{"line":31,"column":19},"end":{"line":31,"column":29}},{"start":{"line":31,"column":33},"end":{"line":31,"column":39}}],"line":31},"19":{"loc":{"start":{"line":32,"column":6},"end":{"line":32,"column":null}},"type":"if","locations":[{"start":{"line":32,"column":6},"end":{"line":32,"column":null}},{"start":{},"end":{}}],"line":32},"20":{"loc":{"start":{"line":32,"column":10},"end":{"line":32,"column":60}},"type":"binary-expr","locations":[{"start":{"line":32,"column":10},"end":{"line":32,"column":34}},{"start":{"line":32,"column":38},"end":{"line":32,"column":60}}],"line":32},"21":{"loc":{"start":{"line":33,"column":6},"end":{"line":33,"column":null}},"type":"if","locations":[{"start":{"line":33,"column":6},"end":{"line":33,"column":null}},{"start":{},"end":{}}],"line":33},"22":{"loc":{"start":{"line":41,"column":17},"end":{"line":41,"column":37}},"type":"binary-expr","locations":[{"start":{"line":41,"column":17},"end":{"line":41,"column":27}},{"start":{"line":41,"column":31},"end":{"line":41,"column":37}}],"line":41},"23":{"loc":{"start":{"line":42,"column":6},"end":{"line":42,"column":null}},"type":"if","locations":[{"start":{"line":42,"column":6},"end":{"line":42,"column":null}},{"start":{},"end":{}}],"line":42},"24":{"loc":{"start":{"line":48,"column":4},"end":{"line":48,"column":null}},"type":"if","locations":[{"start":{"line":48,"column":4},"end":{"line":48,"column":null}},{"start":{},"end":{}}],"line":48}},"s":{"0":1,"1":5,"2":5,"3":5,"4":3,"5":3,"6":5,"7":2,"8":5,"9":5,"10":5,"11":5,"12":10,"13":10,"14":1,"15":9,"16":7,"17":2,"18":5,"19":3,"20":3,"21":6,"22":6,"23":6,"24":3,"25":5,"26":0,"27":0,"28":0,"29":5},"f":{"0":5,"1":3,"2":3,"3":2,"4":5,"5":10,"6":3,"7":0},"b":{"0":[5],"1":[5],"2":[3,0],"3":[3,0],"4":[3,0],"5":[3,0],"6":[3,0],"7":[2,0],"8":[2,2],"9":[2,0],"10":[2,2],"11":[2,2],"12":[2,2],"13":[2,2],"14":[2,2],"15":[2,2],"16":[2,2],"17":[5,5],"18":[10,0],"19":[1,9],"20":[10,2],"21":[7,2],"22":[6,0],"23":[6,0],"24":[0,0]},"meta":{"lastBranch":25,"lastFunction":8,"lastStatement":30,"seen":{"s:4:23:4:Infinity":0,"f:9:16:9:36":0,"b:9:97:9:99":0,"b:9:61:9:80":1,"s:10:39:10:Infinity":1,"s:11:45:11:Infinity":2,"s:13:16:19:Infinity":3,"f:13:25:13:26":1,"s:14:4:18:Infinity":4,"b:14:16:14:24:14:28:14:30":2,"f:15:6:15:7":2,"s:16:8:17:69":5,"b:16:9:16:61:16:65:16:66":3,"b:16:25:16:35:16:39:16:45":4,"b:17:11:17:63:17:67:17:68":5,"b:17:27:17:37:17:41:17:47":6,"s:21:25:24:Infinity":6,"f:22:4:22:5":3,"s:22:11:22:211":7,"b:22:14:22:21:22:25:22:27":7,"b:22:31:22:37:22:41:22:43":8,"b:22:47:22:60:22:64:22:66":9,"b:22:70:22:83:22:87:22:89":10,"b:22:93:22:104:22:108:22:110":11,"b:22:114:22:120:22:124:22:126":12,"b:22:130:22:140:22:144:22:146":13,"b:22:150:22:161:22:165:22:167":14,"b:22:171:22:182:22:186:22:188":15,"b:22:192:22:203:22:207:22:209":16,"s:26:21:26:Infinity":8,"b:26:21:26:31:26:35:26:Infinity":17,"s:28:26:36:Infinity":9,"f:28:35:28:36":4,"s:29:14:29:Infinity":10,"s:30:4:35:Infinity":11,"f:30:25:30:26":5,"s:31:18:31:Infinity":12,"b:31:19:31:29:31:33:31:39":18,"b:32:6:32:Infinity:undefined:undefined:undefined:undefined":19,"s:32:6:32:Infinity":13,"b:32:10:32:34:32:38:32:60":20,"s:32:62:32:Infinity":14,"b:33:6:33:Infinity:undefined:undefined:undefined:undefined":21,"s:33:6:33:Infinity":15,"s:33:14:33:Infinity":16,"s:34:6:34:Infinity":17,"s:38:16:45:Infinity":18,"f:38:25:38:26":6,"s:39:14:39:Infinity":19,"s:40:4:43:Infinity":20,"s:41:16:41:Infinity":21,"b:41:17:41:27:41:31:41:37":22,"b:42:6:42:Infinity:undefined:undefined:undefined:undefined":23,"s:42:6:42:Infinity":22,"s:42:30:42:Infinity":23,"s:44:4:44:Infinity":24,"s:47:19:50:Infinity":25,"f:47:32:47:33":7,"b:48:4:48:Infinity:undefined:undefined:undefined:undefined":24,"s:48:4:48:Infinity":26,"s:48:34:48:Infinity":27,"s:49:3:49:Infinity":28,"s:52:2:62:Infinity":29},"fnNames":{}}}
,"/home/user/weissman-cybersecurity/frontend/src/hooks/useSavedViews.js": {"path":"/home/user/weissman-cybersecurity/frontend/src/hooks/useSavedViews.js","statementMap":{"0":{"start":{"line":9,"column":18},"end":{"line":9,"column":null}},"1":{"start":{"line":12,"column":2},"end":{"line":18,"column":null}},"2":{"start":{"line":13,"column":16},"end":{"line":13,"column":null}},"3":{"start":{"line":14,"column":4},"end":{"line":14,"column":null}},"4":{"start":{"line":14,"column":29},"end":{"line":14,"column":null}},"5":{"start":{"line":15,"column":4},"end":{"line":15,"column":null}},"6":{"start":{"line":15,"column":29},"end":{"line":15,"column":88}},"7":{"start":{"line":17,"column":4},"end":{"line":17,"column":null}},"8":{"start":{"line":22,"column":2},"end":{"line":26,"column":null}},"9":{"start":{"line":23,"column":4},"end":{"line":23,"column":null}},"10":{"start":{"line":31,"column":18},"end":{"line":31,"column":null}},"11":{"start":{"line":32,"column":2},"end":{"line":32,"column":null}},"12":{"start":{"line":32,"column":16},"end":{"line":32,"column":null}},"13":{"start":{"line":33,"column":14},"end":{"line":33,"column":null}},"14":{"start":{"line":34,"column":18},"end":{"line":34,"column":null}},"15":{"start":{"line":34,"column":38},"end":{"line":34,"column":73}},"16":{"start":{"line":35,"column":2},"end":{"line":35,"column":null}},"17":{"start":{"line":40,"column":2},"end":{"line":40,"column":null}},"18":{"start":{"line":40,"column":29},"end":{"line":40,"column":40}},"19":{"start":{"line":44,"column":2},"end":{"line":50,"column":null}},"20":{"start":{"line":45,"column":4},"end":{"line":47,"column":null}},"21":{"start":{"line":46,"column":6},"end":{"line":46,"column":null}},"22":{"start":{"line":51,"column":2},"end":{"line":51,"column":null}},"23":{"start":{"line":55,"column":27},"end":{"line":55,"column":null}},"24":{"start":{"line":55,"column":43},"end":{"line":55,"column":64}},"25":{"start":{"line":57,"column":18},"end":{"line":63,"column":null}},"26":{"start":{"line":58,"column":4},"end":{"line":62,"column":null}},"27":{"start":{"line":59,"column":19},"end":{"line":59,"column":null}},"28":{"start":{"line":60,"column":6},"end":{"line":60,"column":null}},"29":{"start":{"line":61,"column":6},"end":{"line":61,"column":null}},"30":{"start":{"line":65,"column":20},"end":{"line":71,"column":null}},"31":{"start":{"line":66,"column":4},"end":{"line":70,"column":null}},"32":{"start":{"line":67,"column":19},"end":{"line":67,"column":null}},"33":{"start":{"line":68,"column":6},"end":{"line":68,"column":null}},"34":{"start":{"line":69,"column":6},"end":{"line":69,"column":null}},"35":{"start":{"line":73,"column":2},"end":{"line":73,"column":null}}},"fnMap":{"0":{"name":"readViews","decl":{"start":{"line":11,"column":16},"end":{"line":11,"column":25}},"loc":{"start":{"line":11,"column":38},"end":{"line":19,"column":null}},"line":11},"1":{"name":"(anonymous_1)","decl":{"start":{"line":15,"column":22},"end":{"line":15,"column":23}},"loc":{"start":{"line":15,"column":29},"end":{"line":15,"column":88}},"line":15},"2":{"name":"persist","decl":{"start":{"line":21,"column":9},"end":{"line":21,"column":16}},"loc":{"start":{"line":21,"column":36},"end":{"line":27,"column":null}},"line":21},"3":{"name":"upsertView","decl":{"start":{"line":30,"column":16},"end":{"line":30,"column":26}},"loc":{"start":{"line":30,"column":51},"end":{"line":36,"column":null}},"line":30},"4":{"name":"(anonymous_4)","decl":{"start":{"line":34,"column":31},"end":{"line":34,"column":32}},"loc":{"start":{"line":34,"column":38},"end":{"line":34,"column":73}},"line":34},"5":{"name":"removeView","decl":{"start":{"line":39,"column":16},"end":{"line":39,"column":26}},"loc":{"start":{"line":39,"column":38},"end":{"line":41,"column":null}},"line":39},"6":{"name":"(anonymous_6)","decl":{"start":{"line":40,"column":22},"end":{"line":40,"column":23}},"loc":{"start":{"line":40,"column":29},"end":{"line":40,"column":40}},"line":40},"7":{"name":"newId","decl":{"start":{"line":43,"column":9},"end":{"line":43,"column":14}},"loc":{"start":{"line":43,"column":17},"end":{"line":52,"column":null}},"line":43},"8":{"name":"useSavedViews","decl":{"start":{"line":54,"column":16},"end":{"line":54,"column":29}},"loc":{"start":{"line":54,"column":42},"end":{"line":74,"column":null}},"line":54},"9":{"name":"(anonymous_9)","decl":{"start":{"line":55,"column":37},"end":{"line":55,"column":38}},"loc":{"start":{"line":55,"column":43},"end":{"line":55,"column":64}},"line":55},"10":{"name":"(anonymous_10)","decl":{"start":{"line":57,"column":31},"end":{"line":57,"column":32}},"loc":{"start":{"line":57,"column":48},"end":{"line":63,"column":3}},"line":57},"11":{"name":"(anonymous_11)","decl":{"start":{"line":58,"column":13},"end":{"line":58,"column":14}},"loc":{"start":{"line":58,"column":23},"end":{"line":62,"column":5}},"line":58},"12":{"name":"(anonymous_12)","decl":{"start":{"line":65,"column":33},"end":{"line":65,"column":34}},"loc":{"start":{"line":65,"column":41},"end":{"line":71,"column":3}},"line":65},"13":{"name":"(anonymous_13)","decl":{"start":{"line":66,"column":13},"end":{"line":66,"column":14}},"loc":{"start":{"line":66,"column":23},"end":{"line":70,"column":5}},"line":66}},"branchMap":{"0":{"loc":{"start":{"line":13,"column":27},"end":{"line":13,"column":67}},"type":"binary-expr","locations":[{"start":{"line":13,"column":27},"end":{"line":13,"column":59}},{"start":{"line":13,"column":63},"end":{"line":13,"column":67}}],"line":13},"1":{"loc":{"start":{"line":14,"column":4},"end":{"line":14,"column":null}},"type":"if","locations":[{"start":{"line":14,"column":4},"end":{"line":14,"column":null}},{"start":{},"end":{}}],"line":14},"2":{"loc":{"start":{"line":15,"column":29},"end":{"line":15,"column":88}},"type":"binary-expr","locations":[{"start":{"line":15,"column":29},"end":{"line":15,"column":30}},{"start":{"line":15,"column":34},"end":{"line":15,"column":58}},{"start":{"line":15,"column":62},"end":{"line":15,"column":88}}],"line":15},"3":{"loc":{"start":{"line":31,"column":25},"end":{"line":31,"column":35}},"type":"binary-expr","locations":[{"start":{"line":31,"column":25},"end":{"line":31,"column":29}},{"start":{"line":31,"column":33},"end":{"line":31,"column":35}}],"line":31},"4":{"loc":{"start":{"line":32,"column":2},"end":{"line":32,"column":null}},"type":"if","locations":[{"start":{"line":32,"column":2},"end":{"line":32,"column":null}},{"start":{},"end":{}}],"line":32},"5":{"loc":{"start":{"line":45,"column":4},"end":{"line":47,"column":null}},"type":"if","locations":[{"start":{"line":45,"column":4},"end":{"line":47,"column":null}},{"start":{},"end":{}}],"line":45},"6":{"loc":{"start":{"line":45,"column":8},"end":{"line":45,"column":80}},"type":"binary-expr","locations":[{"start":{"line":45,"column":8},"end":{"line":45,"column":37}},{"start":{"line":45,"column":41},"end":{"line":45,"column":80}}],"line":45}},"s":{"0":1,"1":2,"2":2,"3":2,"4":0,"5":1,"6":2,"7":1,"8":0,"9":0,"10":4,"11":4,"12":1,"13":3,"14":3,"15":1,"16":3,"17":1,"18":2,"19":0,"20":0,"21":0,"22":0,"23":0,"24":0,"25":0,"26":0,"27":0,"28":0,"29":0,"30":0,"31":0,"32":0,"33":0,"34":0,"35":0},"f":{"0":2,"1":2,"2":0,"3":4,"4":1,"5":1,"6":2,"7":0,"8":0,"9":0,"10":0,"11":0,"12":0,"13":0},"b":{"0":[2,0],"1":[0,2],"2":[2,2,1],"3":[4,0],"4":[1,3],"5":[0,0],"6":[0,0]},"meta":{"lastBranch":7,"lastFunction":14,"lastStatement":36,"seen":{"s:9:18:9:Infinity":0,"f:11:16:11:25":0,"s:12:2:18:Infinity":1,"s:13:16:13:Infinity":2,"b:13:27:13:59:13:63:13:67":0,"b:14:4:14:Infinity:undefined:undefined:undefined:undefined":1,"s:14:4:14:Infinity":3,"s:14:29:14:Infinity":4,"s:15:4:15:Infinity":5,"f:15:22:15:23":1,"s:15:29:15:88":6,"b:15:29:15:30:15:34:15:58:15:62:15:88":2,"s:17:4:17:Infinity":7,"f:21:9:21:16":2,"s:22:2:26:Infinity":8,"s:23:4:23:Infinity":9,"f:30:16:30:26":3,"s:31:18:31:Infinity":10,"b:31:25:31:29:31:33:31:35":3,"b:32:2:32:Infinity:undefined:undefined:undefined:undefined":4,"s:32:2:32:Infinity":11,"s:32:16:32:Infinity":12,"s:33:14:33:Infinity":13,"s:34:18:34:Infinity":14,"f:34:31:34:32":4,"s:34:38:34:73":15,"s:35:2:35:Infinity":16,"f:39:16:39:26":5,"s:40:2:40:Infinity":17,"f:40:22:40:23":6,"s:40:29:40:40":18,"f:43:9:43:14":7,"s:44:2:50:Infinity":19,"b:45:4:47:Infinity:undefined:undefined:undefined:undefined":5,"s:45:4:47:Infinity":20,"b:45:8:45:37:45:41:45:80":6,"s:46:6:46:Infinity":21,"s:51:2:51:Infinity":22,"f:54:16:54:29":8,"s:55:27:55:Infinity":23,"f:55:37:55:38":9,"s:55:43:55:64":24,"s:57:18:63:Infinity":25,"f:57:31:57:32":10,"s:58:4:62:Infinity":26,"f:58:13:58:14":11,"s:59:19:59:Infinity":27,"s:60:6:60:Infinity":28,"s:61:6:61:Infinity":29,"s:65:20:71:Infinity":30,"f:65:33:65:34":12,"s:66:4:70:Infinity":31,"f:66:13:66:14":13,"s:67:19:67:Infinity":32,"s:68:6:68:Infinity":33,"s:69:6:69:Infinity":34,"s:73:2:73:Infinity":35},"fnNames":{}}}
,"/home/user/weissman-cybersecurity/frontend/src/hooks/useVisiblePolling.js": {"path":"/home/user/weissman-cybersecurity/frontend/src/hooks/useVisiblePolling.js","statementMap":{"0":{"start":{"line":17,"column":15},"end":{"line":17,"column":null}},"1":{"start":{"line":18,"column":1},"end":{"line":20,"column":null}},"2":{"start":{"line":19,"column":4},"end":{"line":19,"column":null}},"3":{"start":{"line":22,"column":1},"end":{"line":29,"column":null}},"4":{"start":{"line":23,"column":4},"end":{"line":23,"column":null}},"5":{"start":{"line":23,"column":50},"end":{"line":23,"column":null}},"6":{"start":{"line":24,"column":15},"end":{"line":27,"column":null}},"7":{"start":{"line":25,"column":6},"end":{"line":25,"column":null}},"8":{"start":{"line":25,"column":62},"end":{"line":25,"column":null}},"9":{"start":{"line":26,"column":6},"end":{"line":26,"column":null}},"10":{"start":{"line":28,"column":4},"end":{"line":28,"column":null}},"11":{"start":{"line":28,"column":17},"end":{"line":28,"column":null}}},"fnMap":{"0":{"name":"useVisiblePolling","decl":{"start":{"line":16,"column":16},"end":{"line":16,"column":33}},"loc":{"start":{"line":16,"column":75},"end":{"line":30,"column":null}},"line":16},"1":{"name":"(anonymous_1)","decl":{"start":{"line":18,"column":12},"end":{"line":18,"column":13}},"loc":{"start":{"line":18,"column":18},"end":{"line":20,"column":3}},"line":18},"2":{"name":"(anonymous_2)","decl":{"start":{"line":22,"column":12},"end":{"line":22,"column":13}},"loc":{"start":{"line":22,"column":18},"end":{"line":29,"column":3}},"line":22},"3":{"name":"(anonymous_3)","decl":{"start":{"line":24,"column":27},"end":{"line":24,"column":28}},"loc":{"start":{"line":24,"column":33},"end":{"line":27,"column":5}},"line":24},"4":{"name":"(anonymous_4)","decl":{"start":{"line":28,"column":11},"end":{"line":28,"column":12}},"loc":{"start":{"line":28,"column":17},"end":{"line":28,"column":null}},"line":28}},"branchMap":{"0":{"loc":{"start":{"line":16,"column":50},"end":{"line":16,"column":73}},"type":"default-arg","locations":[{"start":{"line":16,"column":71},"end":{"line":16,"column":73}}],"line":16},"1":{"loc":{"start":{"line":16,"column":52},"end":{"line":16,"column":66}},"type":"default-arg","locations":[{"start":{"line":16,"column":61},"end":{"line":16,"column":66}}],"line":16},"2":{"loc":{"start":{"line":23,"column":4},"end":{"line":23,"column":null}},"type":"if","locations":[{"start":{"line":23,"column":4},"end":{"line":23,"column":null}},{"start":{},"end":{}}],"line":23},"3":{"loc":{"start":{"line":23,"column":8},"end":{"line":23,"column":48}},"type":"binary-expr","locations":[{"start":{"line":23,"column":8},"end":{"line":23,"column":14}},{"start":{"line":23,"column":18},"end":{"line":23,"column":29}},{"start":{"line":23,"column":33},"end":{"line":23,"column":48}}],"line":23},"4":{"loc":{"start":{"line":25,"column":6},"end":{"line":25,"column":null}},"type":"if","locations":[{"start":{"line":25,"column":6},"end":{"line":25,"column":null}},{"start":{},"end":{}}],"line":25},"5":{"loc":{"start":{"line":25,"column":10},"end":{"line":25,"column":60}},"type":"binary-expr","locations":[{"start":{"line":25,"column":10},"end":{"line":25,"column":41}},{"start":{"line":25,"column":45},"end":{"line":25,"column":60}}],"line":25}},"s":{"0":19,"1":19,"2":16,"3":19,"4":9,"5":2,"6":7,"7":10,"8":2,"9":8,"10":7,"11":7},"f":{"0":19,"1":16,"2":9,"3":10,"4":7},"b":{"0":[19],"1":[19],"2":[2,7],"3":[9,8,7],"4":[2,8],"5":[10,10]},"meta":{"lastBranch":6,"lastFunction":5,"lastStatement":12,"seen":{"f:16:16:16:33":0,"b:16:71:16:73":0,"b:16:61:16:66":1,"s:17:15:17:Infinity":0,"s:18:1:20:Infinity":1,"f:18:12:18:13":1,"s:19:4:19:Infinity":2,"s:22:1:29:Infinity":3,"f:22:12:22:13":2,"b:23:4:23:Infinity:undefined:undefined:undefined:undefined":2,"s:23:4:23:Infinity":4,"b:23:8:23:14:23:18:23:29:23:33:23:48":3,"s:23:50:23:Infinity":5,"s:24:15:27:Infinity":6,"f:24:27:24:28":3,"b:25:6:25:Infinity:undefined:undefined:undefined:undefined":4,"s:25:6:25:Infinity":7,"b:25:10:25:41:25:45:25:60":5,"s:25:62:25:Infinity":8,"s:26:6:26:Infinity":9,"s:28:4:28:Infinity":10,"f:28:11:28:12":4,"s:28:17:28:Infinity":11},"fnNames":{}}}
,"/home/user/weissman-cybersecurity/frontend/src/lib/appNav.js": {"path":"/home/user/weissman-cybersecurity/frontend/src/lib/appNav.js","statementMap":{"0":{"start":{"line":11,"column":27},"end":{"line":18,"column":null}},"1":{"start":{"line":21,"column":33},"end":{"line":25,"column":null}},"2":{"start":{"line":32,"column":34},"end":{"line":55,"column":null}},"3":{"start":{"line":58,"column":26},"end":{"line":189,"column":null}},"4":{"start":{"line":192,"column":23},"end":{"line":208,"column":null}},"5":{"start":{"line":210,"column":23},"end":{"line":210,"column":null}},"6":{"start":{"line":213,"column":2},"end":{"line":213,"column":null}},"7":{"start":{"line":213,"column":24},"end":{"line":213,"column":null}},"8":{"start":{"line":214,"column":2},"end":{"line":214,"column":null}},"9":{"start":{"line":214,"column":32},"end":{"line":214,"column":43}},"10":{"start":{"line":223,"column":12},"end":{"line":223,"column":null}},"11":{"start":{"line":224,"column":12},"end":{"line":224,"column":null}},"12":{"start":{"line":225,"column":2},"end":{"line":225,"column":null}},"13":{"start":{"line":225,"column":26},"end":{"line":225,"column":null}},"14":{"start":{"line":226,"column":2},"end":{"line":226,"column":null}},"15":{"start":{"line":231,"column":12},"end":{"line":231,"column":null}},"16":{"start":{"line":232,"column":2},"end":{"line":239,"column":null}},"17":{"start":{"line":233,"column":4},"end":{"line":238,"column":null}},"18":{"start":{"line":234,"column":6},"end":{"line":234,"column":null}},"19":{"start":{"line":234,"column":28},"end":{"line":234,"column":null}},"20":{"start":{"line":235,"column":6},"end":{"line":237,"column":null}},"21":{"start":{"line":236,"column":8},"end":{"line":236,"column":null}},"22":{"start":{"line":240,"column":2},"end":{"line":251,"column":null}},"23":{"start":{"line":241,"column":19},"end":{"line":241,"column":null}},"24":{"start":{"line":242,"column":4},"end":{"line":250,"column":null}},"25":{"start":{"line":243,"column":20},"end":{"line":243,"column":null}},"26":{"start":{"line":244,"column":6},"end":{"line":249,"column":null}},"27":{"start":{"line":245,"column":8},"end":{"line":248,"column":null}},"28":{"start":{"line":252,"column":2},"end":{"line":252,"column":null}},"29":{"start":{"line":262,"column":17},"end":{"line":262,"column":null}},"30":{"start":{"line":263,"column":16},"end":{"line":263,"column":null}},"31":{"start":{"line":265,"column":2},"end":{"line":268,"column":null}},"32":{"start":{"line":266,"column":4},"end":{"line":266,"column":null}},"33":{"start":{"line":266,"column":19},"end":{"line":266,"column":null}},"34":{"start":{"line":267,"column":4},"end":{"line":267,"column":null}},"35":{"start":{"line":270,"column":2},"end":{"line":270,"column":null}},"36":{"start":{"line":271,"column":19},"end":{"line":271,"column":null}},"37":{"start":{"line":272,"column":21},"end":{"line":272,"column":null}},"38":{"start":{"line":274,"column":2},"end":{"line":285,"column":null}},"39":{"start":{"line":278,"column":4},"end":{"line":278,"column":null}},"40":{"start":{"line":279,"column":4},"end":{"line":279,"column":null}},"41":{"start":{"line":280,"column":9},"end":{"line":285,"column":null}},"42":{"start":{"line":281,"column":4},"end":{"line":281,"column":null}},"43":{"start":{"line":282,"column":4},"end":{"line":282,"column":null}},"44":{"start":{"line":284,"column":4},"end":{"line":284,"column":null}},"45":{"start":{"line":287,"column":2},"end":{"line":287,"column":null}},"46":{"start":{"line":292,"column":14},"end":{"line":292,"column":null}},"47":{"start":{"line":293,"column":2},"end":{"line":297,"column":null}},"48":{"start":{"line":294,"column":17},"end":{"line":294,"column":null}},"49":{"start":{"line":295,"column":4},"end":{"line":295,"column":null}},"50":{"start":{"line":295,"column":49},"end":{"line":295,"column":null}},"51":{"start":{"line":296,"column":4},"end":{"line":296,"column":null}},"52":{"start":{"line":298,"column":2},"end":{"line":298,"column":null}},"53":{"start":{"line":306,"column":28},"end":{"line":312,"column":null}},"54":{"start":{"line":316,"column":2},"end":{"line":316,"column":null}},"55":{"start":{"line":316,"column":25},"end":{"line":316,"column":null}},"56":{"start":{"line":317,"column":14},"end":{"line":317,"column":null}},"57":{"start":{"line":318,"column":2},"end":{"line":318,"column":null}},"58":{"start":{"line":318,"column":12},"end":{"line":318,"column":null}},"59":{"start":{"line":319,"column":2},"end":{"line":319,"column":null}}},"fnMap":{"0":{"name":"groupById","decl":{"start":{"line":212,"column":9},"end":{"line":212,"column":18}},"loc":{"start":{"line":212,"column":23},"end":{"line":215,"column":null}},"line":212},"1":{"name":"(anonymous_1)","decl":{"start":{"line":214,"column":25},"end":{"line":214,"column":26}},"loc":{"start":{"line":214,"column":32},"end":{"line":214,"column":43}},"line":214},"2":{"name":"isNavActive","decl":{"start":{"line":222,"column":16},"end":{"line":222,"column":27}},"loc":{"start":{"line":222,"column":57},"end":{"line":227,"column":null}},"line":222},"3":{"name":"findNavMatch","decl":{"start":{"line":230,"column":16},"end":{"line":230,"column":28}},"loc":{"start":{"line":230,"column":39},"end":{"line":253,"column":null}},"line":230},"4":{"name":"buildBreadcrumbs","decl":{"start":{"line":261,"column":16},"end":{"line":261,"column":32}},"loc":{"start":{"line":261,"column":61},"end":{"line":288,"column":null}},"line":261},"5":{"name":"dedupeCrumbs","decl":{"start":{"line":291,"column":9},"end":{"line":291,"column":21}},"loc":{"start":{"line":291,"column":30},"end":{"line":299,"column":null}},"line":291},"6":{"name":"canAccessNavItem","decl":{"start":{"line":315,"column":16},"end":{"line":315,"column":32}},"loc":{"start":{"line":315,"column":48},"end":{"line":320,"column":null}},"line":315}},"branchMap":{"0":{"loc":{"start":{"line":213,"column":2},"end":{"line":213,"column":null}},"type":"if","locations":[{"start":{"line":213,"column":2},"end":{"line":213,"column":null}},{"start":{},"end":{}}],"line":213},"1":{"loc":{"start":{"line":222,"column":42},"end":{"line":222,"column":55}},"type":"default-arg","locations":[{"start":{"line":222,"column":50},"end":{"line":222,"column":55}}],"line":222},"2":{"loc":{"start":{"line":223,"column":12},"end":{"line":223,"column":null}},"type":"binary-expr","locations":[{"start":{"line":223,"column":12},"end":{"line":223,"column":39}},{"start":{"line":223,"column":43},"end":{"line":223,"column":null}}],"line":223},"3":{"loc":{"start":{"line":224,"column":12},"end":{"line":224,"column":null}},"type":"binary-expr","locations":[{"start":{"line":224,"column":12},"end":{"line":224,"column":33}},{"start":{"line":224,"column":37},"end":{"line":224,"column":null}}],"line":224},"4":{"loc":{"start":{"line":225,"column":2},"end":{"line":225,"column":null}},"type":"if","locations":[{"start":{"line":225,"column":2},"end":{"line":225,"column":null}},{"start":{},"end":{}}],"line":225},"5":{"loc":{"start":{"line":225,"column":6},"end":{"line":225,"column":24}},"type":"binary-expr","locations":[{"start":{"line":225,"column":6},"end":{"line":225,"column":15}},{"start":{"line":225,"column":19},"end":{"line":225,"column":24}}],"line":225},"6":{"loc":{"start":{"line":226,"column":9},"end":{"line":226,"column":null}},"type":"binary-expr","locations":[{"start":{"line":226,"column":9},"end":{"line":226,"column":16}},{"start":{"line":226,"column":20},"end":{"line":226,"column":null}}],"line":226},"7":{"loc":{"start":{"line":231,"column":12},"end":{"line":231,"column":null}},"type":"binary-expr","locations":[{"start":{"line":231,"column":12},"end":{"line":231,"column":39}},{"start":{"line":231,"column":43},"end":{"line":231,"column":null}}],"line":231},"8":{"loc":{"start":{"line":234,"column":6},"end":{"line":234,"column":null}},"type":"if","locations":[{"start":{"line":234,"column":6},"end":{"line":234,"column":null}},{"start":{},"end":{}}],"line":234},"9":{"loc":{"start":{"line":235,"column":6},"end":{"line":237,"column":null}},"type":"if","locations":[{"start":{"line":235,"column":6},"end":{"line":237,"column":null}},{"start":{},"end":{}}],"line":235},"10":{"loc":{"start":{"line":242,"column":4},"end":{"line":250,"column":null}},"type":"if","locations":[{"start":{"line":242,"column":4},"end":{"line":250,"column":null}},{"start":{},"end":{}}],"line":242},"11":{"loc":{"start":{"line":242,"column":8},"end":{"line":242,"column":50}},"type":"binary-expr","locations":[{"start":{"line":242,"column":8},"end":{"line":242,"column":20}},{"start":{"line":242,"column":24},"end":{"line":242,"column":50}}],"line":242},"12":{"loc":{"start":{"line":244,"column":6},"end":{"line":249,"column":null}},"type":"if","locations":[{"start":{"line":244,"column":6},"end":{"line":249,"column":null}},{"start":{},"end":{}}],"line":244},"13":{"loc":{"start":{"line":265,"column":2},"end":{"line":268,"column":null}},"type":"if","locations":[{"start":{"line":265,"column":2},"end":{"line":268,"column":null}},{"start":{},"end":{}}],"line":265},"14":{"loc":{"start":{"line":266,"column":4},"end":{"line":266,"column":null}},"type":"if","locations":[{"start":{"line":266,"column":4},"end":{"line":266,"column":null}},{"start":{},"end":{}}],"line":266},"15":{"loc":{"start":{"line":272,"column":21},"end":{"line":272,"column":null}},"type":"binary-expr","locations":[{"start":{"line":272,"column":21},"end":{"line":272,"column":30}},{"start":{"line":272,"column":34},"end":{"line":272,"column":null}}],"line":272},"16":{"loc":{"start":{"line":274,"column":2},"end":{"line":285,"column":null}},"type":"if","locations":[{"start":{"line":274,"column":2},"end":{"line":285,"column":null}},{"start":{"line":280,"column":9},"end":{"line":285,"column":null}}],"line":274},"17":{"loc":{"start":{"line":275,"column":4},"end":{"line":276,"column":null}},"type":"binary-expr","locations":[{"start":{"line":275,"column":4},"end":{"line":275,"column":25}},{"start":{"line":276,"column":4},"end":{"line":276,"column":null}}],"line":275},"18":{"loc":{"start":{"line":280,"column":9},"end":{"line":285,"column":null}},"type":"if","locations":[{"start":{"line":280,"column":9},"end":{"line":285,"column":null}},{"start":{"line":283,"column":9},"end":{"line":285,"column":null}}],"line":280},"19":{"loc":{"start":{"line":280,"column":13},"end":{"line":280,"column":48}},"type":"binary-expr","locations":[{"start":{"line":280,"column":13},"end":{"line":280,"column":22}},{"start":{"line":280,"column":26},"end":{"line":280,"column":48}}],"line":280},"20":{"loc":{"start":{"line":295,"column":4},"end":{"line":295,"column":null}},"type":"if","locations":[{"start":{"line":295,"column":4},"end":{"line":295,"column":null}},{"start":{},"end":{}}],"line":295},"21":{"loc":{"start":{"line":295,"column":8},"end":{"line":295,"column":47}},"type":"binary-expr","locations":[{"start":{"line":295,"column":8},"end":{"line":295,"column":12}},{"start":{"line":295,"column":16},"end":{"line":295,"column":38}},{"start":{"line":295,"column":42},"end":{"line":295,"column":47}}],"line":295},"22":{"loc":{"start":{"line":316,"column":2},"end":{"line":316,"column":null}},"type":"if","locations":[{"start":{"line":316,"column":2},"end":{"line":316,"column":null}},{"start":{},"end":{}}],"line":316},"23":{"loc":{"start":{"line":317,"column":14},"end":{"line":317,"column":null}},"type":"binary-expr","locations":[{"start":{"line":317,"column":14},"end":{"line":317,"column":27}},{"start":{"line":317,"column":31},"end":{"line":317,"column":null}}],"line":317},"24":{"loc":{"start":{"line":318,"column":2},"end":{"line":318,"column":null}},"type":"if","locations":[{"start":{"line":318,"column":2},"end":{"line":318,"column":null}},{"start":{},"end":{}}],"line":318}},"s":{"0":3,"1":3,"2":3,"3":3,"4":3,"5":3,"6":0,"7":0,"8":0,"9":0,"10":19,"11":19,"12":19,"13":4,"14":15,"15":2,"16":2,"17":2,"18":6,"19":0,"20":6,"21":2,"22":0,"23":0,"24":0,"25":0,"26":0,"27":0,"28":0,"29":1,"30":1,"31":1,"32":0,"33":0,"34":0,"35":1,"36":1,"37":1,"38":1,"39":0,"40":0,"41":1,"42":1,"43":1,"44":0,"45":1,"46":1,"47":1,"48":4,"49":4,"50":0,"51":4,"52":1,"53":3,"54":24,"55":1,"56":23,"57":24,"58":2,"59":21},"f":{"0":0,"1":0,"2":19,"3":2,"4":1,"5":1,"6":24},"b":{"0":[0,0],"1":[19],"2":[19,1],"3":[19,2],"4":[4,15],"5":[19,17],"6":[15,8],"7":[2,0],"8":[0,6],"9":[2,4],"10":[0,0],"11":[0,0],"12":[0,0],"13":[0,1],"14":[0,0],"15":[1,0],"16":[0,1],"17":[1,1],"18":[1,0],"19":[1,1],"20":[0,4],"21":[4,3,0],"22":[1,23],"23":[23,21],"24":[2,22]},"meta":{"lastBranch":25,"lastFunction":7,"lastStatement":60,"seen":{"s:11:27:18:Infinity":0,"s:21:33:25:Infinity":1,"s:32:34:55:Infinity":2,"s:58:26:189:Infinity":3,"s:192:23:208:Infinity":4,"s:210:23:210:Infinity":5,"f:212:9:212:18":0,"b:213:2:213:Infinity:undefined:undefined:undefined:undefined":0,"s:213:2:213:Infinity":6,"s:213:24:213:Infinity":7,"s:214:2:214:Infinity":8,"f:214:25:214:26":1,"s:214:32:214:43":9,"f:222:16:222:27":2,"b:222:50:222:55":1,"s:223:12:223:Infinity":10,"b:223:12:223:39:223:43:223:Infinity":2,"s:224:12:224:Infinity":11,"b:224:12:224:33:224:37:224:Infinity":3,"b:225:2:225:Infinity:undefined:undefined:undefined:undefined":4,"s:225:2:225:Infinity":12,"b:225:6:225:15:225:19:225:24":5,"s:225:26:225:Infinity":13,"s:226:2:226:Infinity":14,"b:226:9:226:16:226:20:226:Infinity":6,"f:230:16:230:28":3,"s:231:12:231:Infinity":15,"b:231:12:231:39:231:43:231:Infinity":7,"s:232:2:239:Infinity":16,"s:233:4:238:Infinity":17,"b:234:6:234:Infinity:undefined:undefined:undefined:undefined":8,"s:234:6:234:Infinity":18,"s:234:28:234:Infinity":19,"b:235:6:237:Infinity:undefined:undefined:undefined:undefined":9,"s:235:6:237:Infinity":20,"s:236:8:236:Infinity":21,"s:240:2:251:Infinity":22,"s:241:19:241:Infinity":23,"b:242:4:250:Infinity:undefined:undefined:undefined:undefined":10,"s:242:4:250:Infinity":24,"b:242:8:242:20:242:24:242:50":11,"s:243:20:243:Infinity":25,"b:244:6:249:Infinity:undefined:undefined:undefined:undefined":12,"s:244:6:249:Infinity":26,"s:245:8:248:Infinity":27,"s:252:2:252:Infinity":28,"f:261:16:261:32":4,"s:262:17:262:Infinity":29,"s:263:16:263:Infinity":30,"b:265:2:268:Infinity:undefined:undefined:undefined:undefined":13,"s:265:2:268:Infinity":31,"b:266:4:266:Infinity:undefined:undefined:undefined:undefined":14,"s:266:4:266:Infinity":32,"s:266:19:266:Infinity":33,"s:267:4:267:Infinity":34,"s:270:2:270:Infinity":35,"s:271:19:271:Infinity":36,"s:272:21:272:Infinity":37,"b:272:21:272:30:272:34:272:Infinity":15,"b:274:2:285:Infinity:280:9:285:Infinity":16,"s:274:2:285:Infinity":38,"b:275:4:275:25:276:4:276:Infinity":17,"s:278:4:278:Infinity":39,"s:279:4:279:Infinity":40,"b:280:9:285:Infinity:283:9:285:Infinity":18,"s:280:9:285:Infinity":41,"b:280:13:280:22:280:26:280:48":19,"s:281:4:281:Infinity":42,"s:282:4:282:Infinity":43,"s:284:4:284:Infinity":44,"s:287:2:287:Infinity":45,"f:291:9:291:21":5,"s:292:14:292:Infinity":46,"s:293:2:297:Infinity":47,"s:294:17:294:Infinity":48,"b:295:4:295:Infinity:undefined:undefined:undefined:undefined":20,"s:295:4:295:Infinity":49,"b:295:8:295:12:295:16:295:38:295:42:295:47":21,"s:295:49:295:Infinity":50,"s:296:4:296:Infinity":51,"s:298:2:298:Infinity":52,"s:306:28:312:Infinity":53,"f:315:16:315:32":6,"b:316:2:316:Infinity:undefined:undefined:undefined:undefined":22,"s:316:2:316:Infinity":54,"s:316:25:316:Infinity":55,"s:317:14:317:Infinity":56,"b:317:14:317:27:317:31:317:Infinity":23,"b:318:2:318:Infinity:undefined:undefined:undefined:undefined":24,"s:318:2:318:Infinity":57,"s:318:12:318:Infinity":58,"s:319:2:319:Infinity":59},"fnNames":{}}}
,"/home/user/weissman-cybersecurity/frontend/src/lib/bulkFindingStatus.js": {"path":"/home/user/weissman-cybersecurity/frontend/src/lib/bulkFindingStatus.js","statementMap":{"0":{"start":{"line":17,"column":14},"end":{"line":17,"column":null}},"1":{"start":{"line":17,"column":45},"end":{"line":17,"column":55}},"2":{"start":{"line":18,"column":2},"end":{"line":20,"column":null}},"3":{"start":{"line":19,"column":4},"end":{"line":19,"column":null}},"4":{"start":{"line":21,"column":14},"end":{"line":21,"column":null}},"5":{"start":{"line":22,"column":11},"end":{"line":22,"column":null}},"6":{"start":{"line":23,"column":17},"end":{"line":23,"column":null}},"7":{"start":{"line":24,"column":2},"end":{"line":47,"column":null}},"8":{"start":{"line":24,"column":15},"end":{"line":24,"column":16}},"9":{"start":{"line":25,"column":18},"end":{"line":25,"column":null}},"10":{"start":{"line":26,"column":20},"end":{"line":42,"column":null}},"11":{"start":{"line":27,"column":6},"end":{"line":41,"column":null}},"12":{"start":{"line":28,"column":18},"end":{"line":32,"column":null}},"13":{"start":{"line":33,"column":18},"end":{"line":33,"column":null}},"14":{"start":{"line":33,"column":46},"end":{"line":33,"column":48}},"15":{"start":{"line":34,"column":8},"end":{"line":37,"column":null}},"16":{"start":{"line":35,"column":10},"end":{"line":35,"column":null}},"17":{"start":{"line":36,"column":10},"end":{"line":36,"column":null}},"18":{"start":{"line":38,"column":8},"end":{"line":38,"column":null}},"19":{"start":{"line":40,"column":8},"end":{"line":40,"column":null}},"20":{"start":{"line":43,"column":4},"end":{"line":46,"column":null}},"21":{"start":{"line":44,"column":6},"end":{"line":45,"column":null}},"22":{"start":{"line":44,"column":18},"end":{"line":44,"column":null}},"23":{"start":{"line":45,"column":11},"end":{"line":45,"column":null}},"24":{"start":{"line":48,"column":2},"end":{"line":48,"column":null}}},"fnMap":{"0":{"name":"bulkUpdateFindingStatus","decl":{"start":{"line":16,"column":22},"end":{"line":16,"column":45}},"loc":{"start":{"line":16,"column":110},"end":{"line":49,"column":null}},"line":16},"1":{"name":"(anonymous_1)","decl":{"start":{"line":17,"column":37},"end":{"line":17,"column":38}},"loc":{"start":{"line":17,"column":45},"end":{"line":17,"column":55}},"line":17},"2":{"name":"(anonymous_2)","decl":{"start":{"line":26,"column":48},"end":{"line":26,"column":53}},"loc":{"start":{"line":26,"column":65},"end":{"line":42,"column":5}},"line":26},"3":{"name":"(anonymous_3)","decl":{"start":{"line":33,"column":39},"end":{"line":33,"column":40}},"loc":{"start":{"line":33,"column":46},"end":{"line":33,"column":48}},"line":33}},"branchMap":{"0":{"loc":{"start":{"line":16,"column":63},"end":{"line":16,"column":108}},"type":"default-arg","locations":[{"start":{"line":16,"column":106},"end":{"line":16,"column":108}}],"line":16},"1":{"loc":{"start":{"line":16,"column":86},"end":{"line":16,"column":101}},"type":"default-arg","locations":[{"start":{"line":16,"column":100},"end":{"line":16,"column":101}}],"line":16},"2":{"loc":{"start":{"line":17,"column":15},"end":{"line":17,"column":28}},"type":"binary-expr","locations":[{"start":{"line":17,"column":15},"end":{"line":17,"column":22}},{"start":{"line":17,"column":26},"end":{"line":17,"column":28}}],"line":17},"3":{"loc":{"start":{"line":18,"column":2},"end":{"line":20,"column":null}},"type":"if","locations":[{"start":{"line":18,"column":2},"end":{"line":20,"column":null}},{"start":{},"end":{}}],"line":18},"4":{"loc":{"start":{"line":18,"column":6},"end":{"line":18,"column":67}},"type":"binary-expr","locations":[{"start":{"line":18,"column":6},"end":{"line":18,"column":13}},{"start":{"line":18,"column":17},"end":{"line":18,"column":33}},{"start":{"line":18,"column":37},"end":{"line":18,"column":67}}],"line":18},"5":{"loc":{"start":{"line":34,"column":8},"end":{"line":37,"column":null}},"type":"if","locations":[{"start":{"line":34,"column":8},"end":{"line":37,"column":null}},{"start":{},"end":{}}],"line":34},"6":{"loc":{"start":{"line":34,"column":12},"end":{"line":34,"column":24}},"type":"binary-expr","locations":[{"start":{"line":34,"column":12},"end":{"line":34,"column":16}},{"start":{"line":34,"column":20},"end":{"line":34,"column":24}}],"line":34},"7":{"loc":{"start":{"line":35,"column":29},"end":{"line":35,"column":47}},"type":"binary-expr","locations":[{"start":{"line":35,"column":29},"end":{"line":35,"column":37}},{"start":{"line":35,"column":41},"end":{"line":35,"column":47}}],"line":35},"8":{"loc":{"start":{"line":44,"column":6},"end":{"line":45,"column":null}},"type":"if","locations":[{"start":{"line":44,"column":6},"end":{"line":45,"column":null}},{"start":{"line":45,"column":11},"end":{"line":45,"column":null}}],"line":44}},"s":{"0":5,"1":15,"2":5,"3":2,"4":3,"5":3,"6":3,"7":3,"8":3,"9":5,"10":5,"11":12,"12":12,"13":11,"14":0,"15":11,"16":10,"17":10,"18":1,"19":1,"20":5,"21":12,"22":10,"23":2,"24":5},"f":{"0":5,"1":15,"2":12,"3":0},"b":{"0":[5],"1":[5],"2":[5,0],"3":[2,3],"4":[5,4,3],"5":[10,1],"6":[11,11],"7":[3,0],"8":[10,2]},"meta":{"lastBranch":9,"lastFunction":4,"lastStatement":25,"seen":{"f:16:22:16:45":0,"b:16:106:16:108":0,"b:16:100:16:101":1,"s:17:14:17:Infinity":0,"b:17:15:17:22:17:26:17:28":2,"f:17:37:17:38":1,"s:17:45:17:55":1,"b:18:2:20:Infinity:undefined:undefined:undefined:undefined":3,"s:18:2:20:Infinity":2,"b:18:6:18:13:18:17:18:33:18:37:18:67":4,"s:19:4:19:Infinity":3,"s:21:14:21:Infinity":4,"s:22:11:22:Infinity":5,"s:23:17:23:Infinity":6,"s:24:2:47:Infinity":7,"s:24:15:24:16":8,"s:25:18:25:Infinity":9,"s:26:20:42:Infinity":10,"f:26:48:26:53":2,"s:27:6:41:Infinity":11,"s:28:18:32:Infinity":12,"s:33:18:33:Infinity":13,"f:33:39:33:40":3,"s:33:46:33:48":14,"b:34:8:37:Infinity:undefined:undefined:undefined:undefined":5,"s:34:8:37:Infinity":15,"b:34:12:34:16:34:20:34:24":6,"s:35:10:35:Infinity":16,"b:35:29:35:37:35:41:35:47":7,"s:36:10:36:Infinity":17,"s:38:8:38:Infinity":18,"s:40:8:40:Infinity":19,"s:43:4:46:Infinity":20,"b:44:6:45:Infinity:45:11:45:Infinity":8,"s:44:6:45:Infinity":21,"s:44:18:44:Infinity":22,"s:45:11:45:Infinity":23,"s:48:2:48:Infinity":24},"fnNames":{}}}
,"/home/user/weissman-cybersecurity/frontend/src/lib/clientTarget.js": {"path":"/home/user/weissman-cybersecurity/frontend/src/lib/clientTarget.js","statementMap":{"0":{"start":{"line":3,"column":2},"end":{"line":3,"column":null}},"1":{"start":{"line":3,"column":15},"end":{"line":3,"column":null}},"2":{"start":{"line":4,"column":13},"end":{"line":4,"column":null}},"3":{"start":{"line":5,"column":14},"end":{"line":5,"column":null}},"4":{"start":{"line":6,"column":2},"end":{"line":15,"column":null}},"5":{"start":{"line":7,"column":4},"end":{"line":7,"column":null}},"6":{"start":{"line":8,"column":9},"end":{"line":15,"column":null}},"7":{"start":{"line":9,"column":4},"end":{"line":14,"column":null}},"8":{"start":{"line":10,"column":18},"end":{"line":10,"column":null}},"9":{"start":{"line":11,"column":6},"end":{"line":11,"column":null}},"10":{"start":{"line":13,"column":6},"end":{"line":13,"column":null}},"11":{"start":{"line":16,"column":16},"end":{"line":16,"column":null}},"12":{"start":{"line":17,"column":2},"end":{"line":17,"column":null}},"13":{"start":{"line":17,"column":14},"end":{"line":17,"column":null}},"14":{"start":{"line":18,"column":2},"end":{"line":18,"column":null}},"15":{"start":{"line":22,"column":33},"end":{"line":22,"column":null}},"16":{"start":{"line":26,"column":2},"end":{"line":26,"column":null}},"17":{"start":{"line":26,"column":16},"end":{"line":26,"column":null}},"18":{"start":{"line":27,"column":2},"end":{"line":27,"column":null}},"19":{"start":{"line":27,"column":31},"end":{"line":27,"column":null}},"20":{"start":{"line":28,"column":2},"end":{"line":28,"column":null}},"21":{"start":{"line":28,"column":17},"end":{"line":28,"column":null}},"22":{"start":{"line":29,"column":2},"end":{"line":29,"column":null}},"23":{"start":{"line":29,"column":29},"end":{"line":29,"column":62}},"24":{"start":{"line":35,"column":21},"end":{"line":46,"column":null}},"25":{"start":{"line":47,"column":2},"end":{"line":47,"column":null}}},"fnMap":{"0":{"name":"clientPrimaryTargetUrl","decl":{"start":{"line":2,"column":16},"end":{"line":2,"column":38}},"loc":{"start":{"line":2,"column":47},"end":{"line":19,"column":null}},"line":2},"1":{"name":"resolveClient","decl":{"start":{"line":25,"column":16},"end":{"line":25,"column":29}},"loc":{"start":{"line":25,"column":49},"end":{"line":30,"column":null}},"line":25},"2":{"name":"(anonymous_2)","decl":{"start":{"line":29,"column":22},"end":{"line":29,"column":23}},"loc":{"start":{"line":29,"column":29},"end":{"line":29,"column":62}},"line":29},"3":{"name":"engineRunsWithoutTarget","decl":{"start":{"line":33,"column":16},"end":{"line":33,"column":39}},"loc":{"start":{"line":33,"column":50},"end":{"line":48,"column":null}},"line":33}},"branchMap":{"0":{"loc":{"start":{"line":3,"column":2},"end":{"line":3,"column":null}},"type":"if","locations":[{"start":{"line":3,"column":2},"end":{"line":3,"column":null}},{"start":{},"end":{}}],"line":3},"1":{"loc":{"start":{"line":6,"column":2},"end":{"line":15,"column":null}},"type":"if","locations":[{"start":{"line":6,"column":2},"end":{"line":15,"column":null}},{"start":{"line":8,"column":9},"end":{"line":15,"column":null}}],"line":6},"2":{"loc":{"start":{"line":8,"column":9},"end":{"line":15,"column":null}},"type":"if","locations":[{"start":{"line":8,"column":9},"end":{"line":15,"column":null}},{"start":{},"end":{}}],"line":8},"3":{"loc":{"start":{"line":11,"column":13},"end":{"line":11,"column":null}},"type":"cond-expr","locations":[{"start":{"line":11,"column":34},"end":{"line":11,"column":65}},{"start":{"line":11,"column":68},"end":{"line":11,"column":null}}],"line":11},"4":{"loc":{"start":{"line":16,"column":16},"end":{"line":16,"column":null}},"type":"binary-expr","locations":[{"start":{"line":16,"column":16},"end":{"line":16,"column":23}},{"start":{"line":16,"column":27},"end":{"line":16,"column":null}}],"line":16},"5":{"loc":{"start":{"line":17,"column":2},"end":{"line":17,"column":null}},"type":"if","locations":[{"start":{"line":17,"column":2},"end":{"line":17,"column":null}},{"start":{},"end":{}}],"line":17},"6":{"loc":{"start":{"line":18,"column":9},"end":{"line":18,"column":null}},"type":"cond-expr","locations":[{"start":{"line":18,"column":36},"end":{"line":18,"column":48}},{"start":{"line":18,"column":51},"end":{"line":18,"column":null}}],"line":18},"7":{"loc":{"start":{"line":26,"column":2},"end":{"line":26,"column":null}},"type":"if","locations":[{"start":{"line":26,"column":2},"end":{"line":26,"column":null}},{"start":{},"end":{}}],"line":26},"8":{"loc":{"start":{"line":27,"column":2},"end":{"line":27,"column":null}},"type":"if","locations":[{"start":{"line":27,"column":2},"end":{"line":27,"column":null}},{"start":{},"end":{}}],"line":27},"9":{"loc":{"start":{"line":28,"column":2},"end":{"line":28,"column":null}},"type":"if","locations":[{"start":{"line":28,"column":2},"end":{"line":28,"column":null}},{"start":{},"end":{}}],"line":28},"10":{"loc":{"start":{"line":29,"column":9},"end":{"line":29,"column":null}},"type":"binary-expr","locations":[{"start":{"line":29,"column":9},"end":{"line":29,"column":63}},{"start":{"line":29,"column":67},"end":{"line":29,"column":null}}],"line":29}},"s":{"0":3,"1":0,"2":3,"3":3,"4":3,"5":1,"6":2,"7":1,"8":1,"9":1,"10":0,"11":3,"12":3,"13":1,"14":2,"15":2,"16":1,"17":0,"18":1,"19":0,"20":1,"21":0,"22":1,"23":1,"24":1,"25":1},"f":{"0":3,"1":1,"2":1,"3":1},"b":{"0":[0,3],"1":[1,2],"2":[1,1],"3":[1,0],"4":[3,1],"5":[1,2],"6":[0,2],"7":[0,1],"8":[0,1],"9":[0,1],"10":[1,0]},"meta":{"lastBranch":11,"lastFunction":4,"lastStatement":26,"seen":{"f:2:16:2:38":0,"b:3:2:3:Infinity:undefined:undefined:undefined:undefined":0,"s:3:2:3:Infinity":0,"s:3:15:3:Infinity":1,"s:4:13:4:Infinity":2,"s:5:14:5:Infinity":3,"b:6:2:15:Infinity:8:9:15:Infinity":1,"s:6:2:15:Infinity":4,"s:7:4:7:Infinity":5,"b:8:9:15:Infinity:undefined:undefined:undefined:undefined":2,"s:8:9:15:Infinity":6,"s:9:4:14:Infinity":7,"s:10:18:10:Infinity":8,"s:11:6:11:Infinity":9,"b:11:34:11:65:11:68:11:Infinity":3,"s:13:6:13:Infinity":10,"s:16:16:16:Infinity":11,"b:16:16:16:23:16:27:16:Infinity":4,"b:17:2:17:Infinity:undefined:undefined:undefined:undefined":5,"s:17:2:17:Infinity":12,"s:17:14:17:Infinity":13,"s:18:2:18:Infinity":14,"b:18:36:18:48:18:51:18:Infinity":6,"s:22:33:22:Infinity":15,"f:25:16:25:29":1,"b:26:2:26:Infinity:undefined:undefined:undefined:undefined":7,"s:26:2:26:Infinity":16,"s:26:16:26:Infinity":17,"b:27:2:27:Infinity:undefined:undefined:undefined:undefined":8,"s:27:2:27:Infinity":18,"s:27:31:27:Infinity":19,"b:28:2:28:Infinity:undefined:undefined:undefined:undefined":9,"s:28:2:28:Infinity":20,"s:28:17:28:Infinity":21,"s:29:2:29:Infinity":22,"b:29:9:29:63:29:67:29:Infinity":10,"f:29:22:29:23":2,"s:29:29:29:62":23,"f:33:16:33:39":3,"s:35:21:46:Infinity":24,"s:47:2:47:Infinity":25},"fnNames":{}}}
,"/home/user/weissman-cybersecurity/frontend/src/lib/engineGroupDefs.js": {"path":"/home/user/weissman-cybersecurity/frontend/src/lib/engineGroupDefs.js","statementMap":{"0":{"start":{"line":3,"column":33},"end":{"line":19,"column":null}},"1":{"start":{"line":21,"column":29},"end":{"line":21,"column":null}},"2":{"start":{"line":21,"column":77},"end":{"line":21,"column":86}}},"fnMap":{"0":{"name":"(anonymous_0)","decl":{"start":{"line":21,"column":70},"end":{"line":21,"column":71}},"loc":{"start":{"line":21,"column":77},"end":{"line":21,"column":86}},"line":21}},"branchMap":{},"s":{"0":8,"1":8,"2":120},"f":{"0":120},"b":{},"meta":{"lastBranch":0,"lastFunction":1,"lastStatement":3,"seen":{"s:3:33:19:Infinity":0,"s:21:29:21:Infinity":1,"f:21:70:21:71":0,"s:21:77:21:86":2},"fnNames":{}}}
,"/home/user/weissman-cybersecurity/frontend/src/lib/engineIntegrationReadiness.js": {"path":"/home/user/weissman-cybersecurity/frontend/src/lib/engineIntegrationReadiness.js","statementMap":{"0":{"start":{"line":5,"column":20},"end":{"line":5,"column":null}},"1":{"start":{"line":6,"column":20},"end":{"line":6,"column":null}},"2":{"start":{"line":7,"column":22},"end":{"line":7,"column":null}},"3":{"start":{"line":8,"column":25},"end":{"line":8,"column":null}},"4":{"start":{"line":9,"column":20},"end":{"line":9,"column":null}},"5":{"start":{"line":10,"column":21},"end":{"line":10,"column":null}},"6":{"start":{"line":11,"column":20},"end":{"line":11,"column":null}},"7":{"start":{"line":12,"column":22},"end":{"line":12,"column":null}},"8":{"start":{"line":13,"column":23},"end":{"line":13,"column":null}},"9":{"start":{"line":14,"column":22},"end":{"line":14,"column":null}},"10":{"start":{"line":16,"column":17},"end":{"line":52,"column":null}},"11":{"start":{"line":55,"column":15},"end":{"line":55,"column":null}},"12":{"start":{"line":56,"column":2},"end":{"line":56,"column":null}},"13":{"start":{"line":56,"column":34},"end":{"line":56,"column":null}},"14":{"start":{"line":57,"column":2},"end":{"line":57,"column":null}},"15":{"start":{"line":57,"column":50},"end":{"line":57,"column":null}},"16":{"start":{"line":58,"column":2},"end":{"line":58,"column":null}},"17":{"start":{"line":58,"column":34},"end":{"line":58,"column":null}},"18":{"start":{"line":59,"column":2},"end":{"line":59,"column":null}},"19":{"start":{"line":59,"column":36},"end":{"line":59,"column":null}},"20":{"start":{"line":60,"column":2},"end":{"line":60,"column":null}},"21":{"start":{"line":60,"column":39},"end":{"line":60,"column":null}},"22":{"start":{"line":61,"column":2},"end":{"line":61,"column":null}},"23":{"start":{"line":61,"column":34},"end":{"line":61,"column":null}},"24":{"start":{"line":62,"column":2},"end":{"line":62,"column":null}},"25":{"start":{"line":62,"column":35},"end":{"line":62,"column":null}},"26":{"start":{"line":63,"column":2},"end":{"line":63,"column":null}},"27":{"start":{"line":63,"column":34},"end":{"line":63,"column":null}},"28":{"start":{"line":64,"column":2},"end":{"line":64,"column":null}},"29":{"start":{"line":64,"column":36},"end":{"line":64,"column":null}},"
[...]
,"/home/user/weissman-cybersecurity/frontend/src/lib/severity.js": {"path":"/home/user/weissman-cybersecurity/frontend/src/lib/severity.js","statementMap":{"0":{"start":{"line":10,"column":25},"end":{"line":10,"column":null}},"1":{"start":{"line":13,"column":25},"end":{"line":19,"column":null}},"2":{"start":{"line":23,"column":12},"end":{"line":23,"column":null}},"3":{"start":{"line":24,"column":2},"end":{"line":24,"column":null}},"4":{"start":{"line":29,"column":2},"end":{"line":29,"column":null}},"5":{"start":{"line":34,"column":2},"end":{"line":34,"column":null}},"6":{"start":{"line":39,"column":2},"end":{"line":39,"column":null}}},"fnMap":{"0":{"name":"normalizeSeverity","decl":{"start":{"line":22,"column":16},"end":{"line":22,"column":33}},"loc":{"start":{"line":22,"column":39},"end":{"line":25,"column":null}},"line":22},"1":{"name":"sevRank","decl":{"start":{"line":28,"column":16},"end":{"line":28,"column":23}},"loc":{"start":{"line":28,"column":29},"end":{"line":30,"column":null}},"line":28},"2":{"name":"sevColor","decl":{"start":{"line":33,"column":16},"end":{"line":33,"column":24}},"loc":{"start":{"line":33,"column":30},"end":{"line":35,"column":null}},"line":33},"3":{"name":"compareSeverity","decl":{"start":{"line":38,"column":16},"end":{"line":38,"column":31}},"loc":{"start":{"line":38,"column":38},"end":{"line":40,"column":null}},"line":38}},"branchMap":{"0":{"loc":{"start":{"line":23,"column":19},"end":{"line":23,"column":28}},"type":"binary-expr","locations":[{"start":{"line":23,"column":19},"end":{"line":23,"column":22}},{"start":{"line":23,"column":26},"end":{"line":23,"column":28}}],"line":23},"1":{"loc":{"start":{"line":24,"column":9},"end":{"line":24,"column":null}},"type":"cond-expr","locations":[{"start":{"line":24,"column":26},"end":{"line":24,"column":27}},{"start":{"line":24,"column":30},"end":{"line":24,"column":null}}],"line":24},"2":{"loc":{"start":{"line":29,"column":9},"end":{"line":29,"column":null}},"type":"binary-expr","locations":[{"start":{"line":29,"column":9},"end":{"line":29,"column":42}},{"start":{"line":29,"column":46},"end":{"line":29,"column":null}}],"line":29},"3":{"loc":{"start":{"line":34,"column":9},"end":{"line":34,"column":null}},"type":"binary-expr","locations":[{"start":{"line":34,"column":9},"end":{"line":34,"column":42}},{"start":{"line":34,"column":46},"end":{"line":34,"column":null}}],"line":34}},"s":{"0":1,"1":1,"2":40,"3":40,"4":33,"5":2,"6":15},"f":{"0":40,"1":33,"2":2,"3":15},"b":{"0":[40,2],"1":[35,5],"2":[33,0],"3":[2,0]},"meta":{"lastBranch":4,"lastFunction":4,"lastStatement":7,"seen":{"s:10:25:10:Infinity":0,"s:13:25:19:Infinity":1,"f:22:16:22:33":0,"s:23:12:23:Infinity":2,"b:23:19:23:22:23:26:23:28":0,"s:24:2:24:Infinity":3,"b:24:26:24:27:24:30:24:Infinity":1,"f:28:16:28:23":1,"s:29:2:29:Infinity":4,"b:29:9:29:42:29:46:29:Infinity":2,"f:33:16:33:24":2,"s:34:2:34:Infinity":5,"b:34:9:34:42:34:46:34:Infinity":3,"f:38:16:38:31":3,"s:39:2:39:Infinity":6},"fnNames":{}}}
,"/home/user/weissman-cybersecurity/frontend/src/lib/stableGeoFromLabel.js": {"path":"/home/user/weissman-cybersecurity/frontend/src/lib/stableGeoFromLabel.js","statementMap":{"0":{"start":{"line":5,"column":12},"end":{"line":5,"column":null}},"1":{"start":{"line":6,"column":2},"end":{"line":6,"column":null}},"2":{"start":{"line":6,"column":50},"end":{"line":6,"column":null}},"3":{"start":{"line":7,"column":2},"end":{"line":7,"column":null}},"4":{"start":{"line":7,"column":48},"end":{"line":7,"column":null}},"5":{"start":{"line":8,"column":2},"end":{"line":8,"column":null}},"6":{"start":{"line":8,"column":46},"end":{"line":8,"column":null}},"7":{"start":{"line":9,"column":2},"end":{"line":9,"column":null}},"8":{"start":{"line":9,"column":48},"end":{"line":9,"column":null}},"9":{"start":{"line":10,"column":2},"end":{"line":10,"column":null}},"10":{"start":{"line":10,"column":48},"end":{"line":10,"column":null}},"11":{"start":{"line":11,"column":10},"end":{"line":11,"column":null}},"12":{"start":{"line":12,"column":14},"end":{"line":12,"column":null}},"13":{"start":{"line":13,"column":2},"end":{"line":13,"column":null}},"14":{"start":{"line":13,"column":15},"end":{"line":13,"column":16}},"15":{"start":{"line":13,"column":39},"end":{"line":13,"column":null}},"16":{"start":{"line":14,"column":14},"end":{"line":14,"column":null}},"17":{"start":{"line":15,"column":14},"end":{"line":15,"column":null}},"18":{"start":{"line":16,"column":2},"end":{"line":16,"column":null}}},"fnMap":{"0":{"name":"stableGeoFromLabel","decl":{"start":{"line":4,"column":16},"end":{"line":4,"column":34}},"loc":{"start":{"line":4,"column":49},"end":{"line":17,"column":null}},"line":4}},"branchMap":{"0":{"loc":{"start":{"line":5,"column":13},"end":{"line":5,"column":31}},"type":"binary-expr","locations":[{"start":{"line":5,"column":13},"end":{"line":5,"column":25}},{"start":{"line":5,"column":29},"end":{"line":5,"column":31}}],"line":5},"1":{"loc":{"start":{"line":6,"column":2},"end":{"line":6,"column":null}},"type":"if","locations":[{"start":{"line":6,"column":2},"end":{"line":6,"column":null}},{"start":{},"end":{}}],"line":6},"2":{"loc":{"start":{"line":6,"column":6},"end":{"line":6,"column":48}},"type":"binary-expr","locations":[{"start":{"line":6,"column":6},"end":{"line":6,"column":25}},{"start":{"line":6,"column":29},"end":{"line":6,"column":48}}],"line":6},"3":{"loc":{"start":{"line":7,"column":2},"end":{"line":7,"column":null}},"type":"if","locations":[{"start":{"line":7,"column":2},"end":{"line":7,"column":null}},{"start":{},"end":{}}],"line":7},"4":{"loc":{"start":{"line":7,"column":6},"end":{"line":7,"column":46}},"type":"binary-expr","locations":[{"start":{"line":7,"column":6},"end":{"line":7,"column":22}},{"start":{"line":7,"column":26},"end":{"line":7,"column":46}}],"line":7},"5":{"loc":{"start":{"line":8,"column":2},"end":{"line":8,"column":null}},"type":"if","locations":[{"start":{"line":8,"column":2},"end":{"line":8,"column":null}},{"start":{},"end":{}}],"line":8},"6":{"loc":{"start":{"line":8,"column":6},"end":{"line":8,"column":44}},"type":"binary-expr","locations":[{"start":{"line":8,"column":6},"end":{"line":8,"column":24}},{"start":{"line":8,"column":28},"end":{"line":8,"column":44}}],"line":8},"7":{"loc":{"start":{"line":9,"column":2},"end":{"line":9,"column":null}},"type":"if","locations":[{"start":{"line":9,"column":2},"end":{"line":9,"column":null}},{"start":{},"end":{}}],"line":9},"8":{"loc":{"start":{"line":9,"column":6},"end":{"line":9,"column":46}},"type":"binary-expr","locations":[{"start":{"line":9,"column":6},"end":{"line":9,"column":22}},{"start":{"line":9,"column":26},"end":{"line":9,"column":46}}],"line":9},"9":{"loc":{"start":{"line":10,"column":2},"end":{"line":10,"column":null}},"type":"if","locations":[{"start":{"line":10,"column":2},"end":{"line":10,"column":null}},{"start":{},"end":{}}],"line":10},"10":{"loc":{"start":{"line":10,"column":6},"end":{"line":10,"column":46}},"type":"binary-expr","locations":[{"start":{"line":10,"column":6},"end":{"line":10,"column":22}},{"start":{"line":10,"column":26},"end":{"line":10,"column":46}}],"line":10},"11":{"loc":{"start":{"line":12,"column":14},"end":{"line":12,"column":null}},"type":"binary-expr","locations":[{"start":{"line":12,"column":14},"end":{"line":12,"column":15}},{"start":{"line":12,"column":19},"end":{"line":12,"column":null}}],"line":12}},"s":{"0":5,"1":5,"2":0,"3":5,"4":0,"5":5,"6":0,"7":5,"8":0,"9":5,"10":1,"11":4,"12":4,"13":5,"14":5,"15":8,"16":4,"17":4,"18":4},"f":{"0":5},"b":{"0":[5,0],"1":[0,5],"2":[5,5],"3":[0,5],"4":[5,5],"5":[0,5],"6":[5,5],"7":[0,5],"8":[5,5],"9":[1,4],"10":[5,5],"11":[4,0]},"meta":{"lastBranch":12,"lastFunction":1,"lastStatement":19,"seen":{"f:4:16:4:34":0,"s:5:12:5:Infinity":0,"b:5:13:5:25:5:29:5:31":0,"b:6:2:6:Infinity:undefined:undefined:undefined:undefined":1,"s:6:2:6:Infinity":1,"b:6:6:6:25:6:29:6:48":2,"s:6:50:6:Infinity":2,"b:7:2:7:Infinity:undefined:undefined:undefined:undefined":3,"s:7:2:7:Infinity":3,"b:7:6:7:22:7:26:7:46":4,"s:7:48:7:Infinity":4,"b:8:2:8:Infinity:undefined:undefined:undefined:undefined":5,"s:8:2:8:Infinity":5,"b:8:6:8:24:8:28:8:44":6,"s:8:46:8:Infinity":6,"b:9:2:9:Infinity:undefined:undefined:undefined:undefined":7,"s:9:2:9:Infinity":7,"b:9:6:9:22:9:26:9:46":8,"s:9:48:9:Infinity":8,"b:10:2:10:Infinity:undefined:undefined:undefined:undefined":9,"s:10:2:10:Infinity":9,"b:10:6:10:22:10:26:10:46":10,"s:10:48:10:Infinity":10,"s:11:10:11:Infinity":11,"s:12:14:12:Infinity":12,"b:12:14:12:15:12:19:12:Infinity":11,"s:13:2:13:Infinity":13,"s:13:15:13:16":14,"s:13:39:13:Infinity":15,"s:14:14:14:Infinity":16,"s:15:14:15:Infinity":17,"s:16:2:16:Infinity":18},"fnNames":{}}}
,"/home/user/weissman-cybersecurity/frontend/src/lib/strategicEngineProgram.js": {"path":"/home/user/weissman-cybersecurity/frontend/src/lib/strategicEngineProgram.js","statementMap":{"0":{"start":{"line":1,"column":40},"end":{"line":98,"column":null}},"1":{"start":{"line":101,"column":2},"end":{"line":101,"column":null}},"2":{"start":{"line":101,"column":48},"end":{"line":101,"column":71}}},"fnMap":{"0":{"name":"strategicEnginesNeedingDedicatedPage","decl":{"start":{"line":100,"column":16},"end":{"line":100,"column":52}},"loc":{"start":{"line":100,"column":55},"end":{"line":102,"column":null}},"line":100},"1":{"name":"(anonymous_1)","decl":{"start":{"line":101,"column":41},"end":{"line":101,"column":42}},"loc":{"start":{"line":101,"column":48},"end":{"line":101,"column":71}},"line":101}},"branchMap":{},"s":{"0":2,"1":2,"2":24},"f":{"0":2,"1":24},"b":{},"meta":{"lastBranch":0,"lastFunction":2,"lastStatement":3,"seen":{"s:1:40:98:Infinity":0,"f:100:16:100:52":0,"s:101:2:101:Infinity":1,"f:101:41:101:42":1,"s:101:48:101:71":2},"fnNames":{}}}
,"/home/user/weissman-cybersecurity/frontend/src/lib/suppressionStatus.js": {"path":"/home/user/weissman-cybersecurity/frontend/src/lib/suppressionStatus.js","statementMap":{"0":{"start":{"line":9,"column":23},"end":{"line":9,"column":37}},"1":{"start":{"line":13,"column":2},"end":{"line":13,"column":null}},"2":{"start":{"line":18,"column":2},"end":{"line":18,"column":null}},"3":{"start":{"line":18,"column":29},"end":{"line":18,"column":null}},"4":{"start":{"line":19,"column":13},"end":{"line":19,"column":null}},"5":{"start":{"line":20,"column":2},"end":{"line":20,"column":null}},"6":{"start":{"line":25,"column":2},"end":{"line":25,"column":null}},"7":{"start":{"line":25,"column":25},"end":{"line":25,"column":null}},"8":{"start":{"line":26,"column":2},"end":{"line":26,"column":null}},"9":{"start":{"line":26,"column":30},"end":{"line":26,"column":null}},"10":{"start":{"line":27,"column":2},"end":{"line":27,"column":null}}},"fnMap":{"0":{"name":"isExpired","decl":{"start":{"line":12,"column":16},"end":{"line":12,"column":25}},"loc":{"start":{"line":12,"column":47},"end":{"line":14,"column":null}},"line":12},"1":{"name":"isExpiringSoon","decl":{"start":{"line":17,"column":16},"end":{"line":17,"column":30}},"loc":{"start":{"line":17,"column":52},"end":{"line":21,"column":null}},"line":17},"2":{"name":"suppressionStatus","decl":{"start":{"line":24,"column":16},"end":{"line":24,"column":33}},"loc":{"start":{"line":24,"column":55},"end":{"line":28,"column":null}},"line":24}},"branchMap":{"0":{"loc":{"start":{"line":12,"column":29},"end":{"line":12,"column":45}},"type":"default-arg","locations":[{"start":{"line":12,"column":35},"end":{"line":12,"column":45}}],"line":12},"1":{"loc":{"start":{"line":13,"column":9},"end":{"line":13,"column":null}},"type":"binary-expr","locations":[{"start":{"line":13,"column":9},"end":{"line":13,"column":30}},{"start":{"line":13,"column":34},"end":{"line":13,"column":null}}],"line":13},"2":{"loc":{"start":{"line":17,"column":34},"end":{"line":17,"column":50}},"type":"default-arg","locations":[{"start":{"line":17,"column":40},"end":{"line":17,"column":50}}],"line":17},"3":{"loc":{"start":{"line":18,"column":2},"end":{"line":18,"column":null}},"type":"if","locations":[{"start":{"line":18,"column":2},"end":{"line":18,"column":null}},{"start":{},"end":{}}],"line":18},"4":{"loc":{"start":{"line":20,"column":9},"end":{"line":20,"column":null}},"type":"binary-expr","locations":[{"start":{"line":20,"column":9},"end":{"line":20,"column":15}},{"start":{"line":20,"column":19},"end":{"line":20,"column":null}}],"line":20},"5":{"loc":{"start":{"line":24,"column":37},"end":{"line":24,"column":53}},"type":"default-arg","locations":[{"start":{"line":24,"column":43},"end":{"line":24,"column":53}}],"line":24},"6":{"loc":{"start":{"line":25,"column":2},"end":{"line":25,"column":null}},"type":"if","locations":[{"start":{"line":25,"column":2},"end":{"line":25,"column":null}},{"start":{},"end":{}}],"line":25},"7":{"loc":{"start":{"line":26,"column":2},"end":{"line":26,"column":null}},"type":"if","locations":[{"start":{"line":26,"column":2},"end":{"line":26,"column":null}},{"start":{},"end":{}}],"line":26}},"s":{"0":1,"1":8,"2":9,"3":2,"4":7,"5":7,"6":4,"7":1,"8":3,"9":1,"10":2},"f":{"0":8,"1":9,"2":4},"b":{"0":[8],"1":[8,6],"2":[9],"3":[2,7],"4":[7,5],"5":[4],"6":[1,3],"7":[1,2]},"meta":{"lastBranch":8,"lastFunction":3,"lastStatement":11,"seen":{"s:9:23:9:37":0,"f:12:16:12:25":0,"b:12:35:12:45":0,"s:13:2:13:Infinity":1,"b:13:9:13:30:13:34:13:Infinity":1,"f:17:16:17:30":1,"b:17:40:17:50":2,"b:18:2:18:Infinity:undefined:undefined:undefined:undefined":3,"s:18:2:18:Infinity":2,"s:18:29:18:Infinity":3,"s:19:13:19:Infinity":4,"s:20:2:20:Infinity":5,"b:20:9:20:15:20:19:20:Infinity":4,"f:24:16:24:33":2,"b:24:43:24:53":5,"b:25:2:25:Infinity:undefined:undefined:undefined:undefined":6,"s:25:2:25:Infinity":6,"s:25:25:25:Infinity":7,"b:26:2:26:Infinity:undefined:undefined:undefined:undefined":7,"s:26:2:26:Infinity":8,"s:26:30:26:Infinity":9,"s:27:2:27:Infinity":10},"fnNames":{}}}
,"/home/user/weissman-cybersecurity/frontend/src/lib/topTierEngineProfiles.js": {"path":"/home/user/weissman-cybersecurity/frontend/src/lib/topTierEngineProfiles.js","statementMap":{"0":{"start":{"line":3,"column":35},"end":{"line":34,"column":null}},"1":{"start":{"line":36,"column":30},"end":{"line":40,"column":null}},"2":{"start":{"line":42,"column":17},"end":{"line":368,"column":null}},"3":{"start":{"line":371,"column":21},"end":{"line":371,"column":null}},"4":{"start":{"line":372,"column":18},"end":{"line":372,"column":null}},"5":{"start":{"line":373,"column":2},"end":{"line":373,"column":null}},"6":{"start":{"line":373,"column":31},"end":{"line":373,"column":null}},"7":{"start":{"line":374,"column":2},"end":{"line":381,"column":null}},"8":{"start":{"line":385,"column":2},"end":{"line":385,"column":null}}},"fnMap":{"0":{"name":"getTopTierProfile","decl":{"start":{"line":370,"column":16},"end":{"line":370,"column":33}},"loc":{"start":{"line":370,"column":44},"end":{"line":382,"column":null}},"line":370},"1":{"name":"isTopTierEngine","decl":{"start":{"line":384,"column":16},"end":{"line":384,"column":31}},"loc":{"start":{"line":384,"column":42},"end":{"line":386,"column":null}},"line":384}},"branchMap":{"0":{"loc":{"start":{"line":371,"column":21},"end":{"line":371,"column":null}},"type":"binary-expr","locations":[{"start":{"line":371,"column":21},"end":{"line":371,"column":44}},{"start":{"line":371,"column":48},"end":{"line":371,"column":null}}],"line":371},"1":{"loc":{"start":{"line":372,"column":18},"end":{"line":372,"column":null}},"type":"binary-expr","locations":[{"start":{"line":372,"column":18},"end":{"line":372,"column":36}},{"start":{"line":372,"column":40},"end":{"line":372,"column":null}}],"line":372},"2":{"loc":{"start":{"line":373,"column":2},"end":{"line":373,"column":null}},"type":"if","locations":[{"start":{"line":373,"column":2},"end":{"line":373,"column":null}},{"start":{},"end":{}}],"line":373},"3":{"loc":{"start":{"line":373,"column":6},"end":{"line":373,"column":29}},"type":"binary-expr","locations":[{"start":{"line":373,"column":6},"end":{"line":373,"column":14}},{"start":{"line":373,"column":18},"end":{"line":373,"column":29}}],"line":373}},"s":{"0":2,"1":2,"2":2,"3":1,"4":1,"5":1,"6":0,"7":1,"8":2},"f":{"0":1,"1":2},"b":{"0":[1,0],"1":[1,0],"2":[0,1],"3":[1,1]},"meta":{"lastBranch":4,"lastFunction":2,"lastStatement":9,"seen":{"s:3:35:34:Infinity":0,"s:36:30:40:Infinity":1,"s:42:17:368:Infinity":2,"f:370:16:370:33":0,"s:371:21:371:Infinity":3,"b:371:21:371:44:371:48:371:Infinity":0,"s:372:18:372:Infinity":4,"b:372:18:372:36:372:40:372:Infinity":1,"b:373:2:373:Infinity:undefined:undefined:undefined:undefined":2,"s:373:2:373:Infinity":5,"b:373:6:373:14:373:18:373:29":3,"s:373:31:373:Infinity":6,"s:374:2:381:Infinity":7,"f:384:16:384:31":1,"s:385:2:385:Infinity":8},"fnNames":{}}}
,"/home/user/weissman-cybersecurity/frontend/src/utils/safeUrl.js": {"path":"/home/user/weissman-cybersecurity/frontend/src/utils/safeUrl.js","statementMap":{"0":{"start":{"line":6,"column":2},"end":{"line":6,"column":null}},"1":{"start":{"line":6,"column":56},"end":{"line":6,"column":null}},"2":{"start":{"line":7,"column":2},"end":{"line":12,"column":null}},"3":{"start":{"line":8,"column":14},"end":{"line":8,"column":null}},"4":{"start":{"line":9,"column":4},"end":{"line":9,"column":null}},"5":{"start":{"line":11,"column":4},"end":{"line":11,"column":null}},"6":{"start":{"line":18,"column":2},"end":{"line":18,"column":null}}},"fnMap":{"0":{"name":"isHttpUrl","decl":{"start":{"line":5,"column":16},"end":{"line":5,"column":25}},"loc":{"start":{"line":5,"column":33},"end":{"line":13,"column":null}},"line":5},"1":{"name":"safeHttpHref","decl":{"start":{"line":17,"column":16},"end":{"line":17,"column":28}},"loc":{"start":{"line":17,"column":36},"end":{"line":19,"column":null}},"line":17}},"branchMap":{"0":{"loc":{"start":{"line":6,"column":2},"end":{"line":6,"column":null}},"type":"if","locations":[{"start":{"line":6,"column":2},"end":{"line":6,"column":null}},{"start":{},"end":{}}],"line":6},"1":{"loc":{"start":{"line":6,"column":6},"end":{"line":6,"column":54}},"type":"binary-expr","locations":[{"start":{"line":6,"column":6},"end":{"line":6,"column":31}},{"start":{"line":6,"column":35},"end":{"line":6,"column":54}}],"line":6},"2":{"loc":{"start":{"line":9,"column":11},"end":{"line":9,"column":null}},"type":"binary-expr","locations":[{"start":{"line":9,"column":11},"end":{"line":9,"column":33}},{"start":{"line":9,"column":37},"end":{"line":9,"column":null}}],"line":9},"3":{"loc":{"start":{"line":18,"column":9},"end":{"line":18,"column":null}},"type":"cond-expr","locations":[{"start":{"line":18,"column":28},"end":{"line":18,"column":33}},{"start":{"line":18,"column":36},"end":{"line":18,"column":null}}],"line":18}},"s":{"0":14,"1":5,"2":9,"3":9,"4":9,"5":0,"6":2},"f":{"0":14,"1":2},"b":{"0":[5,9],"1":[14,11],"2":[9,8],"3":[1,1]},"meta":{"lastBranch":4,"lastFunction":2,"lastStatement":7,"seen":{"f:5:16:5:25":0,"b:6:2:6:Infinity:undefined:undefined:undefined:undefined":0,"s:6:2:6:Infinity":0,"b:6:6:6:31:6:35:6:54":1,"s:6:56:6:Infinity":1,"s:7:2:12:Infinity":2,"s:8:14:8:Infinity":3,"s:9:4:9:Infinity":4,"b:9:11:9:33:9:37:9:Infinity":2,"s:11:4:11:Infinity":5,"f:17:16:17:28":1,"s:18:2:18:Infinity":6,"b:18:28:18:33:18:36:18:Infinity":3},"fnNames":{}}}
}
